2023-06-01 20:09:31.365 [info] Log level: Info
2023-06-01 20:09:31.365 [info] Validating found git in: "git"
2023-06-01 20:09:31.365 [info] Using git "2.7.4" from "git"
2023-06-01 20:09:31.365 [info] > git rev-parse --show-toplevel [70ms]
2023-06-01 20:09:31.365 [info] > git rev-parse --git-dir --git-common-dir [3ms]
2023-06-01 20:09:31.365 [info] Open repository: /mnt/disk1/sework/raed_maklai/volatile_configs
2023-06-01 20:09:31.365 [info] > git rev-parse --show-toplevel [4ms]
2023-06-01 20:09:31.365 [info] > git config --get commit.template [8ms]
2023-06-01 20:09:31.365 [info] > git rev-parse --show-toplevel [6ms]
2023-06-01 20:09:31.365 [info] > git rev-parse --show-toplevel [3ms]
2023-06-01 20:09:31.365 [info] > git rev-parse --show-toplevel [2ms]
2023-06-01 20:09:31.365 [info] > git rev-parse --show-toplevel [3ms]
2023-06-01 20:09:31.365 [info] > git rev-parse --show-toplevel [3ms]
2023-06-01 20:09:31.365 [info] > git rev-parse --show-toplevel [2ms]
2023-06-01 20:09:31.365 [info] > git rev-parse --show-toplevel [3ms]
2023-06-01 20:09:31.365 [info] > git rev-parse --show-toplevel [2ms]
2023-06-01 20:09:31.365 [info] > git rev-parse --show-toplevel [2ms]
2023-06-01 20:09:31.365 [info] > git rev-parse --show-toplevel [2ms]
2023-06-01 20:09:31.365 [info] > git rev-parse --show-toplevel [3ms]
2023-06-01 20:09:31.365 [info] > git for-each-ref --format=%(refname)%00%(upstream:short)%00%(objectname)%00%(upstream:track) refs/heads/master refs/remotes/master [427ms]
2023-06-01 20:09:31.365 [info] > git status -z -uall [165ms]
2023-06-01 20:09:31.365 [info] > git config --get commit.template [5ms]
2023-06-01 20:09:31.440 [info] > git for-each-ref --format=%(refname)%00%(upstream:short)%00%(objectname)%00%(upstream:track) refs/heads/master refs/remotes/master [426ms]
2023-06-01 20:09:31.574 [info] > git status -z -uall [128ms]
2023-06-01 20:09:32.749 [info] > git config --local branch.master.github-pr-owner-number [95ms]
2023-06-01 20:09:32.763 [info] > git config --get commit.template [7ms]
2023-06-01 20:09:33.214 [info] > git for-each-ref --format=%(refname)%00%(upstream:short)%00%(objectname)%00%(upstream:track) refs/heads/master refs/remotes/master [453ms]
2023-06-01 20:09:33.357 [info] > git status -z -uall [138ms]
2023-06-01 20:09:35.422 [info] > git show --textconv 677015d02a08a459106b4ef4997799241245c32e:deployments/enerquip2.json [52ms]
2023-06-01 20:09:35.985 [info] > git rev-parse --show-toplevel [7ms]
2023-06-01 20:09:37.808 [info] > git rev-parse --show-toplevel [6ms]
2023-06-01 20:09:38.344 [info] > git rev-parse --show-toplevel [13ms]
2023-06-01 20:09:45.645 [info] > git fetch rtkwlf master [10923ms]
2023-06-01 20:09:45.646 [info] From github.com:rtkwlf/volatile_configs
 * branch            master     -> FETCH_HEAD
   14bb82e..e16a1d4  master     -> rtkwlf/master
2023-06-01 20:09:45.661 [info] > git config --get commit.template [8ms]
2023-06-01 20:09:46.125 [info] > git for-each-ref --format=%(refname)%00%(upstream:short)%00%(objectname)%00%(upstream:track) refs/heads/master refs/remotes/master [468ms]
2023-06-01 20:09:46.248 [info] > git status -z -uall [117ms]
2023-06-01 20:09:46.347 [info] > git rev-parse --show-toplevel [10ms]
2023-06-01 20:09:46.593 [info] > git rev-parse --show-toplevel [13ms]
2023-06-01 20:09:50.260 [info] > git rev-parse --show-toplevel [3ms]
2023-06-01 20:09:50.782 [info] > git config --get commit.template [23ms]
2023-06-01 20:09:51.223 [info] > git for-each-ref --format=%(refname)%00%(upstream:short)%00%(objectname)%00%(upstream:track) refs/heads/master refs/remotes/master [457ms]
2023-06-01 20:09:51.359 [info] > git status -z -uall [128ms]
2023-06-01 20:09:52.132 [info] > git rev-parse --show-toplevel [7ms]
2023-06-01 20:14:31.857 [info] > git config --local branch.master.github-pr-owner-number [8ms]
2023-06-01 20:14:31.873 [info] > git config --get commit.template [7ms]
2023-06-01 20:14:32.342 [info] > git for-each-ref --format=%(refname)%00%(upstream:short)%00%(objectname)%00%(upstream:track) refs/heads/master refs/remotes/master [473ms]
2023-06-01 20:14:32.474 [info] > git status -z -uall [126ms]
2023-06-01 20:14:33.256 [info] > git rev-parse --show-toplevel [13ms]
2023-06-01 20:19:32.488 [info] > git config --local branch.master.github-pr-owner-number [3ms]
2023-06-01 20:19:32.505 [info] > git config --get commit.template [10ms]
2023-06-01 20:19:32.965 [info] > git for-each-ref --format=%(refname)%00%(upstream:short)%00%(objectname)%00%(upstream:track) refs/heads/master refs/remotes/master [465ms]
2023-06-01 20:19:33.090 [info] > git status -z -uall [119ms]
2023-06-01 20:19:33.877 [info] > git rev-parse --show-toplevel [8ms]
2023-06-01 20:24:33.106 [info] > git config --local branch.master.github-pr-owner-number [3ms]
2023-06-01 20:24:33.124 [info] > git config --get commit.template [11ms]
2023-06-01 20:24:33.591 [info] > git for-each-ref --format=%(refname)%00%(upstream:short)%00%(objectname)%00%(upstream:track) refs/heads/master refs/remotes/master [473ms]
2023-06-01 20:24:33.721 [info] > git status -z -uall [122ms]
2023-06-01 20:24:34.493 [info] > git rev-parse --show-toplevel [9ms]
2023-06-01 20:29:33.734 [info] > git config --local branch.master.github-pr-owner-number [3ms]
2023-06-01 20:29:33.751 [info] > git config --get commit.template [10ms]
2023-06-01 20:29:34.214 [info] > git for-each-ref --format=%(refname)%00%(upstream:short)%00%(objectname)%00%(upstream:track) refs/heads/master refs/remotes/master [469ms]
2023-06-01 20:29:34.343 [info] > git status -z -uall [123ms]
2023-06-01 20:29:41.595 [info] > git rev-parse --show-toplevel [10ms]
2023-06-01 20:34:34.357 [info] > git config --local branch.master.github-pr-owner-number [4ms]
2023-06-01 20:34:34.374 [info] > git config --get commit.template [9ms]
2023-06-01 20:34:34.834 [info] > git for-each-ref --format=%(refname)%00%(upstream:short)%00%(objectname)%00%(upstream:track) refs/heads/master refs/remotes/master [466ms]
2023-06-01 20:34:34.960 [info] > git status -z -uall [120ms]
2023-06-01 20:34:41.388 [info] > git rev-parse --show-toplevel [9ms]
2023-06-01 20:39:34.974 [info] > git config --local branch.master.github-pr-owner-number [3ms]
2023-06-01 20:39:34.991 [info] > git config --get commit.template [10ms]
2023-06-01 20:39:35.457 [info] > git for-each-ref --format=%(refname)%00%(upstream:short)%00%(objectname)%00%(upstream:track) refs/heads/master refs/remotes/master [473ms]
2023-06-01 20:39:35.587 [info] > git status -z -uall [124ms]
2023-06-01 20:39:36.360 [info] > git rev-parse --show-toplevel [12ms]
2023-06-01 20:44:35.603 [info] > git config --local branch.master.github-pr-owner-number [3ms]
2023-06-01 20:44:35.623 [info] > git config --get commit.template [12ms]
2023-06-01 20:44:36.089 [info] > git for-each-ref --format=%(refname)%00%(upstream:short)%00%(objectname)%00%(upstream:track) refs/heads/master refs/remotes/master [473ms]
2023-06-01 20:44:36.220 [info] > git status -z -uall [125ms]
2023-06-01 20:44:36.871 [info] > git rev-parse --show-toplevel [10ms]
2023-06-01 20:44:38.292 [info] > git rev-parse --show-toplevel [9ms]
2023-06-01 20:49:36.234 [info] > git config --local branch.master.github-pr-owner-number [3ms]
2023-06-01 20:49:36.255 [info] > git config --get commit.template [10ms]
2023-06-01 20:49:36.729 [info] > git for-each-ref --format=%(refname)%00%(upstream:short)%00%(objectname)%00%(upstream:track) refs/heads/master refs/remotes/master [479ms]
2023-06-01 20:49:36.861 [info] > git status -z -uall [126ms]
2023-06-01 20:49:37.971 [info] > git rev-parse --show-toplevel [8ms]
2023-06-01 20:54:36.877 [info] > git config --local branch.master.github-pr-owner-number [4ms]
2023-06-01 20:54:36.896 [info] > git config --get commit.template [10ms]
2023-06-01 20:54:37.373 [info] > git for-each-ref --format=%(refname)%00%(upstream:short)%00%(objectname)%00%(upstream:track) refs/heads/master refs/remotes/master [483ms]
2023-06-01 20:54:37.510 [info] > git status -z -uall [130ms]
2023-06-01 20:54:41.308 [info] > git rev-parse --show-toplevel [9ms]
2023-06-01 20:59:37.521 [info] > git config --local branch.master.github-pr-owner-number [3ms]
2023-06-01 20:59:37.539 [info] > git config --get commit.template [10ms]
2023-06-01 20:59:38.008 [info] > git for-each-ref --format=%(refname)%00%(upstream:short)%00%(objectname)%00%(upstream:track) refs/heads/master refs/remotes/master [475ms]
2023-06-01 20:59:38.140 [info] > git status -z -uall [126ms]
2023-06-01 20:59:38.899 [info] > git rev-parse --show-toplevel [8ms]
2023-06-01 21:04:38.163 [info] > git config --local branch.master.github-pr-owner-number [7ms]
2023-06-01 21:04:38.187 [info] > git config --get commit.template [18ms]
2023-06-01 21:04:38.655 [info] > git for-each-ref --format=%(refname)%00%(upstream:short)%00%(objectname)%00%(upstream:track) refs/heads/master refs/remotes/master [481ms]
2023-06-01 21:04:38.791 [info] > git status -z -uall [129ms]
2023-06-01 21:04:39.559 [info] > git rev-parse --show-toplevel [11ms]
2023-06-01 21:09:38.808 [info] > git config --local branch.master.github-pr-owner-number [6ms]
2023-06-01 21:09:38.832 [info] > git config --get commit.template [15ms]
2023-06-01 21:09:39.310 [info] > git for-each-ref --format=%(refname)%00%(upstream:short)%00%(objectname)%00%(upstream:track) refs/heads/master refs/remotes/master [490ms]
2023-06-01 21:09:39.459 [info] > git status -z -uall [142ms]
2023-06-01 21:09:40.238 [info] > git rev-parse --show-toplevel [28ms]
2023-06-01 21:14:39.479 [info] > git config --local branch.master.github-pr-owner-number [7ms]
2023-06-01 21:14:39.498 [info] > git config --get commit.template [13ms]
2023-06-01 21:14:39.963 [info] > git for-each-ref --format=%(refname)%00%(upstream:short)%00%(objectname)%00%(upstream:track) refs/heads/master refs/remotes/master [474ms]
2023-06-01 21:14:40.094 [info] > git status -z -uall [125ms]
2023-06-01 21:14:40.916 [info] > git rev-parse --show-toplevel [11ms]
2023-06-01 21:19:40.110 [info] > git config --local branch.master.github-pr-owner-number [4ms]
2023-06-01 21:19:40.127 [info] > git config --get commit.template [10ms]
2023-06-01 21:19:40.598 [info] > git for-each-ref --format=%(refname)%00%(upstream:short)%00%(objectname)%00%(upstream:track) refs/heads/master refs/remotes/master [477ms]
2023-06-01 21:19:40.734 [info] > git status -z -uall [129ms]
2023-06-01 21:20:41.291 [info] > git rev-parse --show-toplevel [3ms]
2023-06-01 21:24:40.749 [info] > git config --local branch.master.github-pr-owner-number [3ms]
2023-06-01 21:24:40.766 [info] > git config --get commit.template [9ms]
2023-06-01 21:24:41.236 [info] > git for-each-ref --format=%(refname)%00%(upstream:short)%00%(objectname)%00%(upstream:track) refs/heads/master refs/remotes/master [476ms]
2023-06-01 21:24:41.369 [info] > git status -z -uall [127ms]
2023-06-01 21:25:40.914 [info] > git rev-parse --show-toplevel [3ms]
2023-06-01 21:29:41.383 [info] > git config --local branch.master.github-pr-owner-number [3ms]
2023-06-01 21:29:41.400 [info] > git config --get commit.template [10ms]
2023-06-01 21:29:41.870 [info] > git for-each-ref --format=%(refname)%00%(upstream:short)%00%(objectname)%00%(upstream:track) refs/heads/master refs/remotes/master [475ms]
2023-06-01 21:29:41.998 [info] > git status -z -uall [122ms]
2023-06-01 21:30:41.304 [info] > git rev-parse --show-toplevel [2ms]
2023-06-01 21:34:42.013 [info] > git config --local branch.master.github-pr-owner-number [3ms]
2023-06-01 21:34:42.029 [info] > git config --get commit.template [10ms]
2023-06-01 21:34:42.494 [info] > git for-each-ref --format=%(refname)%00%(upstream:short)%00%(objectname)%00%(upstream:track) refs/heads/master refs/remotes/master [471ms]
2023-06-01 21:34:42.624 [info] > git status -z -uall [124ms]
2023-06-01 21:35:41.313 [info] > git rev-parse --show-toplevel [3ms]
2023-06-01 21:39:42.638 [info] > git config --local branch.master.github-pr-owner-number [4ms]
2023-06-01 21:39:42.656 [info] > git config --get commit.template [11ms]
2023-06-01 21:39:43.125 [info] > git for-each-ref --format=%(refname)%00%(upstream:short)%00%(objectname)%00%(upstream:track) refs/heads/master refs/remotes/master [475ms]
2023-06-01 21:39:43.255 [info] > git status -z -uall [124ms]
2023-06-01 21:40:41.565 [info] > git rev-parse --show-toplevel [3ms]
2023-06-01 21:44:43.269 [info] > git config --local branch.master.github-pr-owner-number [3ms]
2023-06-01 21:44:43.295 [info] > git config --get commit.template [19ms]
2023-06-01 21:44:43.764 [info] > git for-each-ref --format=%(refname)%00%(upstream:short)%00%(objectname)%00%(upstream:track) refs/heads/master refs/remotes/master [483ms]
2023-06-01 21:44:43.897 [info] > git status -z -uall [127ms]
2023-06-01 21:45:41.797 [info] > git rev-parse --show-toplevel [3ms]
2023-06-01 21:49:43.912 [info] > git config --local branch.master.github-pr-owner-number [4ms]
2023-06-01 21:49:43.930 [info] > git config --get commit.template [11ms]
2023-06-01 21:49:44.404 [info] > git for-each-ref --format=%(refname)%00%(upstream:short)%00%(objectname)%00%(upstream:track) refs/heads/master refs/remotes/master [481ms]
2023-06-01 21:49:44.535 [info] > git status -z -uall [124ms]
2023-06-01 21:50:41.799 [info] > git rev-parse --show-toplevel [2ms]
2023-06-01 21:54:44.548 [info] > git config --local branch.master.github-pr-owner-number [3ms]
2023-06-01 21:54:44.566 [info] > git config --get commit.template [10ms]
2023-06-01 21:54:45.038 [info] > git for-each-ref --format=%(refname)%00%(upstream:short)%00%(objectname)%00%(upstream:track) refs/heads/master refs/remotes/master [479ms]
2023-06-01 21:54:45.182 [info] > git status -z -uall [137ms]
2023-06-01 21:59:45.196 [info] > git config --local branch.master.github-pr-owner-number [3ms]
2023-06-01 21:59:45.213 [info] > git config --get commit.template [10ms]
2023-06-01 21:59:45.688 [info] > git for-each-ref --format=%(refname)%00%(upstream:short)%00%(objectname)%00%(upstream:track) refs/heads/master refs/remotes/master [481ms]
2023-06-01 21:59:45.817 [info] > git status -z -uall [122ms]
2023-06-01 22:04:45.832 [info] > git config --local branch.master.github-pr-owner-number [2ms]
2023-06-01 22:04:45.849 [info] > git config --get commit.template [11ms]
2023-06-01 22:04:46.321 [info] > git for-each-ref --format=%(refname)%00%(upstream:short)%00%(objectname)%00%(upstream:track) refs/heads/master refs/remotes/master [478ms]
2023-06-01 22:04:46.447 [info] > git status -z -uall [120ms]
2023-06-01 22:09:46.465 [info] > git config --local branch.master.github-pr-owner-number [3ms]
2023-06-01 22:09:46.484 [info] > git config --get commit.template [12ms]
2023-06-01 22:09:46.962 [info] > git for-each-ref --format=%(refname)%00%(upstream:short)%00%(objectname)%00%(upstream:track) refs/heads/master refs/remotes/master [486ms]
2023-06-01 22:09:47.090 [info] > git status -z -uall [121ms]
2023-06-01 22:14:47.104 [info] > git config --local branch.master.github-pr-owner-number [3ms]
2023-06-01 22:14:47.122 [info] > git config --get commit.template [11ms]
2023-06-01 22:14:47.597 [info] > git for-each-ref --format=%(refname)%00%(upstream:short)%00%(objectname)%00%(upstream:track) refs/heads/master refs/remotes/master [482ms]
2023-06-01 22:14:47.728 [info] > git status -z -uall [124ms]
2023-06-01 22:19:47.743 [info] > git config --local branch.master.github-pr-owner-number [3ms]
2023-06-01 22:19:47.761 [info] > git config --get commit.template [11ms]
2023-06-01 22:19:48.242 [info] > git for-each-ref --format=%(refname)%00%(upstream:short)%00%(objectname)%00%(upstream:track) refs/heads/master refs/remotes/master [487ms]
2023-06-01 22:19:48.379 [info] > git status -z -uall [131ms]
2023-06-01 22:24:48.399 [info] > git config --local branch.master.github-pr-owner-number [5ms]
2023-06-01 22:24:48.417 [info] > git config --get commit.template [10ms]
2023-06-01 22:24:48.892 [info] > git for-each-ref --format=%(refname)%00%(upstream:short)%00%(objectname)%00%(upstream:track) refs/heads/master refs/remotes/master [481ms]
2023-06-01 22:24:49.016 [info] > git status -z -uall [118ms]
2023-06-01 22:29:49.031 [info] > git config --local branch.master.github-pr-owner-number [3ms]
2023-06-01 22:29:49.050 [info] > git config --get commit.template [11ms]
2023-06-01 22:29:49.533 [info] > git for-each-ref --format=%(refname)%00%(upstream:short)%00%(objectname)%00%(upstream:track) refs/heads/master refs/remotes/master [488ms]
2023-06-01 22:29:49.661 [info] > git status -z -uall [121ms]
2023-06-01 22:34:49.682 [info] > git config --local branch.master.github-pr-owner-number [6ms]
2023-06-01 22:34:49.712 [info] > git config --get commit.template [22ms]
2023-06-01 22:34:50.177 [info] > git for-each-ref --format=%(refname)%00%(upstream:short)%00%(objectname)%00%(upstream:track) refs/heads/master refs/remotes/master [484ms]
2023-06-01 22:34:50.308 [info] > git status -z -uall [125ms]
2023-06-01 22:39:50.329 [info] > git config --local branch.master.github-pr-owner-number [7ms]
2023-06-01 22:39:50.351 [info] > git config --get commit.template [15ms]
2023-06-01 22:39:50.820 [info] > git for-each-ref --format=%(refname)%00%(upstream:short)%00%(objectname)%00%(upstream:track) refs/heads/master refs/remotes/master [480ms]
2023-06-01 22:39:50.952 [info] > git status -z -uall [125ms]
2023-06-01 22:44:50.983 [info] > git config --local branch.master.github-pr-owner-number [13ms]
2023-06-01 22:44:51.017 [info] > git config --get commit.template [26ms]
2023-06-01 22:44:51.482 [info] > git for-each-ref --format=%(refname)%00%(upstream:short)%00%(objectname)%00%(upstream:track) refs/heads/master refs/remotes/master [487ms]
2023-06-01 22:44:51.628 [info] > git status -z -uall [140ms]
2023-06-01 22:49:51.644 [info] > git config --local branch.master.github-pr-owner-number [5ms]
2023-06-01 22:49:51.662 [info] > git config --get commit.template [11ms]
2023-06-01 22:49:52.148 [info] > git for-each-ref --format=%(refname)%00%(upstream:short)%00%(objectname)%00%(upstream:track) refs/heads/master refs/remotes/master [492ms]
2023-06-01 22:49:52.283 [info] > git status -z -uall [129ms]
2023-06-01 22:54:52.297 [info] > git config --local branch.master.github-pr-owner-number [3ms]
2023-06-01 22:54:52.315 [info] > git config --get commit.template [10ms]
2023-06-01 22:54:52.799 [info] > git for-each-ref --format=%(refname)%00%(upstream:short)%00%(objectname)%00%(upstream:track) refs/heads/master refs/remotes/master [490ms]
2023-06-01 22:54:52.924 [info] > git status -z -uall [118ms]
2023-06-01 22:59:52.938 [info] > git config --local branch.master.github-pr-owner-number [3ms]
2023-06-01 22:59:52.954 [info] > git config --get commit.template [9ms]
2023-06-01 22:59:53.428 [info] > git for-each-ref --format=%(refname)%00%(upstream:short)%00%(objectname)%00%(upstream:track) refs/heads/master refs/remotes/master [479ms]
2023-06-01 22:59:53.555 [info] > git status -z -uall [121ms]
2023-06-01 23:04:53.568 [info] > git config --local branch.master.github-pr-owner-number [3ms]
2023-06-01 23:04:53.584 [info] > git config --get commit.template [9ms]
2023-06-01 23:04:54.067 [info] > git for-each-ref --format=%(refname)%00%(upstream:short)%00%(objectname)%00%(upstream:track) refs/heads/master refs/remotes/master [487ms]
2023-06-01 23:04:54.209 [info] > git status -z -uall [136ms]
2023-06-01 23:09:54.222 [info] > git config --local branch.master.github-pr-owner-number [3ms]
2023-06-01 23:09:54.238 [info] > git config --get commit.template [10ms]
2023-06-01 23:09:54.723 [info] > git for-each-ref --format=%(refname)%00%(upstream:short)%00%(objectname)%00%(upstream:track) refs/heads/master refs/remotes/master [491ms]
2023-06-01 23:09:54.850 [info] > git status -z -uall [121ms]
2023-06-01 23:14:54.868 [info] > git config --local branch.master.github-pr-owner-number [5ms]
2023-06-01 23:14:54.884 [info] > git config --get commit.template [9ms]
2023-06-01 23:14:55.360 [info] > git for-each-ref --format=%(refname)%00%(upstream:short)%00%(objectname)%00%(upstream:track) refs/heads/master refs/remotes/master [481ms]
2023-06-01 23:14:55.490 [info] > git status -z -uall [123ms]
2023-06-01 23:19:55.504 [info] > git config --local branch.master.github-pr-owner-number [4ms]
2023-06-01 23:19:55.520 [info] > git config --get commit.template [10ms]
2023-06-01 23:19:56.008 [info] > git for-each-ref --format=%(refname)%00%(upstream:short)%00%(objectname)%00%(upstream:track) refs/heads/master refs/remotes/master [494ms]
2023-06-01 23:19:56.133 [info] > git status -z -uall [118ms]
2023-06-01 23:24:56.147 [info] > git config --local branch.master.github-pr-owner-number [3ms]
2023-06-01 23:24:56.165 [info] > git config --get commit.template [11ms]
2023-06-01 23:24:56.640 [info] > git for-each-ref --format=%(refname)%00%(upstream:short)%00%(objectname)%00%(upstream:track) refs/heads/master refs/remotes/master [482ms]
2023-06-01 23:24:56.767 [info] > git status -z -uall [121ms]
2023-06-01 23:29:56.780 [info] > git config --local branch.master.github-pr-owner-number [3ms]
2023-06-01 23:29:56.797 [info] > git config --get commit.template [10ms]
2023-06-01 23:29:57.269 [info] > git for-each-ref --format=%(refname)%00%(upstream:short)%00%(objectname)%00%(upstream:track) refs/heads/master refs/remotes/master [477ms]
2023-06-01 23:29:57.396 [info] > git status -z -uall [120ms]
2023-06-01 23:34:57.415 [info] > git config --local branch.master.github-pr-owner-number [4ms]
2023-06-01 23:34:57.432 [info] > git config --get commit.template [10ms]
2023-06-01 23:34:57.908 [info] > git for-each-ref --format=%(refname)%00%(upstream:short)%00%(objectname)%00%(upstream:track) refs/heads/master refs/remotes/master [480ms]
2023-06-01 23:34:58.035 [info] > git status -z -uall [121ms]
2023-06-01 23:39:58.056 [info] > git config --local branch.master.github-pr-owner-number [4ms]
2023-06-01 23:39:58.074 [info] > git config --get commit.template [10ms]
2023-06-01 23:39:58.546 [info] > git for-each-ref --format=%(refname)%00%(upstream:short)%00%(objectname)%00%(upstream:track) refs/heads/master refs/remotes/master [478ms]
2023-06-01 23:39:58.670 [info] > git status -z -uall [117ms]
2023-06-01 23:44:58.711 [info] > git config --local branch.master.github-pr-owner-number [6ms]
2023-06-01 23:44:58.734 [info] > git config --get commit.template [15ms]
2023-06-01 23:44:59.209 [info] > git for-each-ref --format=%(refname)%00%(upstream:short)%00%(objectname)%00%(upstream:track) refs/heads/master refs/remotes/master [486ms]
2023-06-01 23:44:59.347 [info] > git status -z -uall [131ms]
2023-06-01 23:49:59.368 [info] > git config --local branch.master.github-pr-owner-number [5ms]
2023-06-01 23:49:59.395 [info] > git config --get commit.template [20ms]
2023-06-01 23:49:59.879 [info] > git for-each-ref --format=%(refname)%00%(upstream:short)%00%(objectname)%00%(upstream:track) refs/heads/master refs/remotes/master [500ms]
2023-06-01 23:50:00.009 [info] > git status -z -uall [122ms]
2023-06-01 23:55:00.027 [info] > git config --local branch.master.github-pr-owner-number [3ms]
2023-06-01 23:55:00.045 [info] > git config --get commit.template [11ms]
2023-06-01 23:55:00.526 [info] > git for-each-ref --format=%(refname)%00%(upstream:short)%00%(objectname)%00%(upstream:track) refs/heads/master refs/remotes/master [487ms]
2023-06-01 23:55:00.654 [info] > git status -z -uall [122ms]
2023-06-02 00:00:00.674 [info] > git config --local branch.master.github-pr-owner-number [4ms]
2023-06-02 00:00:00.692 [info] > git config --get commit.template [10ms]
2023-06-02 00:00:01.167 [info] > git for-each-ref --format=%(refname)%00%(upstream:short)%00%(objectname)%00%(upstream:track) refs/heads/master refs/remotes/master [481ms]
2023-06-02 00:00:01.296 [info] > git status -z -uall [123ms]
2023-06-02 00:05:01.316 [info] > git config --local branch.master.github-pr-owner-number [5ms]
2023-06-02 00:05:01.336 [info] > git config --get commit.template [12ms]
2023-06-02 00:05:01.813 [info] > git for-each-ref --format=%(refname)%00%(upstream:short)%00%(objectname)%00%(upstream:track) refs/heads/master refs/remotes/master [484ms]
2023-06-02 00:05:01.945 [info] > git status -z -uall [126ms]
2023-06-02 00:10:01.959 [info] > git config --local branch.master.github-pr-owner-number [4ms]
2023-06-02 00:10:01.978 [info] > git config --get commit.template [12ms]
2023-06-02 00:10:02.459 [info] > git for-each-ref --format=%(refname)%00%(upstream:short)%00%(objectname)%00%(upstream:track) refs/heads/master refs/remotes/master [488ms]
2023-06-02 00:10:02.593 [info] > git status -z -uall [128ms]
2023-06-02 00:15:02.606 [info] > git config --local branch.master.github-pr-owner-number [3ms]
2023-06-02 00:15:02.624 [info] > git config --get commit.template [10ms]
2023-06-02 00:15:03.109 [info] > git for-each-ref --format=%(refname)%00%(upstream:short)%00%(objectname)%00%(upstream:track) refs/heads/master refs/remotes/master [491ms]
2023-06-02 00:15:03.238 [info] > git status -z -uall [123ms]
2023-06-02 00:20:03.253 [info] > git config --local branch.master.github-pr-owner-number [3ms]
2023-06-02 00:20:03.271 [info] > git config --get commit.template [11ms]
2023-06-02 00:20:03.759 [info] > git for-each-ref --format=%(refname)%00%(upstream:short)%00%(objectname)%00%(upstream:track) refs/heads/master refs/remotes/master [494ms]
2023-06-02 00:20:03.896 [info] > git status -z -uall [131ms]
2023-06-02 00:25:03.910 [info] > git config --local branch.master.github-pr-owner-number [3ms]
2023-06-02 00:25:03.928 [info] > git config --get commit.template [10ms]
2023-06-02 00:25:04.411 [info] > git for-each-ref --format=%(refname)%00%(upstream:short)%00%(objectname)%00%(upstream:track) refs/heads/master refs/remotes/master [488ms]
2023-06-02 00:25:04.548 [info] > git status -z -uall [130ms]
2023-06-02 00:30:04.562 [info] > git config --local branch.master.github-pr-owner-number [3ms]
2023-06-02 00:30:04.581 [info] > git config --get commit.template [11ms]
2023-06-02 00:30:05.073 [info] > git for-each-ref --format=%(refname)%00%(upstream:short)%00%(objectname)%00%(upstream:track) refs/heads/master refs/remotes/master [498ms]
2023-06-02 00:30:05.214 [info] > git status -z -uall [134ms]
2023-06-02 00:35:05.232 [info] > git config --local branch.master.github-pr-owner-number [4ms]
2023-06-02 00:35:05.251 [info] > git config --get commit.template [11ms]
2023-06-02 00:35:05.735 [info] > git for-each-ref --format=%(refname)%00%(upstream:short)%00%(objectname)%00%(upstream:track) refs/heads/master refs/remotes/master [490ms]
2023-06-02 00:35:05.873 [info] > git status -z -uall [131ms]
2023-06-02 00:40:05.888 [info] > git config --local branch.master.github-pr-owner-number [4ms]
2023-06-02 00:40:05.906 [info] > git config --get commit.template [10ms]
2023-06-02 00:40:06.393 [info] > git for-each-ref --format=%(refname)%00%(upstream:short)%00%(objectname)%00%(upstream:track) refs/heads/master refs/remotes/master [491ms]
2023-06-02 00:40:06.527 [info] > git status -z -uall [128ms]
2023-06-02 00:45:06.542 [info] > git config --local branch.master.github-pr-owner-number [3ms]
2023-06-02 00:45:06.582 [info] > git config --get commit.template [32ms]
2023-06-02 00:45:07.052 [info] > git for-each-ref --format=%(refname)%00%(upstream:short)%00%(objectname)%00%(upstream:track) refs/heads/master refs/remotes/master [498ms]
2023-06-02 00:45:07.187 [info] > git status -z -uall [128ms]
2023-06-02 00:50:07.201 [info] > git config --local branch.master.github-pr-owner-number [3ms]
2023-06-02 00:50:07.220 [info] > git config --get commit.template [11ms]
2023-06-02 00:50:07.710 [info] > git for-each-ref --format=%(refname)%00%(upstream:short)%00%(objectname)%00%(upstream:track) refs/heads/master refs/remotes/master [496ms]
2023-06-02 00:50:07.840 [info] > git status -z -uall [123ms]
