2023-05-05 18:18:33.697 [info] Log level: Info
2023-05-05 18:18:33.697 [info] Validating found git in: "git"
2023-05-05 18:18:33.697 [info] Using git "2.7.4" from "git"
2023-05-05 18:18:33.697 [info] > git rev-parse --show-toplevel [111ms]
2023-05-05 18:18:33.697 [info] > git rev-parse --git-dir --git-common-dir [47ms]
2023-05-05 18:18:33.697 [info] Open repository: /mnt/disk1/sework/raed_maklai/volatile_configs
2023-05-05 18:18:33.697 [info] > git rev-parse --show-toplevel [42ms]
2023-05-05 18:18:33.697 [info] > git config --get commit.template [143ms]
2023-05-05 18:18:33.697 [info] > git rev-parse --show-toplevel [105ms]
2023-05-05 18:18:33.697 [info] > git rev-parse --show-toplevel [69ms]
2023-05-05 18:18:33.697 [info] > git rev-parse --show-toplevel [258ms]
2023-05-05 18:18:33.697 [info] > git rev-parse --show-toplevel [26ms]
2023-05-05 18:18:33.697 [info] > git rev-parse --show-toplevel [14ms]
2023-05-05 18:18:33.697 [info] > git rev-parse --show-toplevel [15ms]
2023-05-05 18:18:33.697 [info] > git for-each-ref --format=%(refname)%00%(upstream:short)%00%(objectname)%00%(upstream:track) refs/heads/master refs/remotes/master [540ms]
2023-05-05 18:18:33.697 [info] > git rev-parse --show-toplevel [11ms]
2023-05-05 18:18:33.697 [info] > git rev-parse --show-toplevel [10ms]
2023-05-05 18:18:33.697 [info] > git rev-parse --show-toplevel [17ms]
2023-05-05 18:18:33.697 [info] > git rev-parse --show-toplevel [19ms]
2023-05-05 18:18:33.697 [info] > git rev-parse --show-toplevel [17ms]
2023-05-05 18:18:33.697 [info] > git rev-parse --show-toplevel [15ms]
2023-05-05 18:18:33.697 [info] > git status -z -uall [134ms]
2023-05-05 18:18:33.697 [info] > git rev-parse --show-toplevel [28ms]
2023-05-05 18:18:33.697 [info] > git config --get commit.template [18ms]
2023-05-05 18:18:33.697 [info] > git for-each-ref --format=%(refname)%00%(upstream:short)%00%(objectname)%00%(upstream:track) refs/heads/master refs/remotes/master [433ms]
2023-05-05 18:18:33.748 [info] > git status -z -uall [131ms]
2023-05-05 18:18:34.411 [info] > git config --local branch.master.github-pr-owner-number [88ms]
2023-05-05 18:18:34.445 [info] > git config --get commit.template [28ms]
2023-05-05 18:18:34.840 [info] > git for-each-ref --format=%(refname)%00%(upstream:short)%00%(objectname)%00%(upstream:track) refs/heads/master refs/remotes/master [418ms]
2023-05-05 18:18:34.977 [info] > git status -z -uall [131ms]
2023-05-05 18:18:36.817 [info] > git show --textconv 677015d02a08a459106b4ef4997799241245c32e:deployments/enerquip2.json [87ms]
2023-05-05 18:18:38.030 [info] > git rev-parse --show-toplevel [34ms]
2023-05-05 18:18:47.843 [info] > git rev-parse --show-toplevel [23ms]
2023-05-05 18:18:49.358 [info] > git fetch rtkwlf master [13106ms]
2023-05-05 18:18:49.358 [info] From github.com:rtkwlf/volatile_configs
 * branch            master     -> FETCH_HEAD
error: cannot lock ref 'refs/remotes/rtkwlf/master': ref refs/remotes/rtkwlf/master is at 61ad195960d1570fd6e11ce9313bc625922f5cd6 but expected c3a6ba88e22c381aa6cb80b51eeddac31e431c4d
 ! c3a6ba8..61ad195  master     -> rtkwlf/master  (unable to update local ref)
2023-05-05 18:18:49.396 [info] > git config --get commit.template [30ms]
2023-05-05 18:18:49.449 [info] > git rev-parse --show-toplevel [23ms]
2023-05-05 18:18:49.797 [info] > git for-each-ref --format=%(refname)%00%(upstream:short)%00%(objectname)%00%(upstream:track) refs/heads/master refs/remotes/master [427ms]
2023-05-05 18:18:49.960 [info] > git status -z -uall [157ms]
2023-05-05 18:18:50.074 [info] > git rev-parse --show-toplevel [37ms]
2023-05-05 18:18:50.569 [info] > git config --local branch.master.github-pr-owner-number [79ms]
2023-05-05 18:18:50.584 [info] > git config --get commit.template [8ms]
2023-05-05 18:18:50.740 [info] > git rev-parse --show-toplevel [6ms]
2023-05-05 18:18:51.028 [info] > git for-each-ref --format=%(refname)%00%(upstream:short)%00%(objectname)%00%(upstream:track) refs/heads/master refs/remotes/master [445ms]
2023-05-05 18:18:51.147 [info] > git status -z -uall [113ms]
2023-05-05 18:18:51.317 [info] > git config --get commit.template [11ms]
2023-05-05 18:18:51.760 [info] > git for-each-ref --format=%(refname)%00%(upstream:short)%00%(objectname)%00%(upstream:track) refs/heads/master refs/remotes/master [448ms]
2023-05-05 18:18:51.902 [info] > git status -z -uall [136ms]
2023-05-05 18:18:52.039 [info] > git rev-parse --show-toplevel [12ms]
2023-05-05 18:18:52.680 [info] > git rev-parse --show-toplevel [13ms]
2023-05-05 18:18:52.876 [info] > git config --local -l [72ms]
2023-05-05 18:18:52.905 [info] > git config --get commit.template [23ms]
2023-05-05 18:18:52.948 [info] > git show --textconv 677015d02a08a459106b4ef4997799241245c32e:deployments/enerquip2.json [59ms]
2023-05-05 18:18:53.329 [info] > git for-each-ref --format=%(refname)%00%(upstream:short)%00%(objectname)%00%(upstream:track) refs/heads/master refs/remotes/master [419ms]
2023-05-05 18:18:53.456 [info] > git status -z -uall [120ms]
2023-05-05 18:18:54.235 [info] > git rev-parse --show-toplevel [15ms]
2023-05-05 18:23:33.615 [info] > git config --local branch.master.github-pr-owner-number [31ms]
2023-05-05 18:23:33.651 [info] > git config --get commit.template [26ms]
2023-05-05 18:23:34.060 [info] > git for-each-ref --format=%(refname)%00%(upstream:short)%00%(objectname)%00%(upstream:track) refs/heads/master refs/remotes/master [430ms]
2023-05-05 18:23:34.204 [info] > git status -z -uall [138ms]
2023-05-05 18:23:34.994 [info] > git rev-parse --show-toplevel [21ms]
2023-05-05 18:23:35.098 [info] > git show --textconv 677015d02a08a459106b4ef4997799241245c32e:deployments/enerquip2.json [65ms]
2023-05-05 18:26:26.444 [info] > git rev-parse --show-toplevel [6ms]
2023-05-05 18:26:27.060 [info] > git rev-parse --show-toplevel [14ms]
2023-05-05 18:26:41.139 [info] > git rev-parse --show-toplevel [13ms]
2023-05-05 18:26:42.385 [info] > git rev-parse --show-toplevel [19ms]
2023-05-05 18:27:09.690 [info] > git rev-parse --show-toplevel [6ms]
2023-05-05 18:27:10.211 [info] > git rev-parse --show-toplevel [12ms]
2023-05-05 18:27:18.460 [info] > git rev-parse --show-toplevel [15ms]
2023-05-05 18:28:03.097 [info] > git config --get commit.template [6ms]
2023-05-05 18:28:03.515 [info] > git for-each-ref --format=%(refname)%00%(upstream:short)%00%(objectname)%00%(upstream:track) refs/heads/master refs/remotes/master [420ms]
2023-05-05 18:28:03.638 [info] > git status -z -uall [117ms]
2023-05-05 18:28:04.296 [info] > git config --local branch.master.github-pr-owner-number [81ms]
2023-05-05 18:28:04.335 [info] > git config --get commit.template [33ms]
2023-05-05 18:28:04.415 [info] > git rev-parse --show-toplevel [13ms]
2023-05-05 18:28:04.746 [info] > git for-each-ref --format=%(refname)%00%(upstream:short)%00%(objectname)%00%(upstream:track) refs/heads/master refs/remotes/master [424ms]
2023-05-05 18:28:04.877 [info] > git status -z -uall [123ms]
2023-05-05 18:28:06.519 [info] > git rev-parse --show-toplevel [14ms]
2023-05-05 18:28:07.276 [info] > git show --textconv 677015d02a08a459106b4ef4997799241245c32e:deployments/enerquip2.json [120ms]
2023-05-05 18:28:07.276 [info] > git config --local -l [72ms]
2023-05-05 18:28:07.305 [info] > git config --get commit.template [21ms]
2023-05-05 18:28:07.714 [info] > git for-each-ref --format=%(refname)%00%(upstream:short)%00%(objectname)%00%(upstream:track) refs/heads/master refs/remotes/master [425ms]
2023-05-05 18:28:07.846 [info] > git status -z -uall [126ms]
2023-05-05 18:28:09.401 [info] > git rev-parse --show-toplevel [12ms]
2023-05-05 18:28:35.750 [info] > git config --local branch.master.github-pr-owner-number [4ms]
2023-05-05 18:28:35.770 [info] > git config --get commit.template [13ms]
2023-05-05 18:28:36.184 [info] > git for-each-ref --format=%(refname)%00%(upstream:short)%00%(objectname)%00%(upstream:track) refs/heads/master refs/remotes/master [423ms]
2023-05-05 18:28:36.307 [info] > git status -z -uall [117ms]
2023-05-05 18:28:37.091 [info] > git rev-parse --show-toplevel [15ms]
2023-05-05 18:28:37.222 [info] > git show --textconv 677015d02a08a459106b4ef4997799241245c32e:deployments/enerquip2.json [57ms]
2023-05-05 18:29:50.010 [info] > git rev-parse --show-toplevel [6ms]
2023-05-05 18:30:04.313 [info] > git rev-parse --show-toplevel [24ms]
2023-05-05 18:30:05.586 [info] > git rev-parse --show-toplevel [9ms]
2023-05-05 18:33:37.898 [info] > git config --local branch.master.github-pr-owner-number [12ms]
2023-05-05 18:33:37.925 [info] > git config --get commit.template [20ms]
2023-05-05 18:33:38.344 [info] > git for-each-ref --format=%(refname)%00%(upstream:short)%00%(objectname)%00%(upstream:track) refs/heads/master refs/remotes/master [435ms]
2023-05-05 18:33:38.498 [info] > git status -z -uall [148ms]
2023-05-05 18:33:39.590 [info] > git show --textconv 677015d02a08a459106b4ef4997799241245c32e:deployments/enerquip2.json [62ms]
2023-05-05 18:34:11.264 [info] > git config --local branch.master.github-pr-owner-number [77ms]
2023-05-05 18:34:11.286 [info] > git config --get commit.template [15ms]
2023-05-05 18:34:11.404 [info] > git rev-parse --show-toplevel [11ms]
2023-05-05 18:34:11.702 [info] > git for-each-ref --format=%(refname)%00%(upstream:short)%00%(objectname)%00%(upstream:track) refs/heads/master refs/remotes/master [425ms]
2023-05-05 18:34:11.832 [info] > git status -z -uall [124ms]
2023-05-05 18:34:14.058 [info] > git show --textconv 677015d02a08a459106b4ef4997799241245c32e:deployments/enerquip2.json [60ms]
2023-05-05 18:35:12.010 [info] > git rev-parse --show-toplevel [6ms]
2023-05-05 18:36:11.744 [info] > git config --local -l [73ms]
2023-05-05 18:36:11.772 [info] > git config --get commit.template [19ms]
2023-05-05 18:36:12.191 [info] > git for-each-ref --format=%(refname)%00%(upstream:short)%00%(objectname)%00%(upstream:track) refs/heads/master refs/remotes/master [431ms]
2023-05-05 18:36:12.320 [info] > git status -z -uall [121ms]
2023-05-05 18:36:13.229 [info] > git rev-parse --show-toplevel [20ms]
2023-05-05 18:36:17.975 [info] > git config --get commit.template [14ms]
2023-05-05 18:36:18.401 [info] > git for-each-ref --format=%(refname)%00%(upstream:short)%00%(objectname)%00%(upstream:track) refs/heads/master refs/remotes/master [436ms]
2023-05-05 18:36:18.530 [info] > git status -z -uall [122ms]
2023-05-05 18:36:19.304 [info] > git rev-parse --show-toplevel [11ms]
2023-05-05 18:36:23.555 [info] > git config --get commit.template [15ms]
2023-05-05 18:36:23.974 [info] > git for-each-ref --format=%(refname)%00%(upstream:short)%00%(objectname)%00%(upstream:track) refs/heads/master refs/remotes/master [428ms]
2023-05-05 18:36:24.099 [info] > git status -z -uall [117ms]
2023-05-05 18:36:24.872 [info] > git rev-parse --show-toplevel [11ms]
2023-05-05 18:36:25.124 [info] > git rev-parse --show-toplevel [12ms]
2023-05-05 18:36:37.581 [info] > git config --get commit.template [15ms]
2023-05-05 18:36:37.994 [info] > git for-each-ref --format=%(refname)%00%(upstream:short)%00%(objectname)%00%(upstream:track) refs/heads/master refs/remotes/master [422ms]
2023-05-05 18:36:38.123 [info] > git status -z -uall [122ms]
2023-05-05 18:36:38.900 [info] > git rev-parse --show-toplevel [11ms]
2023-05-05 18:36:44.005 [info] > git check-ignore -v -z --stdin [34ms]
2023-05-05 18:36:46.679 [info] > git config --local -l [71ms]
2023-05-05 18:36:46.704 [info] > git config --get commit.template [18ms]
2023-05-05 18:36:47.133 [info] > git for-each-ref --format=%(refname)%00%(upstream:short)%00%(objectname)%00%(upstream:track) refs/heads/master refs/remotes/master [440ms]
2023-05-05 18:36:47.270 [info] > git status -z -uall [130ms]
2023-05-05 18:36:48.544 [info] > git rev-parse --show-toplevel [6ms]
2023-05-05 18:36:52.443 [info] > git rev-parse --show-toplevel [11ms]
2023-05-05 18:36:56.603 [info] > git fetch rtkwlf master [9324ms]
2023-05-05 18:36:56.603 [info] From github.com:rtkwlf/volatile_configs
 * branch            master     -> FETCH_HEAD
   091262f..78b08df  master     -> rtkwlf/master
2023-05-05 18:36:56.637 [info] > git config --get commit.template [27ms]
2023-05-05 18:36:57.056 [info] > git for-each-ref --format=%(refname)%00%(upstream:short)%00%(objectname)%00%(upstream:track) refs/heads/master refs/remotes/master [440ms]
2023-05-05 18:36:57.196 [info] > git status -z -uall [133ms]
2023-05-05 18:36:57.298 [info] > git rev-parse --show-toplevel [26ms]
2023-05-05 18:36:57.691 [info] > git config --local branch.master.github-pr-owner-number [77ms]
2023-05-05 18:36:57.715 [info] > git config --get commit.template [16ms]
2023-05-05 18:36:57.974 [info] > git rev-parse --show-toplevel [12ms]
2023-05-05 18:36:58.135 [info] > git for-each-ref --format=%(refname)%00%(upstream:short)%00%(objectname)%00%(upstream:track) refs/heads/master refs/remotes/master [430ms]
2023-05-05 18:36:58.269 [info] > git status -z -uall [126ms]
2023-05-05 18:36:59.182 [info] > git rev-parse --show-toplevel [17ms]
2023-05-05 18:39:10.925 [info] > git config --local branch.master.github-pr-owner-number [16ms]
2023-05-05 18:39:10.955 [info] > git config --get commit.template [18ms]
2023-05-05 18:39:11.378 [info] > git for-each-ref --format=%(refname)%00%(upstream:short)%00%(objectname)%00%(upstream:track) refs/heads/master refs/remotes/master [435ms]
2023-05-05 18:39:11.509 [info] > git status -z -uall [123ms]
2023-05-05 18:39:12.308 [info] > git rev-parse --show-toplevel [24ms]
2023-05-05 18:39:12.492 [info] > git show --textconv 677015d02a08a459106b4ef4997799241245c32e:deployments/enerquip2.json [73ms]
2023-05-05 18:44:14.133 [info] > git config --local branch.master.github-pr-owner-number [6ms]
2023-05-05 18:44:14.156 [info] > git config --get commit.template [13ms]
2023-05-05 18:44:14.581 [info] > git for-each-ref --format=%(refname)%00%(upstream:short)%00%(objectname)%00%(upstream:track) refs/heads/master refs/remotes/master [433ms]
2023-05-05 18:44:14.714 [info] > git status -z -uall [126ms]
2023-05-05 18:44:15.637 [info] > git show --textconv 677015d02a08a459106b4ef4997799241245c32e:deployments/enerquip2.json [68ms]
2023-05-05 18:45:11.680 [info] > git rev-parse --show-toplevel [11ms]
2023-05-05 18:50:11.209 [info] > git config --local branch.master.github-pr-owner-number [23ms]
2023-05-05 18:50:11.261 [info] > git config --get commit.template [40ms]
2023-05-05 18:50:11.668 [info] > git for-each-ref --format=%(refname)%00%(upstream:short)%00%(objectname)%00%(upstream:track) refs/heads/master refs/remotes/master [442ms]
2023-05-05 18:50:11.805 [info] > git status -z -uall [130ms]
2023-05-05 18:50:12.760 [info] > git show --textconv 677015d02a08a459106b4ef4997799241245c32e:deployments/enerquip2.json [72ms]
2023-05-05 18:51:11.851 [info] > git rev-parse --show-toplevel [7ms]
2023-05-05 18:56:11.353 [info] > git config --local branch.master.github-pr-owner-number [10ms]
2023-05-05 18:56:11.372 [info] > git config --get commit.template [12ms]
2023-05-05 18:56:11.790 [info] > git for-each-ref --format=%(refname)%00%(upstream:short)%00%(objectname)%00%(upstream:track) refs/heads/master refs/remotes/master [425ms]
2023-05-05 18:56:11.916 [info] > git status -z -uall [119ms]
2023-05-05 18:56:12.875 [info] > git show --textconv 677015d02a08a459106b4ef4997799241245c32e:deployments/enerquip2.json [77ms]
2023-05-05 18:57:11.885 [info] > git rev-parse --show-toplevel [21ms]
2023-05-05 19:02:11.357 [info] > git config --local branch.master.github-pr-owner-number [4ms]
2023-05-05 19:02:11.375 [info] > git config --get commit.template [11ms]
2023-05-05 19:02:11.802 [info] > git for-each-ref --format=%(refname)%00%(upstream:short)%00%(objectname)%00%(upstream:track) refs/heads/master refs/remotes/master [432ms]
2023-05-05 19:02:11.932 [info] > git status -z -uall [123ms]
2023-05-05 19:02:12.867 [info] > git show --textconv 677015d02a08a459106b4ef4997799241245c32e:deployments/enerquip2.json [63ms]
2023-05-05 19:03:11.951 [info] > git rev-parse --show-toplevel [2ms]
2023-05-05 19:08:11.452 [info] > git config --local branch.master.github-pr-owner-number [3ms]
2023-05-05 19:08:11.471 [info] > git config --get commit.template [11ms]
2023-05-05 19:08:11.900 [info] > git for-each-ref --format=%(refname)%00%(upstream:short)%00%(objectname)%00%(upstream:track) refs/heads/master refs/remotes/master [435ms]
2023-05-05 19:08:12.037 [info] > git status -z -uall [130ms]
2023-05-05 19:08:12.818 [info] > git rev-parse --show-toplevel [16ms]
2023-05-05 19:08:13.083 [info] > git show --textconv 677015d02a08a459106b4ef4997799241245c32e:deployments/enerquip2.json [76ms]
2023-05-05 19:08:21.254 [info] > git rev-parse --show-toplevel [11ms]
2023-05-05 19:08:21.793 [info] > git rev-parse --show-toplevel [10ms]
2023-05-05 19:08:22.293 [info] > git config --get commit.template [12ms]
2023-05-05 19:08:22.718 [info] > git for-each-ref --format=%(refname)%00%(upstream:short)%00%(objectname)%00%(upstream:track) refs/heads/master refs/remotes/master [431ms]
2023-05-05 19:08:22.858 [info] > git status -z -uall [133ms]
2023-05-05 19:08:23.632 [info] > git rev-parse --show-toplevel [10ms]
2023-05-05 19:08:30.998 [info] > git rev-parse --show-toplevel [11ms]
2023-05-05 19:08:32.254 [info] > git rev-parse --show-toplevel [10ms]
2023-05-05 19:08:32.786 [info] > git config --get commit.template [11ms]
2023-05-05 19:08:33.204 [info] > git for-each-ref --format=%(refname)%00%(upstream:short)%00%(objectname)%00%(upstream:track) refs/heads/master refs/remotes/master [424ms]
2023-05-05 19:08:33.361 [info] > git status -z -uall [150ms]
2023-05-05 19:08:33.930 [info] > git config --local branch.master.github-pr-owner-number [79ms]
2023-05-05 19:08:33.987 [info] > git config --get commit.template [50ms]
2023-05-05 19:08:34.136 [info] > git rev-parse --show-toplevel [11ms]
2023-05-05 19:08:34.378 [info] > git for-each-ref --format=%(refname)%00%(upstream:short)%00%(objectname)%00%(upstream:track) refs/heads/master refs/remotes/master [431ms]
2023-05-05 19:08:34.521 [info] > git status -z -uall [136ms]
2023-05-05 19:08:35.443 [info] > git rev-parse --show-toplevel [23ms]
2023-05-05 19:08:36.200 [info] > git config --local -l [72ms]
2023-05-05 19:08:36.231 [info] > git config --get commit.template [23ms]
2023-05-05 19:08:36.281 [info] > git show --textconv 677015d02a08a459106b4ef4997799241245c32e:deployments/enerquip2.json [65ms]
2023-05-05 19:08:36.672 [info] > git for-each-ref --format=%(refname)%00%(upstream:short)%00%(objectname)%00%(upstream:track) refs/heads/master refs/remotes/master [435ms]
2023-05-05 19:08:36.801 [info] > git status -z -uall [122ms]
2023-05-05 19:08:37.580 [info] > git rev-parse --show-toplevel [10ms]
2023-05-05 19:08:38.389 [info] > git config --get commit.template [11ms]
2023-05-05 19:08:38.814 [info] > git for-each-ref --format=%(refname)%00%(upstream:short)%00%(objectname)%00%(upstream:track) refs/heads/master refs/remotes/master [430ms]
2023-05-05 19:08:38.938 [info] > git status -z -uall [117ms]
2023-05-05 19:08:39.777 [info] > git rev-parse --show-toplevel [11ms]
2023-05-05 19:09:01.526 [info] > git config --get commit.template [8ms]
2023-05-05 19:09:01.950 [info] > git for-each-ref --format=%(refname)%00%(upstream:short)%00%(objectname)%00%(upstream:track) refs/heads/master refs/remotes/master [425ms]
2023-05-05 19:09:02.074 [info] > git status -z -uall [116ms]
2023-05-05 19:09:02.850 [info] > git rev-parse --show-toplevel [9ms]
2023-05-05 19:09:13.369 [info] > git for-each-ref --sort -committerdate --format %(refname) %(objectname) %(*objectname) refs/heads/ [424ms]
2023-05-05 19:09:13.388 [info] > git config --local branch.master.github-pr-owner-number [10ms]
2023-05-05 19:09:13.406 [info] > git config --get commit.template [11ms]
2023-05-05 19:09:13.824 [info] > git for-each-ref --format=%(refname)%00%(upstream:short)%00%(objectname)%00%(upstream:track) refs/heads/master refs/remotes/master [423ms]
2023-05-05 19:09:13.946 [info] > git status -z -uall [115ms]
2023-05-05 19:09:14.719 [info] > git rev-parse --show-toplevel [10ms]
2023-05-05 19:09:18.771 [info] > git diff fad774912eb0c4e9004fc6a999260f28f276fbe5 -- deployments/enerquip2.json [72ms]
2023-05-05 19:09:18.958 [info] > git check-ignore -v -z --stdin [33ms]
2023-05-05 19:09:20.600 [info] > git config --local -l [69ms]
2023-05-05 19:09:20.624 [info] > git config --get commit.template [16ms]
2023-05-05 19:09:21.034 [info] > git for-each-ref --format=%(refname)%00%(upstream:short)%00%(objectname)%00%(upstream:track) refs/heads/master refs/remotes/master [420ms]
2023-05-05 19:09:21.166 [info] > git status -z -uall [125ms]
2023-05-05 19:09:21.930 [info] > git rev-parse --show-toplevel [3ms]
2023-05-05 19:09:22.473 [info] > git rev-parse --show-toplevel [12ms]
2023-05-05 19:09:26.904 [info] > git for-each-ref --format=%(refname)%00%(upstream:short)%00%(objectname)%00%(upstream:track) refs/heads/master refs/remotes/master [431ms]
2023-05-05 19:09:28.836 [info] > git fetch rtkwlf master [7660ms]
2023-05-05 19:09:28.836 [info] From github.com:rtkwlf/volatile_configs
 * branch            master     -> FETCH_HEAD
2023-05-05 19:09:28.854 [info] > git config --get commit.template [11ms]
2023-05-05 19:09:28.988 [info] > git show -s --format=%H%n%aN%n%aE%n%at%n%ct%n%P%n%D%n%B -z a5d177f4dc48781577e152daf5a1b4865976b254 [2074ms]
2023-05-05 19:09:29.282 [info] > git for-each-ref --format=%(refname)%00%(upstream:short)%00%(objectname)%00%(upstream:track) refs/heads/master refs/remotes/master [433ms]
2023-05-05 19:09:29.422 [info] > git rev-parse --show-toplevel [4ms]
2023-05-05 19:09:29.478 [info] > git status -z -uall [188ms]
2023-05-05 19:09:30.257 [info] > git rev-parse --show-toplevel [9ms]
2023-05-05 19:09:43.102 [info] > git for-each-ref --format=%(refname)%00%(upstream:short)%00%(objectname)%00%(upstream:track) refs/heads/master refs/remotes/master [425ms]
2023-05-05 19:09:43.404 [info] > git for-each-ref --format=%(refname)%00%(upstream:short)%00%(objectname)%00%(upstream:track) refs/heads/master refs/remotes/master [451ms]
2023-05-05 19:09:43.558 [info] > git for-each-ref --format=%(refname)%00%(upstream:short)%00%(objectname)%00%(upstream:track) refs/heads/master refs/remotes/master [444ms]
2023-05-05 19:09:45.633 [info] > git show -s --format=%H%n%aN%n%aE%n%at%n%ct%n%P%n%D%n%B -z a5d177f4dc48781577e152daf5a1b4865976b254 [2068ms]
2023-05-05 19:09:54.747 [info] > git for-each-ref --format=%(refname)%00%(upstream:short)%00%(objectname)%00%(upstream:track) refs/heads/master refs/remotes/master [423ms]
2023-05-05 19:09:55.199 [info] > git for-each-ref --format=%(refname)%00%(upstream:short)%00%(objectname)%00%(upstream:track) refs/heads/master refs/remotes/master [443ms]
2023-05-05 19:09:55.200 [info] > git for-each-ref --format=%(refname)%00%(upstream:short)%00%(objectname)%00%(upstream:track) refs/heads/master refs/remotes/master [438ms]
2023-05-05 19:09:57.285 [info] > git show -s --format=%H%n%aN%n%aE%n%at%n%ct%n%P%n%D%n%B -z a5d177f4dc48781577e152daf5a1b4865976b254 [2076ms]
2023-05-05 19:10:02.065 [info] > git for-each-ref --format=%(refname)%00%(upstream:short)%00%(objectname)%00%(upstream:track) refs/heads/master refs/remotes/master [419ms]
2023-05-05 19:10:08.986 [info] > git for-each-ref --format=%(refname)%00%(upstream:short)%00%(objectname)%00%(upstream:track) refs/heads/master refs/remotes/master [437ms]
2023-05-05 19:10:12.123 [info] > git for-each-ref --format=%(refname)%00%(upstream:short)%00%(objectname)%00%(upstream:track) refs/heads/master refs/remotes/master [432ms]
2023-05-05 19:10:18.358 [info] > git rev-parse --show-toplevel [11ms]
2023-05-05 19:10:18.891 [info] > git rev-parse --show-toplevel [9ms]
2023-05-05 19:10:19.393 [info] > git config --get commit.template [11ms]
2023-05-05 19:10:19.818 [info] > git for-each-ref --format=%(refname)%00%(upstream:short)%00%(objectname)%00%(upstream:track) refs/heads/master refs/remotes/master [430ms]
2023-05-05 19:10:19.957 [info] > git status -z -uall [130ms]
2023-05-05 19:10:20.732 [info] > git rev-parse --show-toplevel [11ms]
2023-05-05 19:10:25.749 [info] > git rev-parse --show-toplevel [11ms]
2023-05-05 19:10:26.250 [info] > git config --get commit.template [12ms]
2023-05-05 19:10:26.664 [info] > git for-each-ref --format=%(refname)%00%(upstream:short)%00%(objectname)%00%(upstream:track) refs/heads/master refs/remotes/master [419ms]
2023-05-05 19:10:26.786 [info] > git status -z -uall [114ms]
2023-05-05 19:10:27.564 [info] > git rev-parse --show-toplevel [10ms]
2023-05-05 19:10:40.011 [info] > git config --get commit.template [13ms]
2023-05-05 19:10:40.433 [info] > git for-each-ref --format=%(refname)%00%(upstream:short)%00%(objectname)%00%(upstream:track) refs/heads/master refs/remotes/master [427ms]
2023-05-05 19:10:40.559 [info] > git status -z -uall [119ms]
2023-05-05 19:10:41.342 [info] > git rev-parse --show-toplevel [9ms]
2023-05-05 19:11:02.252 [info] > git for-each-ref --format=%(refname)%00%(upstream:short)%00%(objectname)%00%(upstream:track) refs/heads/master refs/remotes/master [422ms]
2023-05-05 19:13:13.729 [info] > git config --local branch.master.github-pr-owner-number [3ms]
2023-05-05 19:13:13.749 [info] > git config --get commit.template [11ms]
2023-05-05 19:13:14.179 [info] > git for-each-ref --format=%(refname)%00%(upstream:short)%00%(objectname)%00%(upstream:track) refs/heads/master refs/remotes/master [436ms]
2023-05-05 19:13:14.320 [info] > git status -z -uall [133ms]
2023-05-05 19:13:15.101 [info] > git rev-parse --show-toplevel [10ms]
2023-05-05 19:13:15.198 [info] > git show --textconv 677015d02a08a459106b4ef4997799241245c32e:deployments/enerquip2.json [63ms]
2023-05-05 19:13:15.547 [info] > git config --local -l [82ms]
2023-05-05 19:13:15.576 [info] > git config --get commit.template [21ms]
2023-05-05 19:13:15.992 [info] > git for-each-ref --format=%(refname)%00%(upstream:short)%00%(objectname)%00%(upstream:track) refs/heads/master refs/remotes/master [429ms]
2023-05-05 19:13:16.130 [info] > git status -z -uall [130ms]
2023-05-05 19:13:16.898 [info] > git rev-parse --show-toplevel [3ms]
2023-05-05 19:13:17.456 [info] > git rev-parse --show-toplevel [9ms]
2023-05-05 19:13:24.200 [info] > git fetch rtkwlf master [8060ms]
2023-05-05 19:13:24.200 [info] From github.com:rtkwlf/volatile_configs
 * branch            master     -> FETCH_HEAD
2023-05-05 19:13:24.220 [info] > git config --get commit.template [11ms]
2023-05-05 19:13:24.646 [info] > git for-each-ref --format=%(refname)%00%(upstream:short)%00%(objectname)%00%(upstream:track) refs/heads/master refs/remotes/master [430ms]
2023-05-05 19:13:24.795 [info] > git status -z -uall [140ms]
2023-05-05 19:13:24.805 [info] > git rev-parse --show-toplevel [10ms]
2023-05-05 19:13:25.560 [info] > git rev-parse --show-toplevel [9ms]
2023-05-05 19:18:15.952 [info] > git config --local branch.master.github-pr-owner-number [7ms]
2023-05-05 19:18:15.975 [info] > git config --get commit.template [12ms]
2023-05-05 19:18:16.626 [info] > git for-each-ref --format=%(refname)%00%(upstream:short)%00%(objectname)%00%(upstream:track) refs/heads/master refs/remotes/master [657ms]
2023-05-05 19:18:17.084 [info] > git status -z -uall [448ms]
2023-05-05 19:18:18.625 [info] > git show --textconv 677015d02a08a459106b4ef4997799241245c32e:deployments/enerquip2.json [73ms]
2023-05-05 19:18:18.914 [info] > git config --local -l [71ms]
2023-05-05 19:18:18.955 [info] > git config --get commit.template [33ms]
2023-05-05 19:18:19.393 [info] > git for-each-ref --format=%(refname)%00%(upstream:short)%00%(objectname)%00%(upstream:track) refs/heads/master refs/remotes/master [449ms]
2023-05-05 19:18:19.525 [info] > git status -z -uall [124ms]
2023-05-05 19:18:26.617 [info] > git fetch rtkwlf master [7082ms]
2023-05-05 19:18:26.619 [info] From github.com:rtkwlf/volatile_configs
 * branch            master     -> FETCH_HEAD
2023-05-05 19:18:26.640 [info] > git config --get commit.template [12ms]
2023-05-05 19:18:27.107 [info] > git for-each-ref --format=%(refname)%00%(upstream:short)%00%(objectname)%00%(upstream:track) refs/heads/master refs/remotes/master [470ms]
2023-05-05 19:18:27.246 [info] > git status -z -uall [130ms]
2023-05-05 19:19:12.002 [info] > git rev-parse --show-toplevel [4ms]
2023-05-05 19:24:11.515 [info] > git config --local branch.master.github-pr-owner-number [4ms]
2023-05-05 19:24:11.535 [info] > git config --get commit.template [11ms]
2023-05-05 19:24:12.251 [info] > git for-each-ref --format=%(refname)%00%(upstream:short)%00%(objectname)%00%(upstream:track) refs/heads/master refs/remotes/master [720ms]
2023-05-05 19:24:12.452 [info] > git status -z -uall [190ms]
2023-05-05 19:24:13.452 [info] > git show --textconv 677015d02a08a459106b4ef4997799241245c32e:deployments/enerquip2.json [66ms]
2023-05-05 19:24:13.800 [info] > git config --local -l [99ms]
2023-05-05 19:24:13.832 [info] > git config --get commit.template [23ms]
2023-05-05 19:24:14.281 [info] > git for-each-ref --format=%(refname)%00%(upstream:short)%00%(objectname)%00%(upstream:track) refs/heads/master refs/remotes/master [462ms]
2023-05-05 19:24:14.415 [info] > git status -z -uall [126ms]
2023-05-05 19:24:25.091 [info] > git fetch rtkwlf master [10665ms]
2023-05-05 19:24:25.093 [info] From github.com:rtkwlf/volatile_configs
 * branch            master     -> FETCH_HEAD
   a5d177f..a441642  master     -> rtkwlf/master
2023-05-05 19:24:25.116 [info] > git config --get commit.template [11ms]
2023-05-05 19:24:25.625 [info] > git for-each-ref --format=%(refname)%00%(upstream:short)%00%(objectname)%00%(upstream:track) refs/heads/master refs/remotes/master [511ms]
2023-05-05 19:24:25.781 [info] > git status -z -uall [147ms]
2023-05-05 19:25:11.752 [info] > git config --local branch.master.github-pr-owner-number [100ms]
2023-05-05 19:25:11.785 [info] > git config --get commit.template [22ms]
2023-05-05 19:25:11.885 [info] > git rev-parse --show-toplevel [12ms]
2023-05-05 19:25:12.217 [info] > git for-each-ref --format=%(refname)%00%(upstream:short)%00%(objectname)%00%(upstream:track) refs/heads/master refs/remotes/master [445ms]
2023-05-05 19:25:12.384 [info] > git status -z -uall [159ms]
2023-05-05 19:26:11.841 [info] > git rev-parse --show-toplevel [3ms]
2023-05-05 19:30:11.395 [info] > git config --local branch.master.github-pr-owner-number [4ms]
2023-05-05 19:30:11.417 [info] > git config --get commit.template [12ms]
2023-05-05 19:30:11.837 [info] > git for-each-ref --format=%(refname)%00%(upstream:short)%00%(objectname)%00%(upstream:track) refs/heads/master refs/remotes/master [424ms]
2023-05-05 19:30:11.978 [info] > git status -z -uall [133ms]
2023-05-05 19:30:12.902 [info] > git show --textconv 677015d02a08a459106b4ef4997799241245c32e:deployments/enerquip2.json [64ms]
2023-05-05 19:31:11.390 [info] > git rev-parse --show-toplevel [2ms]
2023-05-05 19:36:10.902 [info] > git config --local branch.master.github-pr-owner-number [3ms]
2023-05-05 19:36:10.923 [info] > git config --get commit.template [11ms]
2023-05-05 19:36:11.353 [info] > git for-each-ref --format=%(refname)%00%(upstream:short)%00%(objectname)%00%(upstream:track) refs/heads/master refs/remotes/master [435ms]
2023-05-05 19:36:11.490 [info] > git status -z -uall [129ms]
2023-05-05 19:36:12.505 [info] > git show --textconv 677015d02a08a459106b4ef4997799241245c32e:deployments/enerquip2.json [62ms]
2023-05-05 19:37:11.799 [info] > git rev-parse --show-toplevel [5ms]
2023-05-05 19:42:11.312 [info] > git config --local branch.master.github-pr-owner-number [5ms]
2023-05-05 19:42:11.349 [info] > git config --get commit.template [15ms]
2023-05-05 19:42:33.659 [info] > git for-each-ref --format=%(refname)%00%(upstream:short)%00%(objectname)%00%(upstream:track) refs/heads/master refs/remotes/master [22317ms]
2023-05-05 19:42:34.217 [info] > git status -z -uall [543ms]
2023-05-05 19:42:35.010 [info] > git rev-parse --show-toplevel [13ms]
2023-05-05 19:42:35.184 [info] > git show --textconv 677015d02a08a459106b4ef4997799241245c32e:deployments/enerquip2.json [84ms]
2023-05-05 19:47:35.820 [info] > git config --local branch.master.github-pr-owner-number [9ms]
2023-05-05 19:47:35.855 [info] > git config --get commit.template [14ms]
2023-05-05 19:47:58.848 [info] > git for-each-ref --format=%(refname)%00%(upstream:short)%00%(objectname)%00%(upstream:track) refs/heads/master refs/remotes/master [23000ms]
2023-05-05 19:47:59.334 [info] > git status -z -uall [478ms]
2023-05-05 19:48:00.262 [info] > git show --textconv 677015d02a08a459106b4ef4997799241245c32e:deployments/enerquip2.json [87ms]
2023-05-05 19:48:11.759 [info] > git rev-parse --show-toplevel [3ms]
2023-05-05 19:53:11.269 [info] > git config --local branch.master.github-pr-owner-number [3ms]
2023-05-05 19:53:11.288 [info] > git config --get commit.template [10ms]
2023-05-05 19:53:11.724 [info] > git for-each-ref --format=%(refname)%00%(upstream:short)%00%(objectname)%00%(upstream:track) refs/heads/master refs/remotes/master [441ms]
2023-05-05 19:53:11.856 [info] > git status -z -uall [124ms]
2023-05-05 19:53:12.842 [info] > git show --textconv 677015d02a08a459106b4ef4997799241245c32e:deployments/enerquip2.json [60ms]
2023-05-05 19:54:11.436 [info] > git rev-parse --show-toplevel [3ms]
2023-05-05 19:59:10.950 [info] > git config --local branch.master.github-pr-owner-number [3ms]
2023-05-05 19:59:10.968 [info] > git config --get commit.template [9ms]
2023-05-05 19:59:11.488 [info] > git for-each-ref --format=%(refname)%00%(upstream:short)%00%(objectname)%00%(upstream:track) refs/heads/master refs/remotes/master [523ms]
2023-05-05 19:59:11.679 [info] > git status -z -uall [183ms]
2023-05-05 19:59:12.621 [info] > git show --textconv 677015d02a08a459106b4ef4997799241245c32e:deployments/enerquip2.json [60ms]
2023-05-05 20:00:11.400 [info] > git rev-parse --show-toplevel [4ms]
2023-05-05 20:05:10.920 [info] > git config --local branch.master.github-pr-owner-number [7ms]
2023-05-05 20:05:10.942 [info] > git config --get commit.template [10ms]
2023-05-05 20:05:33.734 [info] > git for-each-ref --format=%(refname)%00%(upstream:short)%00%(objectname)%00%(upstream:track) refs/heads/master refs/remotes/master [22794ms]
2023-05-05 20:05:34.197 [info] > git status -z -uall [454ms]
2023-05-05 20:05:35.220 [info] > git show --textconv 677015d02a08a459106b4ef4997799241245c32e:deployments/enerquip2.json [77ms]
2023-05-05 20:06:11.388 [info] > git rev-parse --show-toplevel [4ms]
2023-05-05 20:11:10.936 [info] > git config --local branch.master.github-pr-owner-number [12ms]
2023-05-05 20:11:10.958 [info] > git config --get commit.template [11ms]
2023-05-05 20:11:33.983 [info] > git for-each-ref --format=%(refname)%00%(upstream:short)%00%(objectname)%00%(upstream:track) refs/heads/master refs/remotes/master [23029ms]
2023-05-05 20:11:34.518 [info] > git status -z -uall [527ms]
2023-05-05 20:11:35.493 [info] > git show --textconv 677015d02a08a459106b4ef4997799241245c32e:deployments/enerquip2.json [76ms]
2023-05-05 20:12:11.654 [info] > git rev-parse --show-toplevel [3ms]
2023-05-05 20:17:11.173 [info] > git config --local branch.master.github-pr-owner-number [4ms]
2023-05-05 20:17:11.195 [info] > git config --get commit.template [10ms]
2023-05-05 20:17:30.668 [info] > git for-each-ref --format=%(refname)%00%(upstream:short)%00%(objectname)%00%(upstream:track) refs/heads/master refs/remotes/master [19475ms]
2023-05-05 20:17:30.894 [info] > git status -z -uall [218ms]
2023-05-05 20:17:31.838 [info] > git show --textconv 677015d02a08a459106b4ef4997799241245c32e:deployments/enerquip2.json [69ms]
2023-05-05 20:18:11.655 [info] > git rev-parse --show-toplevel [3ms]
2023-05-05 20:23:11.166 [info] > git config --local branch.master.github-pr-owner-number [4ms]
2023-05-05 20:23:11.185 [info] > git config --get commit.template [10ms]
2023-05-05 20:23:31.681 [info] > git for-each-ref --format=%(refname)%00%(upstream:short)%00%(objectname)%00%(upstream:track) refs/heads/master refs/remotes/master [20501ms]
2023-05-05 20:23:31.862 [info] > git status -z -uall [172ms]
2023-05-05 20:23:32.787 [info] > git show --textconv 677015d02a08a459106b4ef4997799241245c32e:deployments/enerquip2.json [62ms]
2023-05-05 20:24:11.625 [info] > git rev-parse --show-toplevel [2ms]
2023-05-05 20:29:11.142 [info] > git config --local branch.master.github-pr-owner-number [5ms]
2023-05-05 20:29:11.165 [info] > git config --get commit.template [11ms]
2023-05-05 20:29:11.611 [info] > git for-each-ref --format=%(refname)%00%(upstream:short)%00%(objectname)%00%(upstream:track) refs/heads/master refs/remotes/master [450ms]
2023-05-05 20:29:11.767 [info] > git status -z -uall [147ms]
2023-05-05 20:29:12.754 [info] > git show --textconv 677015d02a08a459106b4ef4997799241245c32e:deployments/enerquip2.json [61ms]
2023-05-05 20:30:11.574 [info] > git rev-parse --show-toplevel [3ms]
2023-05-05 20:35:11.090 [info] > git config --local branch.master.github-pr-owner-number [4ms]
2023-05-05 20:35:11.111 [info] > git config --get commit.template [10ms]
2023-05-05 20:35:11.634 [info] > git for-each-ref --format=%(refname)%00%(upstream:short)%00%(objectname)%00%(upstream:track) refs/heads/master refs/remotes/master [525ms]
2023-05-05 20:35:11.767 [info] > git status -z -uall [122ms]
2023-05-05 20:35:12.718 [info] > git show --textconv 677015d02a08a459106b4ef4997799241245c32e:deployments/enerquip2.json [60ms]
2023-05-05 20:36:11.567 [info] > git rev-parse --show-toplevel [3ms]
2023-05-05 20:41:11.084 [info] > git config --local branch.master.github-pr-owner-number [5ms]
2023-05-05 20:41:11.103 [info] > git config --get commit.template [10ms]
2023-05-05 20:41:11.841 [info] > git for-each-ref --format=%(refname)%00%(upstream:short)%00%(objectname)%00%(upstream:track) refs/heads/master refs/remotes/master [743ms]
2023-05-05 20:41:12.287 [info] > git status -z -uall [438ms]
2023-05-05 20:41:13.291 [info] > git show --textconv 677015d02a08a459106b4ef4997799241245c32e:deployments/enerquip2.json [65ms]
2023-05-05 20:42:11.558 [info] > git rev-parse --show-toplevel [2ms]
2023-05-05 20:47:11.072 [info] > git config --local branch.master.github-pr-owner-number [3ms]
2023-05-05 20:47:11.096 [info] > git config --get commit.template [14ms]
2023-05-05 20:47:11.509 [info] > git for-each-ref --format=%(refname)%00%(upstream:short)%00%(objectname)%00%(upstream:track) refs/heads/master refs/remotes/master [423ms]
2023-05-05 20:47:11.641 [info] > git status -z -uall [124ms]
2023-05-05 20:47:12.608 [info] > git show --textconv 677015d02a08a459106b4ef4997799241245c32e:deployments/enerquip2.json [74ms]
2023-05-05 20:48:11.519 [info] > git rev-parse --show-toplevel [2ms]
2023-05-05 20:53:11.029 [info] > git config --local branch.master.github-pr-owner-number [4ms]
2023-05-05 20:53:11.049 [info] > git config --get commit.template [12ms]
2023-05-05 20:53:11.488 [info] > git for-each-ref --format=%(refname)%00%(upstream:short)%00%(objectname)%00%(upstream:track) refs/heads/master refs/remotes/master [446ms]
2023-05-05 20:53:11.630 [info] > git status -z -uall [134ms]
2023-05-05 20:53:12.535 [info] > git show --textconv 677015d02a08a459106b4ef4997799241245c32e:deployments/enerquip2.json [60ms]
2023-05-05 20:54:11.498 [info] > git rev-parse --show-toplevel [3ms]
2023-05-05 20:59:11.018 [info] > git config --local branch.master.github-pr-owner-number [3ms]
2023-05-05 20:59:11.041 [info] > git config --get commit.template [14ms]
2023-05-05 20:59:11.462 [info] > git for-each-ref --format=%(refname)%00%(upstream:short)%00%(objectname)%00%(upstream:track) refs/heads/master refs/remotes/master [430ms]
2023-05-05 20:59:11.589 [info] > git status -z -uall [118ms]
2023-05-05 20:59:12.540 [info] > git show --textconv 677015d02a08a459106b4ef4997799241245c32e:deployments/enerquip2.json [70ms]
2023-05-05 21:00:11.478 [info] > git rev-parse --show-toplevel [3ms]
2023-05-05 21:05:10.987 [info] > git config --local branch.master.github-pr-owner-number [3ms]
2023-05-05 21:05:11.016 [info] > git config --get commit.template [20ms]
2023-05-05 21:05:11.432 [info] > git for-each-ref --format=%(refname)%00%(upstream:short)%00%(objectname)%00%(upstream:track) refs/heads/master refs/remotes/master [431ms]
2023-05-05 21:05:11.556 [info] > git status -z -uall [116ms]
2023-05-05 21:05:12.950 [info] > git show --textconv 677015d02a08a459106b4ef4997799241245c32e:deployments/enerquip2.json [61ms]
2023-05-05 21:06:11.452 [info] > git rev-parse --show-toplevel [3ms]
2023-05-05 21:11:10.964 [info] > git config --local branch.master.github-pr-owner-number [3ms]
2023-05-05 21:11:10.983 [info] > git config --get commit.template [10ms]
2023-05-05 21:11:11.418 [info] > git for-each-ref --format=%(refname)%00%(upstream:short)%00%(objectname)%00%(upstream:track) refs/heads/master refs/remotes/master [439ms]
2023-05-05 21:11:11.548 [info] > git status -z -uall [121ms]
2023-05-05 21:11:12.486 [info] > git show --textconv 677015d02a08a459106b4ef4997799241245c32e:deployments/enerquip2.json [68ms]
2023-05-05 21:12:11.425 [info] > git rev-parse --show-toplevel [3ms]
2023-05-05 21:17:10.938 [info] > git config --local branch.master.github-pr-owner-number [4ms]
2023-05-05 21:17:10.957 [info] > git config --get commit.template [9ms]
2023-05-05 21:17:11.391 [info] > git for-each-ref --format=%(refname)%00%(upstream:short)%00%(objectname)%00%(upstream:track) refs/heads/master refs/remotes/master [439ms]
2023-05-05 21:17:11.523 [info] > git status -z -uall [121ms]
2023-05-05 21:17:12.456 [info] > git show --textconv 677015d02a08a459106b4ef4997799241245c32e:deployments/enerquip2.json [61ms]
2023-05-05 21:18:11.413 [info] > git rev-parse --show-toplevel [4ms]
2023-05-05 21:23:10.927 [info] > git config --local branch.master.github-pr-owner-number [3ms]
2023-05-05 21:23:10.946 [info] > git config --get commit.template [10ms]
2023-05-05 21:23:11.385 [info] > git for-each-ref --format=%(refname)%00%(upstream:short)%00%(objectname)%00%(upstream:track) refs/heads/master refs/remotes/master [445ms]
2023-05-05 21:23:11.507 [info] > git status -z -uall [114ms]
2023-05-05 21:23:12.396 [info] > git show --textconv 677015d02a08a459106b4ef4997799241245c32e:deployments/enerquip2.json [59ms]
