2023-05-04 18:00:27.080 [info] Log level: Info
2023-05-04 18:00:27.080 [info] Validating found git in: "git"
2023-05-04 18:00:27.080 [info] Using git "2.7.4" from "git"
2023-05-04 18:00:27.080 [info] > git rev-parse --show-toplevel [64ms]
2023-05-04 18:00:27.080 [info] fatal: Not a git repository (or any parent up to mount point /home)
Stopping at filesystem boundary (GIT_DISCOVERY_ACROSS_FILESYSTEM not set).
2023-05-04 18:00:27.080 [info] > git rev-parse --show-toplevel [4ms]
2023-05-04 18:00:27.080 [info] fatal: Not a git repository (or any parent up to mount point /home)
Stopping at filesystem boundary (GIT_DISCOVERY_ACROSS_FILESYSTEM not set).
2023-05-04 18:00:27.080 [info] > git rev-parse --show-toplevel [5ms]
2023-05-04 18:00:27.080 [info] fatal: Not a git repository (or any parent up to mount point /home)
Stopping at filesystem boundary (GIT_DISCOVERY_ACROSS_FILESYSTEM not set).
2023-05-04 18:00:27.080 [info] > git rev-parse --show-toplevel [4ms]
2023-05-04 18:00:27.080 [info] fatal: Not a git repository (or any parent up to mount point /home)
Stopping at filesystem boundary (GIT_DISCOVERY_ACROSS_FILESYSTEM not set).
2023-05-04 18:00:27.080 [info] > git rev-parse --show-toplevel [6ms]
2023-05-04 18:00:27.080 [info] fatal: Not a git repository (or any parent up to mount point /home)
Stopping at filesystem boundary (GIT_DISCOVERY_ACROSS_FILESYSTEM not set).
2023-05-04 18:00:27.080 [info] > git rev-parse --show-toplevel [4ms]
2023-05-04 18:00:27.080 [info] fatal: Not a git repository (or any parent up to mount point /home)
Stopping at filesystem boundary (GIT_DISCOVERY_ACROSS_FILESYSTEM not set).
2023-05-04 18:00:27.080 [info] > git rev-parse --show-toplevel [4ms]
2023-05-04 18:00:27.080 [info] fatal: Not a git repository (or any parent up to mount point /home)
Stopping at filesystem boundary (GIT_DISCOVERY_ACROSS_FILESYSTEM not set).
2023-05-04 18:00:27.080 [info] > git rev-parse --show-toplevel [4ms]
2023-05-04 18:00:27.080 [info] fatal: Not a git repository (or any parent up to mount point /home)
Stopping at filesystem boundary (GIT_DISCOVERY_ACROSS_FILESYSTEM not set).
2023-05-04 18:00:27.080 [info] > git rev-parse --show-toplevel [4ms]
2023-05-04 18:00:27.080 [info] fatal: Not a git repository (or any parent up to mount point /home)
Stopping at filesystem boundary (GIT_DISCOVERY_ACROSS_FILESYSTEM not set).
2023-05-04 18:01:02.810 [info] > git rev-parse --show-toplevel [1ms]
2023-05-04 18:01:02.812 [info] fatal: Not a git repository (or any parent up to mount point /home)
Stopping at filesystem boundary (GIT_DISCOVERY_ACROSS_FILESYSTEM not set).
