2023-05-04 16:36:06.259 [info] Extension host with pid 23626 started
2023-05-04 16:36:06.282 [info] Lock '/home/raed_maklai/.vscode-server/data/User/workspaceStorage/1d46d92ebe2d39db2135ad46a070afcb/vscode.lock': Lock acquired.
2023-05-04 16:36:06.391 [info] ExtensionService#_doActivateExtension vscode.emmet, startup: false, activationEvent: 'onLanguage'
2023-05-04 16:36:06.581 [info] ExtensionService#_doActivateExtension vscode.git-base, startup: true, activationEvent: '*', root cause: vscode.git
2023-05-04 16:36:06.729 [info] ExtensionService#_doActivateExtension vscode.git, startup: true, activationEvent: '*'
2023-05-04 16:36:06.729 [info] ExtensionService#_doActivateExtension vscode.github, startup: true, activationEvent: '*'
2023-05-04 16:36:06.963 [info] Eager extensions activated
2023-05-04 16:36:06.963 [info] ExtensionService#_doActivateExtension vscode.debug-auto-launch, startup: false, activationEvent: 'onStartupFinished'
2023-05-04 16:36:06.963 [info] ExtensionService#_doActivateExtension vscode.merge-conflict, startup: false, activationEvent: 'onStartupFinished'
2023-05-04 16:36:07.253 [info] ExtensionService#_doActivateExtension GitHub.vscode-pull-request-github, startup: false, activationEvent: 'onStartupFinished'
2023-05-04 16:36:20.607 [error] Error: GraphQL error: Something went wrong while executing your query. Please include `BB6C:7630:118F8CE:121A55F:6453DEF9` when reporting this issue.
	at new e (/home/raed_maklai/.vscode-server/extensions/github.vscode-pull-request-github-0.62.0/dist/extension.js:1485:140)
	at /home/raed_maklai/.vscode-server/extensions/github.vscode-pull-request-github-0.62.0/dist/extension.js:1485:20973
	at /home/raed_maklai/.vscode-server/extensions/github.vscode-pull-request-github-0.62.0/dist/extension.js:1485:26932
	at Set.forEach (<anonymous>)
	at /home/raed_maklai/.vscode-server/extensions/github.vscode-pull-request-github-0.62.0/dist/extension.js:1485:26909
	at Map.forEach (<anonymous>)
	at i.broadcastQueries (/home/raed_maklai/.vscode-server/extensions/github.vscode-pull-request-github-0.62.0/dist/extension.js:1485:26860)
	at /home/raed_maklai/.vscode-server/extensions/github.vscode-pull-request-github-0.62.0/dist/extension.js:1485:28410
	at Object.next (/home/raed_maklai/.vscode-server/extensions/github.vscode-pull-request-github-0.62.0/dist/extension.js:1405:16602)
	at k (/home/raed_maklai/.vscode-server/extensions/github.vscode-pull-request-github-0.62.0/dist/extension.js:1405:14546)
	at N (/home/raed_maklai/.vscode-server/extensions/github.vscode-pull-request-github-0.62.0/dist/extension.js:1405:14949)
	at F.value (/home/raed_maklai/.vscode-server/extensions/github.vscode-pull-request-github-0.62.0/dist/extension.js:1405:15471)
	at /home/raed_maklai/.vscode-server/extensions/github.vscode-pull-request-github-0.62.0/dist/extension.js:1485:14281
	at Set.forEach (<anonymous>)
	at Object.next (/home/raed_maklai/.vscode-server/extensions/github.vscode-pull-request-github-0.62.0/dist/extension.js:1485:14244)
	at k (/home/raed_maklai/.vscode-server/extensions/github.vscode-pull-request-github-0.62.0/dist/extension.js:1405:14546)
	at N (/home/raed_maklai/.vscode-server/extensions/github.vscode-pull-request-github-0.62.0/dist/extension.js:1405:14949)
	at F.value (/home/raed_maklai/.vscode-server/extensions/github.vscode-pull-request-github-0.62.0/dist/extension.js:1405:15471)
	at k (/home/raed_maklai/.vscode-server/extensions/github.vscode-pull-request-github-0.62.0/dist/extension.js:1405:14546)
	at N (/home/raed_maklai/.vscode-server/extensions/github.vscode-pull-request-github-0.62.0/dist/extension.js:1405:14949)
	at F.value (/home/raed_maklai/.vscode-server/extensions/github.vscode-pull-request-github-0.62.0/dist/extension.js:1405:15471)
	at /home/raed_maklai/.vscode-server/extensions/github.vscode-pull-request-github-0.62.0/dist/extension.js:1568:10922
	at processTicksAndRejections (node:internal/process/task_queues:96:5)
2023-05-04 16:37:11.673 [info] ExtensionService#_doActivateExtension vscode.configuration-editing, startup: false, activationEvent: 'onLanguage:json'
2023-05-04 16:37:11.674 [info] ExtensionService#_doActivateExtension vscode.extension-editing, startup: false, activationEvent: 'onLanguage:json'
2023-05-04 16:37:11.675 [info] ExtensionService#_doActivateExtension vscode.json-language-features, startup: false, activationEvent: 'onLanguage:json'
2023-05-04 16:37:11.675 [info] ExtensionService#_doActivateExtension vscode.npm, startup: false, activationEvent: 'onLanguage:json'
2023-05-04 16:53:32.947 [error] Error: GraphQL error: Something went wrong while executing your query. Please include `BB6C:7630:118F8CE:121A55F:6453DEF9` when reporting this issue.
	at new e (/home/raed_maklai/.vscode-server/extensions/github.vscode-pull-request-github-0.62.0/dist/extension.js:1485:140)
	at /home/raed_maklai/.vscode-server/extensions/github.vscode-pull-request-github-0.62.0/dist/extension.js:1485:20973
	at /home/raed_maklai/.vscode-server/extensions/github.vscode-pull-request-github-0.62.0/dist/extension.js:1485:26932
	at Set.forEach (<anonymous>)
	at /home/raed_maklai/.vscode-server/extensions/github.vscode-pull-request-github-0.62.0/dist/extension.js:1485:26909
	at Map.forEach (<anonymous>)
	at i.broadcastQueries (/home/raed_maklai/.vscode-server/extensions/github.vscode-pull-request-github-0.62.0/dist/extension.js:1485:26860)
	at /home/raed_maklai/.vscode-server/extensions/github.vscode-pull-request-github-0.62.0/dist/extension.js:1485:28410
	at Object.next (/home/raed_maklai/.vscode-server/extensions/github.vscode-pull-request-github-0.62.0/dist/extension.js:1405:16602)
	at k (/home/raed_maklai/.vscode-server/extensions/github.vscode-pull-request-github-0.62.0/dist/extension.js:1405:14546)
	at N (/home/raed_maklai/.vscode-server/extensions/github.vscode-pull-request-github-0.62.0/dist/extension.js:1405:14949)
	at F.value (/home/raed_maklai/.vscode-server/extensions/github.vscode-pull-request-github-0.62.0/dist/extension.js:1405:15471)
	at /home/raed_maklai/.vscode-server/extensions/github.vscode-pull-request-github-0.62.0/dist/extension.js:1485:14281
	at Set.forEach (<anonymous>)
	at Object.next (/home/raed_maklai/.vscode-server/extensions/github.vscode-pull-request-github-0.62.0/dist/extension.js:1485:14244)
	at k (/home/raed_maklai/.vscode-server/extensions/github.vscode-pull-request-github-0.62.0/dist/extension.js:1405:14546)
	at N (/home/raed_maklai/.vscode-server/extensions/github.vscode-pull-request-github-0.62.0/dist/extension.js:1405:14949)
	at F.value (/home/raed_maklai/.vscode-server/extensions/github.vscode-pull-request-github-0.62.0/dist/extension.js:1405:15471)
	at k (/home/raed_maklai/.vscode-server/extensions/github.vscode-pull-request-github-0.62.0/dist/extension.js:1405:14546)
	at N (/home/raed_maklai/.vscode-server/extensions/github.vscode-pull-request-github-0.62.0/dist/extension.js:1405:14949)
	at F.value (/home/raed_maklai/.vscode-server/extensions/github.vscode-pull-request-github-0.62.0/dist/extension.js:1405:15471)
	at /home/raed_maklai/.vscode-server/extensions/github.vscode-pull-request-github-0.62.0/dist/extension.js:1568:10922
	at processTicksAndRejections (node:internal/process/task_queues:96:5)
2023-05-04 16:54:19.877 [error] Error: GraphQL error: Something went wrong while executing your query. Please include `BB6C:7630:118F8CE:121A55F:6453DEF9` when reporting this issue.
	at new e (/home/raed_maklai/.vscode-server/extensions/github.vscode-pull-request-github-0.62.0/dist/extension.js:1485:140)
	at /home/raed_maklai/.vscode-server/extensions/github.vscode-pull-request-github-0.62.0/dist/extension.js:1485:20973
	at /home/raed_maklai/.vscode-server/extensions/github.vscode-pull-request-github-0.62.0/dist/extension.js:1485:26932
	at Set.forEach (<anonymous>)
	at /home/raed_maklai/.vscode-server/extensions/github.vscode-pull-request-github-0.62.0/dist/extension.js:1485:26909
	at Map.forEach (<anonymous>)
	at i.broadcastQueries (/home/raed_maklai/.vscode-server/extensions/github.vscode-pull-request-github-0.62.0/dist/extension.js:1485:26860)
	at /home/raed_maklai/.vscode-server/extensions/github.vscode-pull-request-github-0.62.0/dist/extension.js:1485:28410
	at Object.next (/home/raed_maklai/.vscode-server/extensions/github.vscode-pull-request-github-0.62.0/dist/extension.js:1405:16602)
	at k (/home/raed_maklai/.vscode-server/extensions/github.vscode-pull-request-github-0.62.0/dist/extension.js:1405:14546)
	at N (/home/raed_maklai/.vscode-server/extensions/github.vscode-pull-request-github-0.62.0/dist/extension.js:1405:14949)
	at F.value (/home/raed_maklai/.vscode-server/extensions/github.vscode-pull-request-github-0.62.0/dist/extension.js:1405:15471)
	at /home/raed_maklai/.vscode-server/extensions/github.vscode-pull-request-github-0.62.0/dist/extension.js:1485:14281
	at Set.forEach (<anonymous>)
	at Object.next (/home/raed_maklai/.vscode-server/extensions/github.vscode-pull-request-github-0.62.0/dist/extension.js:1485:14244)
	at k (/home/raed_maklai/.vscode-server/extensions/github.vscode-pull-request-github-0.62.0/dist/extension.js:1405:14546)
	at N (/home/raed_maklai/.vscode-server/extensions/github.vscode-pull-request-github-0.62.0/dist/extension.js:1405:14949)
	at F.value (/home/raed_maklai/.vscode-server/extensions/github.vscode-pull-request-github-0.62.0/dist/extension.js:1405:15471)
	at k (/home/raed_maklai/.vscode-server/extensions/github.vscode-pull-request-github-0.62.0/dist/extension.js:1405:14546)
	at N (/home/raed_maklai/.vscode-server/extensions/github.vscode-pull-request-github-0.62.0/dist/extension.js:1405:14949)
	at F.value (/home/raed_maklai/.vscode-server/extensions/github.vscode-pull-request-github-0.62.0/dist/extension.js:1405:15471)
	at /home/raed_maklai/.vscode-server/extensions/github.vscode-pull-request-github-0.62.0/dist/extension.js:1568:10922
	at processTicksAndRejections (node:internal/process/task_queues:96:5)
2023-05-04 16:54:25.686 [error] Error: GraphQL error: Something went wrong while executing your query. Please include `BB6C:7630:118F8CE:121A55F:6453DEF9` when reporting this issue.
	at new e (/home/raed_maklai/.vscode-server/extensions/github.vscode-pull-request-github-0.62.0/dist/extension.js:1485:140)
	at /home/raed_maklai/.vscode-server/extensions/github.vscode-pull-request-github-0.62.0/dist/extension.js:1485:20973
	at /home/raed_maklai/.vscode-server/extensions/github.vscode-pull-request-github-0.62.0/dist/extension.js:1485:26932
	at Set.forEach (<anonymous>)
	at /home/raed_maklai/.vscode-server/extensions/github.vscode-pull-request-github-0.62.0/dist/extension.js:1485:26909
	at Map.forEach (<anonymous>)
	at i.broadcastQueries (/home/raed_maklai/.vscode-server/extensions/github.vscode-pull-request-github-0.62.0/dist/extension.js:1485:26860)
	at /home/raed_maklai/.vscode-server/extensions/github.vscode-pull-request-github-0.62.0/dist/extension.js:1485:28410
	at Object.next (/home/raed_maklai/.vscode-server/extensions/github.vscode-pull-request-github-0.62.0/dist/extension.js:1405:16602)
	at k (/home/raed_maklai/.vscode-server/extensions/github.vscode-pull-request-github-0.62.0/dist/extension.js:1405:14546)
	at N (/home/raed_maklai/.vscode-server/extensions/github.vscode-pull-request-github-0.62.0/dist/extension.js:1405:14949)
	at F.value (/home/raed_maklai/.vscode-server/extensions/github.vscode-pull-request-github-0.62.0/dist/extension.js:1405:15471)
	at /home/raed_maklai/.vscode-server/extensions/github.vscode-pull-request-github-0.62.0/dist/extension.js:1485:14281
	at Set.forEach (<anonymous>)
	at Object.next (/home/raed_maklai/.vscode-server/extensions/github.vscode-pull-request-github-0.62.0/dist/extension.js:1485:14244)
	at k (/home/raed_maklai/.vscode-server/extensions/github.vscode-pull-request-github-0.62.0/dist/extension.js:1405:14546)
	at N (/home/raed_maklai/.vscode-server/extensions/github.vscode-pull-request-github-0.62.0/dist/extension.js:1405:14949)
	at F.value (/home/raed_maklai/.vscode-server/extensions/github.vscode-pull-request-github-0.62.0/dist/extension.js:1405:15471)
	at k (/home/raed_maklai/.vscode-server/extensions/github.vscode-pull-request-github-0.62.0/dist/extension.js:1405:14546)
	at N (/home/raed_maklai/.vscode-server/extensions/github.vscode-pull-request-github-0.62.0/dist/extension.js:1405:14949)
	at F.value (/home/raed_maklai/.vscode-server/extensions/github.vscode-pull-request-github-0.62.0/dist/extension.js:1405:15471)
	at /home/raed_maklai/.vscode-server/extensions/github.vscode-pull-request-github-0.62.0/dist/extension.js:1568:10922
	at processTicksAndRejections (node:internal/process/task_queues:96:5)
2023-05-04 18:00:18.079 [info] Extension host terminating: received terminate message from renderer
2023-05-04 18:00:18.081 [info] Lock '/home/raed_maklai/.vscode-server/data/User/workspaceStorage/1d46d92ebe2d39db2135ad46a070afcb/vscode.lock': Marking the lockfile as scheduled to be released in 6000 ms.
2023-05-04 18:00:18.107 [error] Canceled: Canceled
	at new l (/home/raed_maklai/.vscode-server/bin/704ed70d4fd1c6bd6342c436f1ede30d1cff4710/out/vs/workbench/api/node/extensionHostProcess.js:99:105190)
	at c.O (/home/raed_maklai/.vscode-server/bin/704ed70d4fd1c6bd6342c436f1ede30d1cff4710/out/vs/workbench/api/node/extensionHostProcess.js:109:11692)
	at Proxy.G.<computed>.Q.charCodeAt.G.<computed> (/home/raed_maklai/.vscode-server/bin/704ed70d4fd1c6bd6342c436f1ede30d1cff4710/out/vs/workbench/api/node/extensionHostProcess.js:109:8967)
	at m.g (/home/raed_maklai/.vscode-server/bin/704ed70d4fd1c6bd6342c436f1ede30d1cff4710/out/vs/workbench/api/node/extensionHostProcess.js:99:125211)
	at m.executeCommand (/home/raed_maklai/.vscode-server/bin/704ed70d4fd1c6bd6342c436f1ede30d1cff4710/out/vs/workbench/api/node/extensionHostProcess.js:99:124587)
	at L.registerCommand.description (/home/raed_maklai/.vscode-server/bin/704ed70d4fd1c6bd6342c436f1ede30d1cff4710/out/vs/workbench/api/node/extensionHostProcess.js:99:123880)
	at m.h (/home/raed_maklai/.vscode-server/bin/704ed70d4fd1c6bd6342c436f1ede30d1cff4710/out/vs/workbench/api/node/extensionHostProcess.js:99:125797)
	at m.g (/home/raed_maklai/.vscode-server/bin/704ed70d4fd1c6bd6342c436f1ede30d1cff4710/out/vs/workbench/api/node/extensionHostProcess.js:99:124687)
	at m.executeCommand (/home/raed_maklai/.vscode-server/bin/704ed70d4fd1c6bd6342c436f1ede30d1cff4710/out/vs/workbench/api/node/extensionHostProcess.js:99:124587)
	at Object.executeCommand (/home/raed_maklai/.vscode-server/bin/704ed70d4fd1c6bd6342c436f1ede30d1cff4710/out/vs/workbench/api/node/extensionHostProcess.js:115:23801)
	at D (/home/raed_maklai/.vscode-server/bin/704ed70d4fd1c6bd6342c436f1ede30d1cff4710/extensions/git/dist/main.js:2:1467156)
	at E.invoke (/home/raed_maklai/.vscode-server/bin/704ed70d4fd1c6bd6342c436f1ede30d1cff4710/out/vs/workbench/api/node/extensionHostProcess.js:63:145)
	at h.deliver (/home/raed_maklai/.vscode-server/bin/704ed70d4fd1c6bd6342c436f1ede30d1cff4710/out/vs/workbench/api/node/extensionHostProcess.js:63:2121)
	at n.fire (/home/raed_maklai/.vscode-server/bin/704ed70d4fd1c6bd6342c436f1ede30d1cff4710/out/vs/workbench/api/node/extensionHostProcess.js:63:1729)
	at Object.m [as dispose] (/home/raed_maklai/.vscode-server/bin/704ed70d4fd1c6bd6342c436f1ede30d1cff4710/extensions/git/dist/main.js:2:1481885)
	at /home/raed_maklai/.vscode-server/bin/704ed70d4fd1c6bd6342c436f1ede30d1cff4710/extensions/git/dist/main.js:2:1485952
	at Array.forEach (<anonymous>)
	at g.dispose (/home/raed_maklai/.vscode-server/bin/704ed70d4fd1c6bd6342c436f1ede30d1cff4710/extensions/git/dist/main.js:2:1485938)
	at t.<anonymous> (/home/raed_maklai/.vscode-server/bin/704ed70d4fd1c6bd6342c436f1ede30d1cff4710/out/vs/workbench/api/node/extensionHostProcess.js:97:12398)
	at t.dispose (/home/raed_maklai/.vscode-server/bin/704ed70d4fd1c6bd6342c436f1ede30d1cff4710/out/vs/workbench/api/node/extensionHostProcess.js:97:12533)
	at t.<anonymous> (/home/raed_maklai/.vscode-server/bin/704ed70d4fd1c6bd6342c436f1ede30d1cff4710/extensions/git/dist/main.js:2:1469286)
	at t.dispose (/home/raed_maklai/.vscode-server/bin/704ed70d4fd1c6bd6342c436f1ede30d1cff4710/out/vs/workbench/api/node/extensionHostProcess.js:97:12533)
	at I (/home/raed_maklai/.vscode-server/bin/704ed70d4fd1c6bd6342c436f1ede30d1cff4710/out/vs/workbench/api/node/extensionHostProcess.js:10:12084)
	at E.Y (/home/raed_maklai/.vscode-server/bin/704ed70d4fd1c6bd6342c436f1ede30d1cff4710/out/vs/workbench/api/node/extensionHostProcess.js:111:11147)
	at /home/raed_maklai/.vscode-server/bin/704ed70d4fd1c6bd6342c436f1ede30d1cff4710/out/vs/workbench/api/node/extensionHostProcess.js:111:9131
	at Array.map (<anonymous>)
	at E.R (/home/raed_maklai/.vscode-server/bin/704ed70d4fd1c6bd6342c436f1ede30d1cff4710/out/vs/workbench/api/node/extensionHostProcess.js:111:9118)
	at E.terminate (/home/raed_maklai/.vscode-server/bin/704ed70d4fd1c6bd6342c436f1ede30d1cff4710/out/vs/workbench/api/node/extensionHostProcess.js:111:9389)
	at d.terminate (/home/raed_maklai/.vscode-server/bin/704ed70d4fd1c6bd6342c436f1ede30d1cff4710/out/vs/workbench/api/node/extensionHostProcess.js:115:1544)
	at p (/home/raed_maklai/.vscode-server/bin/704ed70d4fd1c6bd6342c436f1ede30d1cff4710/out/vs/workbench/api/node/extensionHostProcess.js:125:18690)
	at /home/raed_maklai/.vscode-server/bin/704ed70d4fd1c6bd6342c436f1ede30d1cff4710/out/vs/workbench/api/node/extensionHostProcess.js:125:16600
	at E.invoke (/home/raed_maklai/.vscode-server/bin/704ed70d4fd1c6bd6342c436f1ede30d1cff4710/out/vs/workbench/api/node/extensionHostProcess.js:63:145)
	at h.deliver (/home/raed_maklai/.vscode-server/bin/704ed70d4fd1c6bd6342c436f1ede30d1cff4710/out/vs/workbench/api/node/extensionHostProcess.js:63:2121)
	at n.fire (/home/raed_maklai/.vscode-server/bin/704ed70d4fd1c6bd6342c436f1ede30d1cff4710/out/vs/workbench/api/node/extensionHostProcess.js:63:1729)
	at p.fire (/home/raed_maklai/.vscode-server/bin/704ed70d4fd1c6bd6342c436f1ede30d1cff4710/out/vs/workbench/api/node/extensionHostProcess.js:72:14916)
	at s.E (/home/raed_maklai/.vscode-server/bin/704ed70d4fd1c6bd6342c436f1ede30d1cff4710/out/vs/workbench/api/node/extensionHostProcess.js:72:18982)
	at /home/raed_maklai/.vscode-server/bin/704ed70d4fd1c6bd6342c436f1ede30d1cff4710/out/vs/workbench/api/node/extensionHostProcess.js:72:18161
	at E.invoke (/home/raed_maklai/.vscode-server/bin/704ed70d4fd1c6bd6342c436f1ede30d1cff4710/out/vs/workbench/api/node/extensionHostProcess.js:63:145)
	at h.deliver (/home/raed_maklai/.vscode-server/bin/704ed70d4fd1c6bd6342c436f1ede30d1cff4710/out/vs/workbench/api/node/extensionHostProcess.js:63:2121)
	at n.fire (/home/raed_maklai/.vscode-server/bin/704ed70d4fd1c6bd6342c436f1ede30d1cff4710/out/vs/workbench/api/node/extensionHostProcess.js:63:1729)
	at d.acceptChunk (/home/raed_maklai/.vscode-server/bin/704ed70d4fd1c6bd6342c436f1ede30d1cff4710/out/vs/workbench/api/node/extensionHostProcess.js:72:12647)
	at /home/raed_maklai/.vscode-server/bin/704ed70d4fd1c6bd6342c436f1ede30d1cff4710/out/vs/workbench/api/node/extensionHostProcess.js:72:11934
	at E.invoke (/home/raed_maklai/.vscode-server/bin/704ed70d4fd1c6bd6342c436f1ede30d1cff4710/out/vs/workbench/api/node/extensionHostProcess.js:63:145)
	at h.deliver (/home/raed_maklai/.vscode-server/bin/704ed70d4fd1c6bd6342c436f1ede30d1cff4710/out/vs/workbench/api/node/extensionHostProcess.js:63:2121)
	at n.fire (/home/raed_maklai/.vscode-server/bin/704ed70d4fd1c6bd6342c436f1ede30d1cff4710/out/vs/workbench/api/node/extensionHostProcess.js:63:1729)
	at n.u (/home/raed_maklai/.vscode-server/bin/704ed70d4fd1c6bd6342c436f1ede30d1cff4710/out/vs/workbench/api/node/extensionHostProcess.js:72:28899) setContext undefined
2023-05-04 18:00:18.107 [error] Canceled: Canceled
	at new l (/home/raed_maklai/.vscode-server/bin/704ed70d4fd1c6bd6342c436f1ede30d1cff4710/out/vs/workbench/api/node/extensionHostProcess.js:99:105190)
	at c.O (/home/raed_maklai/.vscode-server/bin/704ed70d4fd1c6bd6342c436f1ede30d1cff4710/out/vs/workbench/api/node/extensionHostProcess.js:109:11692)
	at Proxy.G.<computed>.Q.charCodeAt.G.<computed> (/home/raed_maklai/.vscode-server/bin/704ed70d4fd1c6bd6342c436f1ede30d1cff4710/out/vs/workbench/api/node/extensionHostProcess.js:109:8967)
	at m.g (/home/raed_maklai/.vscode-server/bin/704ed70d4fd1c6bd6342c436f1ede30d1cff4710/out/vs/workbench/api/node/extensionHostProcess.js:99:125211)
	at m.executeCommand (/home/raed_maklai/.vscode-server/bin/704ed70d4fd1c6bd6342c436f1ede30d1cff4710/out/vs/workbench/api/node/extensionHostProcess.js:99:124587)
	at L.registerCommand.description (/home/raed_maklai/.vscode-server/bin/704ed70d4fd1c6bd6342c436f1ede30d1cff4710/out/vs/workbench/api/node/extensionHostProcess.js:99:123880)
	at m.h (/home/raed_maklai/.vscode-server/bin/704ed70d4fd1c6bd6342c436f1ede30d1cff4710/out/vs/workbench/api/node/extensionHostProcess.js:99:125797)
	at m.g (/home/raed_maklai/.vscode-server/bin/704ed70d4fd1c6bd6342c436f1ede30d1cff4710/out/vs/workbench/api/node/extensionHostProcess.js:99:124687)
	at m.executeCommand (/home/raed_maklai/.vscode-server/bin/704ed70d4fd1c6bd6342c436f1ede30d1cff4710/out/vs/workbench/api/node/extensionHostProcess.js:99:124587)
	at Object.executeCommand (/home/raed_maklai/.vscode-server/bin/704ed70d4fd1c6bd6342c436f1ede30d1cff4710/out/vs/workbench/api/node/extensionHostProcess.js:115:23801)
	at e (/home/raed_maklai/.vscode-server/extensions/github.vscode-pull-request-github-0.62.0/dist/extension.js:1407:11346)
	at Object.n [as setContext] (/home/raed_maklai/.vscode-server/extensions/github.vscode-pull-request-github-0.62.0/dist/extension.js:1407:11461)
	at mc.updateActiveReviewCount (/home/raed_maklai/.vscode-server/extensions/github.vscode-pull-request-github-0.62.0/dist/extension.js:1568:20109)
	at mc.removeRepo (/home/raed_maklai/.vscode-server/extensions/github.vscode-pull-request-github-0.62.0/dist/extension.js:1568:21186)
	at /home/raed_maklai/.vscode-server/extensions/github.vscode-pull-request-github-0.62.0/dist/extension.js:1597:4036
	at E.invoke (/home/raed_maklai/.vscode-server/bin/704ed70d4fd1c6bd6342c436f1ede30d1cff4710/out/vs/workbench/api/node/extensionHostProcess.js:63:145)
	at h.deliver (/home/raed_maklai/.vscode-server/bin/704ed70d4fd1c6bd6342c436f1ede30d1cff4710/out/vs/workbench/api/node/extensionHostProcess.js:63:2121)
	at n.fire (/home/raed_maklai/.vscode-server/bin/704ed70d4fd1c6bd6342c436f1ede30d1cff4710/out/vs/workbench/api/node/extensionHostProcess.js:63:1729)
	at /home/raed_maklai/.vscode-server/extensions/github.vscode-pull-request-github-0.62.0/dist/extension.js:1405:461527
	at E.invoke (/home/raed_maklai/.vscode-server/bin/704ed70d4fd1c6bd6342c436f1ede30d1cff4710/out/vs/workbench/api/node/extensionHostProcess.js:63:145)
	at h.deliver (/home/raed_maklai/.vscode-server/bin/704ed70d4fd1c6bd6342c436f1ede30d1cff4710/out/vs/workbench/api/node/extensionHostProcess.js:63:2121)
	at n.fire (/home/raed_maklai/.vscode-server/bin/704ed70d4fd1c6bd6342c436f1ede30d1cff4710/out/vs/workbench/api/node/extensionHostProcess.js:63:1729)
	at /home/raed_maklai/.vscode-server/extensions/github.vscode-pull-request-github-0.62.0/dist/extension.js:1568:24559
	at /home/raed_maklai/.vscode-server/bin/704ed70d4fd1c6bd6342c436f1ede30d1cff4710/extensions/git/dist/main.js:2:1553088
	at E.invoke (/home/raed_maklai/.vscode-server/bin/704ed70d4fd1c6bd6342c436f1ede30d1cff4710/out/vs/workbench/api/node/extensionHostProcess.js:63:145)
	at h.deliver (/home/raed_maklai/.vscode-server/bin/704ed70d4fd1c6bd6342c436f1ede30d1cff4710/out/vs/workbench/api/node/extensionHostProcess.js:63:2121)
	at n.fire (/home/raed_maklai/.vscode-server/bin/704ed70d4fd1c6bd6342c436f1ede30d1cff4710/out/vs/workbench/api/node/extensionHostProcess.js:63:1729)
	at Object.m [as dispose] (/home/raed_maklai/.vscode-server/bin/704ed70d4fd1c6bd6342c436f1ede30d1cff4710/extensions/git/dist/main.js:2:1481885)
	at /home/raed_maklai/.vscode-server/bin/704ed70d4fd1c6bd6342c436f1ede30d1cff4710/extensions/git/dist/main.js:2:1485952
	at Array.forEach (<anonymous>)
	at g.dispose (/home/raed_maklai/.vscode-server/bin/704ed70d4fd1c6bd6342c436f1ede30d1cff4710/extensions/git/dist/main.js:2:1485938)
	at t.<anonymous> (/home/raed_maklai/.vscode-server/bin/704ed70d4fd1c6bd6342c436f1ede30d1cff4710/out/vs/workbench/api/node/extensionHostProcess.js:97:12398)
	at t.dispose (/home/raed_maklai/.vscode-server/bin/704ed70d4fd1c6bd6342c436f1ede30d1cff4710/out/vs/workbench/api/node/extensionHostProcess.js:97:12533)
	at t.<anonymous> (/home/raed_maklai/.vscode-server/bin/704ed70d4fd1c6bd6342c436f1ede30d1cff4710/extensions/git/dist/main.js:2:1469286)
	at t.dispose (/home/raed_maklai/.vscode-server/bin/704ed70d4fd1c6bd6342c436f1ede30d1cff4710/out/vs/workbench/api/node/extensionHostProcess.js:97:12533)
	at I (/home/raed_maklai/.vscode-server/bin/704ed70d4fd1c6bd6342c436f1ede30d1cff4710/out/vs/workbench/api/node/extensionHostProcess.js:10:12084)
	at E.Y (/home/raed_maklai/.vscode-server/bin/704ed70d4fd1c6bd6342c436f1ede30d1cff4710/out/vs/workbench/api/node/extensionHostProcess.js:111:11147)
	at /home/raed_maklai/.vscode-server/bin/704ed70d4fd1c6bd6342c436f1ede30d1cff4710/out/vs/workbench/api/node/extensionHostProcess.js:111:9131
	at Array.map (<anonymous>)
	at E.R (/home/raed_maklai/.vscode-server/bin/704ed70d4fd1c6bd6342c436f1ede30d1cff4710/out/vs/workbench/api/node/extensionHostProcess.js:111:9118)
	at E.terminate (/home/raed_maklai/.vscode-server/bin/704ed70d4fd1c6bd6342c436f1ede30d1cff4710/out/vs/workbench/api/node/extensionHostProcess.js:111:9389)
	at d.terminate (/home/raed_maklai/.vscode-server/bin/704ed70d4fd1c6bd6342c436f1ede30d1cff4710/out/vs/workbench/api/node/extensionHostProcess.js:115:1544)
	at p (/home/raed_maklai/.vscode-server/bin/704ed70d4fd1c6bd6342c436f1ede30d1cff4710/out/vs/workbench/api/node/extensionHostProcess.js:125:18690)
	at /home/raed_maklai/.vscode-server/bin/704ed70d4fd1c6bd6342c436f1ede30d1cff4710/out/vs/workbench/api/node/extensionHostProcess.js:125:16600
	at E.invoke (/home/raed_maklai/.vscode-server/bin/704ed70d4fd1c6bd6342c436f1ede30d1cff4710/out/vs/workbench/api/node/extensionHostProcess.js:63:145)
	at h.deliver (/home/raed_maklai/.vscode-server/bin/704ed70d4fd1c6bd6342c436f1ede30d1cff4710/out/vs/workbench/api/node/extensionHostProcess.js:63:2121)
	at n.fire (/home/raed_maklai/.vscode-server/bin/704ed70d4fd1c6bd6342c436f1ede30d1cff4710/out/vs/workbench/api/node/extensionHostProcess.js:63:1729)
	at p.fire (/home/raed_maklai/.vscode-server/bin/704ed70d4fd1c6bd6342c436f1ede30d1cff4710/out/vs/workbench/api/node/extensionHostProcess.js:72:14916)
	at s.E (/home/raed_maklai/.vscode-server/bin/704ed70d4fd1c6bd6342c436f1ede30d1cff4710/out/vs/workbench/api/node/extensionHostProcess.js:72:18982)
	at /home/raed_maklai/.vscode-server/bin/704ed70d4fd1c6bd6342c436f1ede30d1cff4710/out/vs/workbench/api/node/extensionHostProcess.js:72:18161
	at E.invoke (/home/raed_maklai/.vscode-server/bin/704ed70d4fd1c6bd6342c436f1ede30d1cff4710/out/vs/workbench/api/node/extensionHostProcess.js:63:145)
	at h.deliver (/home/raed_maklai/.vscode-server/bin/704ed70d4fd1c6bd6342c436f1ede30d1cff4710/out/vs/workbench/api/node/extensionHostProcess.js:63:2121)
	at n.fire (/home/raed_maklai/.vscode-server/bin/704ed70d4fd1c6bd6342c436f1ede30d1cff4710/out/vs/workbench/api/node/extensionHostProcess.js:63:1729)
	at d.acceptChunk (/home/raed_maklai/.vscode-server/bin/704ed70d4fd1c6bd6342c436f1ede30d1cff4710/out/vs/workbench/api/node/extensionHostProcess.js:72:12647)
	at /home/raed_maklai/.vscode-server/bin/704ed70d4fd1c6bd6342c436f1ede30d1cff4710/out/vs/workbench/api/node/extensionHostProcess.js:72:11934
	at E.invoke (/home/raed_maklai/.vscode-server/bin/704ed70d4fd1c6bd6342c436f1ede30d1cff4710/out/vs/workbench/api/node/extensionHostProcess.js:63:145)
	at h.deliver (/home/raed_maklai/.vscode-server/bin/704ed70d4fd1c6bd6342c436f1ede30d1cff4710/out/vs/workbench/api/node/extensionHostProcess.js:63:2121)
	at n.fire (/home/raed_maklai/.vscode-server/bin/704ed70d4fd1c6bd6342c436f1ede30d1cff4710/out/vs/workbench/api/node/extensionHostProcess.js:63:1729)
	at n.u (/home/raed_maklai/.vscode-server/bin/704ed70d4fd1c6bd6342c436f1ede30d1cff4710/out/vs/workbench/api/node/extensionHostProcess.js:72:28899) setContext undefined
2023-05-04 18:00:18.117 [info] Extension host with pid 23626 exiting with code 0
