2023-05-17 17:24:56.039 [info] Log level: Info
2023-05-17 17:24:56.039 [info] Validating found git in: "git"
2023-05-17 17:24:56.039 [info] Using git "2.7.4" from "git"
2023-05-17 17:24:56.039 [info] > git rev-parse --show-toplevel [48ms]
2023-05-17 17:24:56.039 [info] > git rev-parse --git-dir --git-common-dir [7ms]
2023-05-17 17:24:56.039 [info] Open repository: /mnt/disk1/sework/raed_maklai/volatile_configs
2023-05-17 17:24:56.039 [info] > git rev-parse --show-toplevel [14ms]
2023-05-17 17:24:56.039 [info] > git rev-parse --show-toplevel [8ms]
2023-05-17 17:24:56.039 [info] > git config --get commit.template [19ms]
2023-05-17 17:24:56.039 [info] > git rev-parse --show-toplevel [5ms]
2023-05-17 17:24:56.039 [info] > git rev-parse --show-toplevel [5ms]
2023-05-17 17:24:56.039 [info] > git rev-parse --show-toplevel [5ms]
2023-05-17 17:24:56.039 [info] > git rev-parse --show-toplevel [5ms]
2023-05-17 17:24:56.039 [info] > git rev-parse --show-toplevel [5ms]
2023-05-17 17:24:56.039 [info] > git rev-parse --show-toplevel [23ms]
2023-05-17 17:24:56.039 [info] > git rev-parse --show-toplevel [26ms]
2023-05-17 17:24:56.039 [info] > git rev-parse --show-toplevel [5ms]
2023-05-17 17:24:56.039 [info] > git rev-parse --show-toplevel [4ms]
2023-05-17 17:24:56.039 [info] > git rev-parse --show-toplevel [5ms]
2023-05-17 17:24:56.039 [info] > git show --textconv 677015d02a08a459106b4ef4997799241245c32e:deployments/enerquip2.json [68ms]
2023-05-17 17:24:56.266 [info] > git check-ignore -v -z --stdin [35ms]
2023-05-17 17:25:18.816 [info] > git for-each-ref --format=%(refname)%00%(upstream:short)%00%(objectname)%00%(upstream:track) refs/heads/master refs/remotes/master [23175ms]
2023-05-17 17:25:18.952 [info] > git status -z -uall [128ms]
2023-05-17 17:25:18.983 [info] > git config --get commit.template [14ms]
2023-05-17 17:25:19.405 [info] > git for-each-ref --format=%(refname)%00%(upstream:short)%00%(objectname)%00%(upstream:track) refs/heads/master refs/remotes/master [433ms]
2023-05-17 17:25:19.529 [info] > git status -z -uall [120ms]
2023-05-17 17:25:19.698 [info] > git config --local branch.master.github-pr-owner-number [24ms]
2023-05-17 17:25:19.715 [info] > git config --get commit.template [10ms]
2023-05-17 17:25:19.879 [info] > git rev-parse --show-toplevel [9ms]
2023-05-17 17:25:20.137 [info] > git for-each-ref --format=%(refname)%00%(upstream:short)%00%(objectname)%00%(upstream:track) refs/heads/master refs/remotes/master [429ms]
2023-05-17 17:25:20.273 [info] > git status -z -uall [131ms]
2023-05-17 17:25:20.986 [info] > git rev-parse --show-toplevel [12ms]
2023-05-17 17:25:24.399 [info] > git show --textconv 677015d02a08a459106b4ef4997799241245c32e:deployments/enerquip2.json [66ms]
2023-05-17 17:25:24.556 [info] > git diff fad774912eb0c4e9004fc6a999260f28f276fbe5 -- deployments/enerquip2.json [82ms]
2023-05-17 17:25:24.556 [info] > git diff fad774912eb0c4e9004fc6a999260f28f276fbe5 -- deployments/enerquip2.json [88ms]
2023-05-17 17:25:24.906 [info] > git rev-parse --show-toplevel [9ms]
2023-05-17 17:25:49.964 [info] > git rev-parse --show-toplevel [5ms]
2023-05-17 17:25:52.411 [info] > git rev-parse --show-toplevel [10ms]
2023-05-17 17:25:54.880 [info] > git rev-parse --show-toplevel [9ms]
2023-05-17 17:25:55.733 [info] > git fetch rtkwlf master [32043ms]
2023-05-17 17:25:55.733 [info] From github.com:rtkwlf/volatile_configs
 * branch            master     -> FETCH_HEAD
error: cannot lock ref 'refs/remotes/rtkwlf/master': ref refs/remotes/rtkwlf/master is at 38497b55d41b06cb556bd0144e69f800bd4d7513 but expected c68afe22736d8f4ad7c14893a2d0121799060a1b
 ! c68afe2..38497b5  master     -> rtkwlf/master  (unable to update local ref)
2023-05-17 17:25:55.750 [info] > git config --get commit.template [10ms]
2023-05-17 17:25:55.807 [info] > git rev-parse --show-toplevel [9ms]
2023-05-17 17:25:56.340 [info] > git for-each-ref --format=%(refname)%00%(upstream:short)%00%(objectname)%00%(upstream:track) refs/heads/master refs/remotes/master [597ms]
2023-05-17 17:25:56.360 [info] > git rev-parse --show-toplevel [9ms]
2023-05-17 17:25:56.462 [info] > git status -z -uall [116ms]
2023-05-17 17:25:56.741 [info] > git diff fad774912eb0c4e9004fc6a999260f28f276fbe5 -- deployments/enerquip2.json [73ms]
2023-05-17 17:25:56.742 [info] > git diff fad774912eb0c4e9004fc6a999260f28f276fbe5 -- deployments/enerquip2.json [68ms]
2023-05-17 17:25:56.742 [info] > git diff fad774912eb0c4e9004fc6a999260f28f276fbe5 -- deployments/enerquip2.json [64ms]
2023-05-17 17:25:56.834 [info] > git config --local branch.master.github-pr-owner-number [23ms]
2023-05-17 17:25:56.853 [info] > git config --get commit.template [13ms]
2023-05-17 17:25:57.196 [info] > git rev-parse --show-toplevel [10ms]
2023-05-17 17:25:57.437 [info] > git for-each-ref --format=%(refname)%00%(upstream:short)%00%(objectname)%00%(upstream:track) refs/heads/master refs/remotes/master [592ms]
2023-05-17 17:25:57.567 [info] > git status -z -uall [124ms]
2023-05-17 17:25:58.748 [info] > git rev-parse --show-toplevel [15ms]
2023-05-17 17:26:25.733 [info] > git rev-parse --show-toplevel [6ms]
2023-05-17 17:26:26.264 [info] > git rev-parse --show-toplevel [11ms]
2023-05-17 17:26:26.768 [info] > git config --get commit.template [14ms]
2023-05-17 17:26:27.356 [info] > git for-each-ref --format=%(refname)%00%(upstream:short)%00%(objectname)%00%(upstream:track) refs/heads/master refs/remotes/master [596ms]
2023-05-17 17:26:27.482 [info] > git status -z -uall [120ms]
2023-05-17 17:26:28.209 [info] > git rev-parse --show-toplevel [10ms]
