2023-05-05 14:43:08.980 [info] Extension host with pid 17841 started
2023-05-05 14:43:08.994 [info] Lock '/home/raed_maklai/.vscode-server/data/User/workspaceStorage/1d46d92ebe2d39db2135ad46a070afcb/vscode.lock': Lock acquired.
2023-05-05 14:43:09.160 [info] ExtensionService#_doActivateExtension vscode.configuration-editing, startup: false, activationEvent: 'onLanguage:json'
2023-05-05 14:43:09.161 [info] ExtensionService#_doActivateExtension vscode.extension-editing, startup: false, activationEvent: 'onLanguage:json'
2023-05-05 14:43:09.161 [info] ExtensionService#_doActivateExtension vscode.json-language-features, startup: false, activationEvent: 'onLanguage:json'
2023-05-05 14:43:09.161 [info] ExtensionService#_doActivateExtension vscode.npm, startup: false, activationEvent: 'onLanguage:json'
2023-05-05 14:43:09.162 [info] ExtensionService#_doActivateExtension vscode.emmet, startup: false, activationEvent: 'onLanguage'
2023-05-05 14:43:09.787 [info] ExtensionService#_doActivateExtension GitHub.vscode-pull-request-github, startup: false, activationEvent: 'onFileSystem:review'
2023-05-05 14:43:10.162 [info] ExtensionService#_doActivateExtension vscode.git-base, startup: true, activationEvent: '*', root cause: vscode.git
2023-05-05 14:43:10.310 [info] ExtensionService#_doActivateExtension vscode.git, startup: true, activationEvent: '*'
2023-05-05 14:43:10.310 [info] ExtensionService#_doActivateExtension vscode.github, startup: true, activationEvent: '*'
2023-05-05 14:43:10.586 [info] Eager extensions activated
2023-05-05 14:43:10.586 [info] ExtensionService#_doActivateExtension vscode.debug-auto-launch, startup: false, activationEvent: 'onStartupFinished'
2023-05-05 14:43:10.587 [info] ExtensionService#_doActivateExtension vscode.merge-conflict, startup: false, activationEvent: 'onStartupFinished'
2023-05-05 17:15:51.496 [error] No tree item with id '0/0:Parsed logs for Enerquip/0:Files/0:deployments' found.
2023-05-05 17:15:51.926 [error] Error: Unknown webview handle:984c2f06-a844-48ea-a4ca-fa77ed3d794a
    at cl.k (vscode-file://vscode-app/Applications/Visual%20Studio%20Code.app/Contents/Resources/app/out/vs/workbench/workbench.desktop.main.js:1586:74656)
    at cl.$postMessage (vscode-file://vscode-app/Applications/Visual%20Studio%20Code.app/Contents/Resources/app/out/vs/workbench/workbench.desktop.main.js:1586:73686)
    at m.N (vscode-file://vscode-app/Applications/Visual%20Studio%20Code.app/Contents/Resources/app/out/vs/workbench/workbench.desktop.main.js:1593:15228)
    at m.M (vscode-file://vscode-app/Applications/Visual%20Studio%20Code.app/Contents/Resources/app/out/vs/workbench/workbench.desktop.main.js:1593:14946)
    at m.H (vscode-file://vscode-app/Applications/Visual%20Studio%20Code.app/Contents/Resources/app/out/vs/workbench/workbench.desktop.main.js:1593:14039)
    at m.G (vscode-file://vscode-app/Applications/Visual%20Studio%20Code.app/Contents/Resources/app/out/vs/workbench/workbench.desktop.main.js:1593:13020)
    at vscode-file://vscode-app/Applications/Visual%20Studio%20Code.app/Contents/Resources/app/out/vs/workbench/workbench.desktop.main.js:1593:11808
    at g.invoke (vscode-file://vscode-app/Applications/Visual%20Studio%20Code.app/Contents/Resources/app/out/vs/workbench/workbench.desktop.main.js:86:145)
    at o.deliver (vscode-file://vscode-app/Applications/Visual%20Studio%20Code.app/Contents/Resources/app/out/vs/workbench/workbench.desktop.main.js:86:2121)
    at a.fire (vscode-file://vscode-app/Applications/Visual%20Studio%20Code.app/Contents/Resources/app/out/vs/workbench/workbench.desktop.main.js:86:1729)
    at u.fire (vscode-file://vscode-app/Applications/Visual%20Studio%20Code.app/Contents/Resources/app/out/vs/workbench/workbench.desktop.main.js:556:15210)
    at k.E (vscode-file://vscode-app/Applications/Visual%20Studio%20Code.app/Contents/Resources/app/out/vs/workbench/workbench.desktop.main.js:556:19276)
    at vscode-file://vscode-app/Applications/Visual%20Studio%20Code.app/Contents/Resources/app/out/vs/workbench/workbench.desktop.main.js:556:17264
    at g.invoke (vscode-file://vscode-app/Applications/Visual%20Studio%20Code.app/Contents/Resources/app/out/vs/workbench/workbench.desktop.main.js:86:145)
    at o.deliver (vscode-file://vscode-app/Applications/Visual%20Studio%20Code.app/Contents/Resources/app/out/vs/workbench/workbench.desktop.main.js:86:2121)
    at a.fire (vscode-file://vscode-app/Applications/Visual%20Studio%20Code.app/Contents/Resources/app/out/vs/workbench/workbench.desktop.main.js:86:1729)
    at d.acceptChunk (vscode-file://vscode-app/Applications/Visual%20Studio%20Code.app/Contents/Resources/app/out/vs/workbench/workbench.desktop.main.js:556:12941)
    at vscode-file://vscode-app/Applications/Visual%20Studio%20Code.app/Contents/Resources/app/out/vs/workbench/workbench.desktop.main.js:556:12228
    at vscode-file://vscode-app/Applications/Visual%20Studio%20Code.app/Contents/Resources/app/out/vs/workbench/workbench.desktop.main.js:647:38251
    at g.invoke (vscode-file://vscode-app/Applications/Visual%20Studio%20Code.app/Contents/Resources/app/out/vs/workbench/workbench.desktop.main.js:86:145)
    at o.deliver (vscode-file://vscode-app/Applications/Visual%20Studio%20Code.app/Contents/Resources/app/out/vs/workbench/workbench.desktop.main.js:86:2121)
    at a.fire (vscode-file://vscode-app/Applications/Visual%20Studio%20Code.app/Contents/Resources/app/out/vs/workbench/workbench.desktop.main.js:86:1729)
    at i.onload (vscode-file://vscode-app/Applications/Visual%20Studio%20Code.app/Contents/Resources/app/out/vs/workbench/workbench.desktop.main.js:647:36518)
2023-05-05 17:52:13.026 [info] Extension host terminating: received terminate message from renderer
2023-05-05 17:52:13.031 [info] Lock '/home/raed_maklai/.vscode-server/data/User/workspaceStorage/1d46d92ebe2d39db2135ad46a070afcb/vscode.lock': Marking the lockfile as scheduled to be released in 6000 ms.
2023-05-05 17:52:13.047 [error] Canceled: Canceled
	at new l (/home/raed_maklai/.vscode-server/bin/704ed70d4fd1c6bd6342c436f1ede30d1cff4710/out/vs/workbench/api/node/extensionHostProcess.js:99:105190)
	at c.O (/home/raed_maklai/.vscode-server/bin/704ed70d4fd1c6bd6342c436f1ede30d1cff4710/out/vs/workbench/api/node/extensionHostProcess.js:109:11692)
	at Proxy.G.<computed>.Q.charCodeAt.G.<computed> (/home/raed_maklai/.vscode-server/bin/704ed70d4fd1c6bd6342c436f1ede30d1cff4710/out/vs/workbench/api/node/extensionHostProcess.js:109:8967)
	at m.g (/home/raed_maklai/.vscode-server/bin/704ed70d4fd1c6bd6342c436f1ede30d1cff4710/out/vs/workbench/api/node/extensionHostProcess.js:99:125211)
	at m.executeCommand (/home/raed_maklai/.vscode-server/bin/704ed70d4fd1c6bd6342c436f1ede30d1cff4710/out/vs/workbench/api/node/extensionHostProcess.js:99:124587)
	at L.registerCommand.description (/home/raed_maklai/.vscode-server/bin/704ed70d4fd1c6bd6342c436f1ede30d1cff4710/out/vs/workbench/api/node/extensionHostProcess.js:99:123880)
	at m.h (/home/raed_maklai/.vscode-server/bin/704ed70d4fd1c6bd6342c436f1ede30d1cff4710/out/vs/workbench/api/node/extensionHostProcess.js:99:125797)
	at m.g (/home/raed_maklai/.vscode-server/bin/704ed70d4fd1c6bd6342c436f1ede30d1cff4710/out/vs/workbench/api/node/extensionHostProcess.js:99:124687)
	at m.executeCommand (/home/raed_maklai/.vscode-server/bin/704ed70d4fd1c6bd6342c436f1ede30d1cff4710/out/vs/workbench/api/node/extensionHostProcess.js:99:124587)
	at Object.executeCommand (/home/raed_maklai/.vscode-server/bin/704ed70d4fd1c6bd6342c436f1ede30d1cff4710/out/vs/workbench/api/node/extensionHostProcess.js:115:23801)
	at D (/home/raed_maklai/.vscode-server/bin/704ed70d4fd1c6bd6342c436f1ede30d1cff4710/extensions/git/dist/main.js:2:1467156)
	at E.invoke (/home/raed_maklai/.vscode-server/bin/704ed70d4fd1c6bd6342c436f1ede30d1cff4710/out/vs/workbench/api/node/extensionHostProcess.js:63:145)
	at h.deliver (/home/raed_maklai/.vscode-server/bin/704ed70d4fd1c6bd6342c436f1ede30d1cff4710/out/vs/workbench/api/node/extensionHostProcess.js:63:2121)
	at n.fire (/home/raed_maklai/.vscode-server/bin/704ed70d4fd1c6bd6342c436f1ede30d1cff4710/out/vs/workbench/api/node/extensionHostProcess.js:63:1729)
	at Object.m [as dispose] (/home/raed_maklai/.vscode-server/bin/704ed70d4fd1c6bd6342c436f1ede30d1cff4710/extensions/git/dist/main.js:2:1481885)
	at /home/raed_maklai/.vscode-server/bin/704ed70d4fd1c6bd6342c436f1ede30d1cff4710/extensions/git/dist/main.js:2:1485952
	at Array.forEach (<anonymous>)
	at g.dispose (/home/raed_maklai/.vscode-server/bin/704ed70d4fd1c6bd6342c436f1ede30d1cff4710/extensions/git/dist/main.js:2:1485938)
	at t.<anonymous> (/home/raed_maklai/.vscode-server/bin/704ed70d4fd1c6bd6342c436f1ede30d1cff4710/out/vs/workbench/api/node/extensionHostProcess.js:97:12398)
	at t.dispose (/home/raed_maklai/.vscode-server/bin/704ed70d4fd1c6bd6342c436f1ede30d1cff4710/out/vs/workbench/api/node/extensionHostProcess.js:97:12533)
	at t.<anonymous> (/home/raed_maklai/.vscode-server/bin/704ed70d4fd1c6bd6342c436f1ede30d1cff4710/extensions/git/dist/main.js:2:1469286)
	at t.dispose (/home/raed_maklai/.vscode-server/bin/704ed70d4fd1c6bd6342c436f1ede30d1cff4710/out/vs/workbench/api/node/extensionHostProcess.js:97:12533)
	at I (/home/raed_maklai/.vscode-server/bin/704ed70d4fd1c6bd6342c436f1ede30d1cff4710/out/vs/workbench/api/node/extensionHostProcess.js:10:12084)
	at E.Y (/home/raed_maklai/.vscode-server/bin/704ed70d4fd1c6bd6342c436f1ede30d1cff4710/out/vs/workbench/api/node/extensionHostProcess.js:111:11147)
	at /home/raed_maklai/.vscode-server/bin/704ed70d4fd1c6bd6342c436f1ede30d1cff4710/out/vs/workbench/api/node/extensionHostProcess.js:111:9131
	at Array.map (<anonymous>)
	at E.R (/home/raed_maklai/.vscode-server/bin/704ed70d4fd1c6bd6342c436f1ede30d1cff4710/out/vs/workbench/api/node/extensionHostProcess.js:111:9118)
	at E.terminate (/home/raed_maklai/.vscode-server/bin/704ed70d4fd1c6bd6342c436f1ede30d1cff4710/out/vs/workbench/api/node/extensionHostProcess.js:111:9389)
	at d.terminate (/home/raed_maklai/.vscode-server/bin/704ed70d4fd1c6bd6342c436f1ede30d1cff4710/out/vs/workbench/api/node/extensionHostProcess.js:115:1544)
	at p (/home/raed_maklai/.vscode-server/bin/704ed70d4fd1c6bd6342c436f1ede30d1cff4710/out/vs/workbench/api/node/extensionHostProcess.js:125:18690)
	at /home/raed_maklai/.vscode-server/bin/704ed70d4fd1c6bd6342c436f1ede30d1cff4710/out/vs/workbench/api/node/extensionHostProcess.js:125:16600
	at E.invoke (/home/raed_maklai/.vscode-server/bin/704ed70d4fd1c6bd6342c436f1ede30d1cff4710/out/vs/workbench/api/node/extensionHostProcess.js:63:145)
	at h.deliver (/home/raed_maklai/.vscode-server/bin/704ed70d4fd1c6bd6342c436f1ede30d1cff4710/out/vs/workbench/api/node/extensionHostProcess.js:63:2121)
	at n.fire (/home/raed_maklai/.vscode-server/bin/704ed70d4fd1c6bd6342c436f1ede30d1cff4710/out/vs/workbench/api/node/extensionHostProcess.js:63:1729)
	at p.fire (/home/raed_maklai/.vscode-server/bin/704ed70d4fd1c6bd6342c436f1ede30d1cff4710/out/vs/workbench/api/node/extensionHostProcess.js:72:14916)
	at s.E (/home/raed_maklai/.vscode-server/bin/704ed70d4fd1c6bd6342c436f1ede30d1cff4710/out/vs/workbench/api/node/extensionHostProcess.js:72:18982)
	at /home/raed_maklai/.vscode-server/bin/704ed70d4fd1c6bd6342c436f1ede30d1cff4710/out/vs/workbench/api/node/extensionHostProcess.js:72:16970
	at E.invoke (/home/raed_maklai/.vscode-server/bin/704ed70d4fd1c6bd6342c436f1ede30d1cff4710/out/vs/workbench/api/node/extensionHostProcess.js:63:145)
	at h.deliver (/home/raed_maklai/.vscode-server/bin/704ed70d4fd1c6bd6342c436f1ede30d1cff4710/out/vs/workbench/api/node/extensionHostProcess.js:63:2121)
	at n.fire (/home/raed_maklai/.vscode-server/bin/704ed70d4fd1c6bd6342c436f1ede30d1cff4710/out/vs/workbench/api/node/extensionHostProcess.js:63:1729)
	at d.acceptChunk (/home/raed_maklai/.vscode-server/bin/704ed70d4fd1c6bd6342c436f1ede30d1cff4710/out/vs/workbench/api/node/extensionHostProcess.js:72:12647)
	at /home/raed_maklai/.vscode-server/bin/704ed70d4fd1c6bd6342c436f1ede30d1cff4710/out/vs/workbench/api/node/extensionHostProcess.js:72:11934
	at E.invoke (/home/raed_maklai/.vscode-server/bin/704ed70d4fd1c6bd6342c436f1ede30d1cff4710/out/vs/workbench/api/node/extensionHostProcess.js:63:145)
	at h.deliver (/home/raed_maklai/.vscode-server/bin/704ed70d4fd1c6bd6342c436f1ede30d1cff4710/out/vs/workbench/api/node/extensionHostProcess.js:63:2121)
	at n.fire (/home/raed_maklai/.vscode-server/bin/704ed70d4fd1c6bd6342c436f1ede30d1cff4710/out/vs/workbench/api/node/extensionHostProcess.js:63:1729)
	at n.u (/home/raed_maklai/.vscode-server/bin/704ed70d4fd1c6bd6342c436f1ede30d1cff4710/out/vs/workbench/api/node/extensionHostProcess.js:72:28899) setContext undefined
2023-05-05 17:52:13.047 [error] Canceled: Canceled
	at new l (/home/raed_maklai/.vscode-server/bin/704ed70d4fd1c6bd6342c436f1ede30d1cff4710/out/vs/workbench/api/node/extensionHostProcess.js:99:105190)
	at c.O (/home/raed_maklai/.vscode-server/bin/704ed70d4fd1c6bd6342c436f1ede30d1cff4710/out/vs/workbench/api/node/extensionHostProcess.js:109:11692)
	at Proxy.G.<computed>.Q.charCodeAt.G.<computed> (/home/raed_maklai/.vscode-server/bin/704ed70d4fd1c6bd6342c436f1ede30d1cff4710/out/vs/workbench/api/node/extensionHostProcess.js:109:8967)
	at m.g (/home/raed_maklai/.vscode-server/bin/704ed70d4fd1c6bd6342c436f1ede30d1cff4710/out/vs/workbench/api/node/extensionHostProcess.js:99:125211)
	at m.executeCommand (/home/raed_maklai/.vscode-server/bin/704ed70d4fd1c6bd6342c436f1ede30d1cff4710/out/vs/workbench/api/node/extensionHostProcess.js:99:124587)
	at L.registerCommand.description (/home/raed_maklai/.vscode-server/bin/704ed70d4fd1c6bd6342c436f1ede30d1cff4710/out/vs/workbench/api/node/extensionHostProcess.js:99:123880)
	at m.h (/home/raed_maklai/.vscode-server/bin/704ed70d4fd1c6bd6342c436f1ede30d1cff4710/out/vs/workbench/api/node/extensionHostProcess.js:99:125797)
	at m.g (/home/raed_maklai/.vscode-server/bin/704ed70d4fd1c6bd6342c436f1ede30d1cff4710/out/vs/workbench/api/node/extensionHostProcess.js:99:124687)
	at m.executeCommand (/home/raed_maklai/.vscode-server/bin/704ed70d4fd1c6bd6342c436f1ede30d1cff4710/out/vs/workbench/api/node/extensionHostProcess.js:99:124587)
	at Object.executeCommand (/home/raed_maklai/.vscode-server/bin/704ed70d4fd1c6bd6342c436f1ede30d1cff4710/out/vs/workbench/api/node/extensionHostProcess.js:115:23801)
	at e (/home/raed_maklai/.vscode-server/extensions/github.vscode-pull-request-github-0.62.0/dist/extension.js:1407:11346)
	at Object.n [as setContext] (/home/raed_maklai/.vscode-server/extensions/github.vscode-pull-request-github-0.62.0/dist/extension.js:1407:11461)
	at mc.updateActiveReviewCount (/home/raed_maklai/.vscode-server/extensions/github.vscode-pull-request-github-0.62.0/dist/extension.js:1568:20109)
	at mc.removeRepo (/home/raed_maklai/.vscode-server/extensions/github.vscode-pull-request-github-0.62.0/dist/extension.js:1568:21186)
	at /home/raed_maklai/.vscode-server/extensions/github.vscode-pull-request-github-0.62.0/dist/extension.js:1597:4036
	at E.invoke (/home/raed_maklai/.vscode-server/bin/704ed70d4fd1c6bd6342c436f1ede30d1cff4710/out/vs/workbench/api/node/extensionHostProcess.js:63:145)
	at h.deliver (/home/raed_maklai/.vscode-server/bin/704ed70d4fd1c6bd6342c436f1ede30d1cff4710/out/vs/workbench/api/node/extensionHostProcess.js:63:2121)
	at n.fire (/home/raed_maklai/.vscode-server/bin/704ed70d4fd1c6bd6342c436f1ede30d1cff4710/out/vs/workbench/api/node/extensionHostProcess.js:63:1729)
	at /home/raed_maklai/.vscode-server/extensions/github.vscode-pull-request-github-0.62.0/dist/extension.js:1405:461527
	at E.invoke (/home/raed_maklai/.vscode-server/bin/704ed70d4fd1c6bd6342c436f1ede30d1cff4710/out/vs/workbench/api/node/extensionHostProcess.js:63:145)
	at h.deliver (/home/raed_maklai/.vscode-server/bin/704ed70d4fd1c6bd6342c436f1ede30d1cff4710/out/vs/workbench/api/node/extensionHostProcess.js:63:2121)
	at n.fire (/home/raed_maklai/.vscode-server/bin/704ed70d4fd1c6bd6342c436f1ede30d1cff4710/out/vs/workbench/api/node/extensionHostProcess.js:63:1729)
	at /home/raed_maklai/.vscode-server/extensions/github.vscode-pull-request-github-0.62.0/dist/extension.js:1568:24559
	at /home/raed_maklai/.vscode-server/bin/704ed70d4fd1c6bd6342c436f1ede30d1cff4710/extensions/git/dist/main.js:2:1553088
	at E.invoke (/home/raed_maklai/.vscode-server/bin/704ed70d4fd1c6bd6342c436f1ede30d1cff4710/out/vs/workbench/api/node/extensionHostProcess.js:63:145)
	at h.deliver (/home/raed_maklai/.vscode-server/bin/704ed70d4fd1c6bd6342c436f1ede30d1cff4710/out/vs/workbench/api/node/extensionHostProcess.js:63:2121)
	at n.fire (/home/raed_maklai/.vscode-server/bin/704ed70d4fd1c6bd6342c436f1ede30d1cff4710/out/vs/workbench/api/node/extensionHostProcess.js:63:1729)
	at Object.m [as dispose] (/home/raed_maklai/.vscode-server/bin/704ed70d4fd1c6bd6342c436f1ede30d1cff4710/extensions/git/dist/main.js:2:1481885)
	at /home/raed_maklai/.vscode-server/bin/704ed70d4fd1c6bd6342c436f1ede30d1cff4710/extensions/git/dist/main.js:2:1485952
	at Array.forEach (<anonymous>)
	at g.dispose (/home/raed_maklai/.vscode-server/bin/704ed70d4fd1c6bd6342c436f1ede30d1cff4710/extensions/git/dist/main.js:2:1485938)
	at t.<anonymous> (/home/raed_maklai/.vscode-server/bin/704ed70d4fd1c6bd6342c436f1ede30d1cff4710/out/vs/workbench/api/node/extensionHostProcess.js:97:12398)
	at t.dispose (/home/raed_maklai/.vscode-server/bin/704ed70d4fd1c6bd6342c436f1ede30d1cff4710/out/vs/workbench/api/node/extensionHostProcess.js:97:12533)
	at t.<anonymous> (/home/raed_maklai/.vscode-server/bin/704ed70d4fd1c6bd6342c436f1ede30d1cff4710/extensions/git/dist/main.js:2:1469286)
	at t.dispose (/home/raed_maklai/.vscode-server/bin/704ed70d4fd1c6bd6342c436f1ede30d1cff4710/out/vs/workbench/api/node/extensionHostProcess.js:97:12533)
	at I (/home/raed_maklai/.vscode-server/bin/704ed70d4fd1c6bd6342c436f1ede30d1cff4710/out/vs/workbench/api/node/extensionHostProcess.js:10:12084)
	at E.Y (/home/raed_maklai/.vscode-server/bin/704ed70d4fd1c6bd6342c436f1ede30d1cff4710/out/vs/workbench/api/node/extensionHostProcess.js:111:11147)
	at /home/raed_maklai/.vscode-server/bin/704ed70d4fd1c6bd6342c436f1ede30d1cff4710/out/vs/workbench/api/node/extensionHostProcess.js:111:9131
	at Array.map (<anonymous>)
	at E.R (/home/raed_maklai/.vscode-server/bin/704ed70d4fd1c6bd6342c436f1ede30d1cff4710/out/vs/workbench/api/node/extensionHostProcess.js:111:9118)
	at E.terminate (/home/raed_maklai/.vscode-server/bin/704ed70d4fd1c6bd6342c436f1ede30d1cff4710/out/vs/workbench/api/node/extensionHostProcess.js:111:9389)
	at d.terminate (/home/raed_maklai/.vscode-server/bin/704ed70d4fd1c6bd6342c436f1ede30d1cff4710/out/vs/workbench/api/node/extensionHostProcess.js:115:1544)
	at p (/home/raed_maklai/.vscode-server/bin/704ed70d4fd1c6bd6342c436f1ede30d1cff4710/out/vs/workbench/api/node/extensionHostProcess.js:125:18690)
	at /home/raed_maklai/.vscode-server/bin/704ed70d4fd1c6bd6342c436f1ede30d1cff4710/out/vs/workbench/api/node/extensionHostProcess.js:125:16600
	at E.invoke (/home/raed_maklai/.vscode-server/bin/704ed70d4fd1c6bd6342c436f1ede30d1cff4710/out/vs/workbench/api/node/extensionHostProcess.js:63:145)
	at h.deliver (/home/raed_maklai/.vscode-server/bin/704ed70d4fd1c6bd6342c436f1ede30d1cff4710/out/vs/workbench/api/node/extensionHostProcess.js:63:2121)
	at n.fire (/home/raed_maklai/.vscode-server/bin/704ed70d4fd1c6bd6342c436f1ede30d1cff4710/out/vs/workbench/api/node/extensionHostProcess.js:63:1729)
	at p.fire (/home/raed_maklai/.vscode-server/bin/704ed70d4fd1c6bd6342c436f1ede30d1cff4710/out/vs/workbench/api/node/extensionHostProcess.js:72:14916)
	at s.E (/home/raed_maklai/.vscode-server/bin/704ed70d4fd1c6bd6342c436f1ede30d1cff4710/out/vs/workbench/api/node/extensionHostProcess.js:72:18982)
	at /home/raed_maklai/.vscode-server/bin/704ed70d4fd1c6bd6342c436f1ede30d1cff4710/out/vs/workbench/api/node/extensionHostProcess.js:72:16970
	at E.invoke (/home/raed_maklai/.vscode-server/bin/704ed70d4fd1c6bd6342c436f1ede30d1cff4710/out/vs/workbench/api/node/extensionHostProcess.js:63:145)
	at h.deliver (/home/raed_maklai/.vscode-server/bin/704ed70d4fd1c6bd6342c436f1ede30d1cff4710/out/vs/workbench/api/node/extensionHostProcess.js:63:2121)
	at n.fire (/home/raed_maklai/.vscode-server/bin/704ed70d4fd1c6bd6342c436f1ede30d1cff4710/out/vs/workbench/api/node/extensionHostProcess.js:63:1729)
	at d.acceptChunk (/home/raed_maklai/.vscode-server/bin/704ed70d4fd1c6bd6342c436f1ede30d1cff4710/out/vs/workbench/api/node/extensionHostProcess.js:72:12647)
	at /home/raed_maklai/.vscode-server/bin/704ed70d4fd1c6bd6342c436f1ede30d1cff4710/out/vs/workbench/api/node/extensionHostProcess.js:72:11934
	at E.invoke (/home/raed_maklai/.vscode-server/bin/704ed70d4fd1c6bd6342c436f1ede30d1cff4710/out/vs/workbench/api/node/extensionHostProcess.js:63:145)
	at h.deliver (/home/raed_maklai/.vscode-server/bin/704ed70d4fd1c6bd6342c436f1ede30d1cff4710/out/vs/workbench/api/node/extensionHostProcess.js:63:2121)
	at n.fire (/home/raed_maklai/.vscode-server/bin/704ed70d4fd1c6bd6342c436f1ede30d1cff4710/out/vs/workbench/api/node/extensionHostProcess.js:63:1729)
	at n.u (/home/raed_maklai/.vscode-server/bin/704ed70d4fd1c6bd6342c436f1ede30d1cff4710/out/vs/workbench/api/node/extensionHostProcess.js:72:28899) setContext undefined
2023-05-05 17:52:13.057 [info] Extension host with pid 17841 exiting with code 0
