2023-07-17 18:52:15.471 [info] Extension host with pid 26284 started
2023-07-17 18:52:15.612 [info] ExtensionService#_doActivateExtension vscode.git-base, startup: true, activationEvent: '*', root cause: vscode.git
2023-07-17 18:52:15.703 [info] ExtensionService#_doActivateExtension vscode.git, startup: true, activationEvent: '*'
2023-07-17 18:52:15.703 [info] ExtensionService#_doActivateExtension vscode.github, startup: true, activationEvent: '*'
2023-07-17 18:52:15.950 [info] Eager extensions activated
2023-07-17 18:52:15.951 [info] ExtensionService#_doActivateExtension vscode.debug-auto-launch, startup: false, activationEvent: 'onStartupFinished'
2023-07-17 18:52:15.951 [info] ExtensionService#_doActivateExtension vscode.merge-conflict, startup: false, activationEvent: 'onStartupFinished'
2023-07-17 18:52:16.168 [info] ExtensionService#_doActivateExtension GitHub.vscode-pull-request-github, startup: false, activationEvent: 'onStartupFinished'
2023-07-17 18:53:15.453 [info] Extension host terminating: received terminate message from renderer
2023-07-17 18:53:15.464 [error] Canceled: Canceled
	at new h (/home/raed_maklai/.vscode-server/bin/74f6148eb9ea00507ec113ec51c489d6ffb4b771/out/vs/workbench/api/node/extensionHostProcess.js:100:42413)
	at t.O (/home/raed_maklai/.vscode-server/bin/74f6148eb9ea00507ec113ec51c489d6ffb4b771/out/vs/workbench/api/node/extensionHostProcess.js:112:11236)
	at Proxy.U.<computed>.q.charCodeAt.U.<computed> (/home/raed_maklai/.vscode-server/bin/74f6148eb9ea00507ec113ec51c489d6ffb4b771/out/vs/workbench/api/node/extensionHostProcess.js:112:8675)
	at e.$vL.g (/home/raed_maklai/.vscode-server/bin/74f6148eb9ea00507ec113ec51c489d6ffb4b771/out/vs/workbench/api/node/extensionHostProcess.js:100:63549)
	at e.$vL.executeCommand (/home/raed_maklai/.vscode-server/bin/74f6148eb9ea00507ec113ec51c489d6ffb4b771/out/vs/workbench/api/node/extensionHostProcess.js:100:62973)
	at P.registerCommand.description (/home/raed_maklai/.vscode-server/bin/74f6148eb9ea00507ec113ec51c489d6ffb4b771/out/vs/workbench/api/node/extensionHostProcess.js:100:62280)
	at e.$vL.h (/home/raed_maklai/.vscode-server/bin/74f6148eb9ea00507ec113ec51c489d6ffb4b771/out/vs/workbench/api/node/extensionHostProcess.js:100:64085)
	at e.$vL.g (/home/raed_maklai/.vscode-server/bin/74f6148eb9ea00507ec113ec51c489d6ffb4b771/out/vs/workbench/api/node/extensionHostProcess.js:100:63073)
	at e.$vL.executeCommand (/home/raed_maklai/.vscode-server/bin/74f6148eb9ea00507ec113ec51c489d6ffb4b771/out/vs/workbench/api/node/extensionHostProcess.js:100:62973)
	at Object.executeCommand (/home/raed_maklai/.vscode-server/bin/74f6148eb9ea00507ec113ec51c489d6ffb4b771/out/vs/workbench/api/node/extensionHostProcess.js:118:20971)
	at Sg.reset (/home/raed_maklai/.vscode-server/extensions/github.vscode-pull-request-github-0.64.0/dist/extension.js:1826:2501)
	at Sg.dispose (/home/raed_maklai/.vscode-server/extensions/github.vscode-pull-request-github-0.64.0/dist/extension.js:1826:2740)
	at D (/home/raed_maklai/.vscode-server/bin/74f6148eb9ea00507ec113ec51c489d6ffb4b771/out/vs/workbench/api/node/extensionHostProcess.js:10:11731)
	at i.Z (/home/raed_maklai/.vscode-server/bin/74f6148eb9ea00507ec113ec51c489d6ffb4b771/out/vs/workbench/api/node/extensionHostProcess.js:114:10370)
	at /home/raed_maklai/.vscode-server/bin/74f6148eb9ea00507ec113ec51c489d6ffb4b771/out/vs/workbench/api/node/extensionHostProcess.js:114:8332
	at Array.map (<anonymous>)
	at i.S (/home/raed_maklai/.vscode-server/bin/74f6148eb9ea00507ec113ec51c489d6ffb4b771/out/vs/workbench/api/node/extensionHostProcess.js:114:8319)
	at i.terminate (/home/raed_maklai/.vscode-server/bin/74f6148eb9ea00507ec113ec51c489d6ffb4b771/out/vs/workbench/api/node/extensionHostProcess.js:114:8591)
	at l.terminate (/home/raed_maklai/.vscode-server/bin/74f6148eb9ea00507ec113ec51c489d6ffb4b771/out/vs/workbench/api/node/extensionHostProcess.js:118:1532)
	at E (/home/raed_maklai/.vscode-server/bin/74f6148eb9ea00507ec113ec51c489d6ffb4b771/out/vs/workbench/api/node/extensionHostProcess.js:128:32236)
	at i.value (/home/raed_maklai/.vscode-server/bin/74f6148eb9ea00507ec113ec51c489d6ffb4b771/out/vs/workbench/api/node/extensionHostProcess.js:128:30287)
	at p.w (/home/raed_maklai/.vscode-server/bin/74f6148eb9ea00507ec113ec51c489d6ffb4b771/out/vs/workbench/api/node/extensionHostProcess.js:60:1902)
	at p.fire (/home/raed_maklai/.vscode-server/bin/74f6148eb9ea00507ec113ec51c489d6ffb4b771/out/vs/workbench/api/node/extensionHostProcess.js:60:2119)
	at fire (/home/raed_maklai/.vscode-server/bin/74f6148eb9ea00507ec113ec51c489d6ffb4b771/out/vs/workbench/api/node/extensionHostProcess.js:76:13931)
	at s.z (/home/raed_maklai/.vscode-server/bin/74f6148eb9ea00507ec113ec51c489d6ffb4b771/out/vs/workbench/api/node/extensionHostProcess.js:76:16976)
	at i.value (/home/raed_maklai/.vscode-server/bin/74f6148eb9ea00507ec113ec51c489d6ffb4b771/out/vs/workbench/api/node/extensionHostProcess.js:76:15428)
	at p.w (/home/raed_maklai/.vscode-server/bin/74f6148eb9ea00507ec113ec51c489d6ffb4b771/out/vs/workbench/api/node/extensionHostProcess.js:60:1902)
	at p.fire (/home/raed_maklai/.vscode-server/bin/74f6148eb9ea00507ec113ec51c489d6ffb4b771/out/vs/workbench/api/node/extensionHostProcess.js:60:2119)
	at i.acceptChunk (/home/raed_maklai/.vscode-server/bin/74f6148eb9ea00507ec113ec51c489d6ffb4b771/out/vs/workbench/api/node/extensionHostProcess.js:76:11705)
	at i.value (/home/raed_maklai/.vscode-server/bin/74f6148eb9ea00507ec113ec51c489d6ffb4b771/out/vs/workbench/api/node/extensionHostProcess.js:76:10992)
	at p.w (/home/raed_maklai/.vscode-server/bin/74f6148eb9ea00507ec113ec51c489d6ffb4b771/out/vs/workbench/api/node/extensionHostProcess.js:60:1902)
	at p.fire (/home/raed_maklai/.vscode-server/bin/74f6148eb9ea00507ec113ec51c489d6ffb4b771/out/vs/workbench/api/node/extensionHostProcess.js:60:2119)
	at p.u (/home/raed_maklai/.vscode-server/bin/74f6148eb9ea00507ec113ec51c489d6ffb4b771/out/vs/workbench/api/node/extensionHostProcess.js:128:19065) setContext undefined
2023-07-17 18:53:15.464 [info] Extension host with pid 26284 exiting with code 0
