2023-05-05 14:43:10.819 [info] Looking for git repository
2023-05-05 14:43:10.819 [info] Found 0 repositories during activation
2023-05-05 14:43:10.819 [info] Git repository found, initializing review manager and pr tree view.
2023-05-05 14:43:10.819 [info] Registering git provider
2023-05-05 14:43:10.819 [info] Repository file:///mnt/disk1/sework/raed_maklai/volatile_configs has been opened
2023-05-05 14:43:10.819 [info] Review> Validate state in progress
2023-05-05 14:43:10.819 [info] Review> Validating state...
2023-05-05 14:43:10.819 [info] Cannot updates repositories as git is uninitialized
2023-05-05 14:43:10.951 [info] Git initialization state changed: state=initialized
2023-05-05 14:43:10.951 [info] Review> Queuing additional validate state
2023-05-05 14:43:11.198 [info] GitContentFileSystemProvider> Getting change model (file:///mnt/disk1/sework/raed_maklai/volatile_configs) content for commit 697cdf6ead89e151e02c78c4e9ef5f71627bd88b and path /mnt/disk1/sework/raed_maklai/volatile_configs/deployments/primesecuritybank3.json
2023-05-05 14:43:11.206 [info] GitContentFileSystemProvider> Getting repository (file:///mnt/disk1/sework/raed_maklai/volatile_configs) content for commit 697cdf6ead89e151e02c78c4e9ef5f71627bd88b and path /mnt/disk1/sework/raed_maklai/volatile_configs/deployments/primesecuritybank3.json
2023-05-05 14:43:11.380 [info] Review> Validating state...
2023-05-05 14:43:11.419 [info] Review> Validate state in progress
2023-05-05 14:43:11.419 [info] Review> Validating state...
2023-05-05 14:43:11.419 [info] Repo state for file:///mnt/disk1/sework/raed_maklai/volatile_configs changed.
2023-05-05 14:43:11.419 [info] Repo file:///mnt/disk1/sework/raed_maklai/volatile_configs has already been setup.
2023-05-05 14:43:11.524 [info] Found GitHub remote for folder /mnt/disk1/sework/raed_maklai/volatile_configs
2023-05-05 14:43:12.390 [info] Found GitHub remote for folder /mnt/disk1/sework/raed_maklai/volatile_configs
2023-05-05 14:43:12.729 [info] Review> current branch master is associated with pull request #107791
2023-05-05 14:43:12.729 [info] Review> Resolving pull request
2023-05-05 14:43:13.184 [info] Review> no matching pull request metadata found for current branch master
2023-05-05 14:43:13.342 [info] Review> current branch master is associated with pull request #107791
2023-05-05 14:43:13.342 [info] Review> Resolving pull request
2023-05-05 14:43:13.850 [info] Review> no matching pull request metadata found for current branch master
2023-05-05 14:43:14.999 [info] Review> Fetching pull request data
2023-05-05 14:43:14.999 [info] PullRequestTree> Adding PR #107791 to tree
2023-05-05 14:43:15.598 [info] Review> Register comments provider
2023-05-05 14:43:15.600 [info] Review> Display pull request status bar indicator and refresh pull request tree view.
2023-05-05 14:43:15.600 [info] Review> Using focus mode = true.
2023-05-05 14:43:15.600 [info] Review> State validation silent = true.
2023-05-05 14:43:15.600 [info] Review> PR show should show = false.
2023-05-05 14:43:22.437 [info] Review> Validate state in progress
2023-05-05 14:43:22.438 [info] Review> Validating state...
2023-05-05 14:43:22.598 [info] Found GitHub remote for folder /mnt/disk1/sework/raed_maklai/volatile_configs
2023-05-05 14:43:22.861 [info] Trying to use globalState for mentionable users.
2023-05-05 14:43:23.496 [info] Review> Queuing additional validate state
2023-05-05 14:43:23.496 [info] Review> current branch master is associated with pull request #107791
2023-05-05 14:43:23.496 [info] Review> Resolving pull request
2023-05-05 14:43:23.816 [info] Using globalState mentionable users for 1.
2023-05-05 14:43:23.903 [info] Review> no matching pull request metadata found for current branch master
2023-05-05 14:43:25.306 [info] Review> Validating state...
2023-05-05 14:43:25.455 [info] Found GitHub remote for folder /mnt/disk1/sework/raed_maklai/volatile_configs
2023-05-05 14:43:25.765 [info] Trying to use globalState for mentionable users.
2023-05-05 14:43:26.391 [info] Review> current branch master is associated with pull request #107791
2023-05-05 14:43:26.391 [info] Review> Resolving pull request
2023-05-05 14:43:26.792 [info] Review> no matching pull request metadata found for current branch master
2023-05-05 14:43:26.832 [info] Using globalState mentionable users for 1.
2023-05-05 14:43:27.785 [info] Review> Fetching pull request data
2023-05-05 14:43:27.785 [info] PullRequestTree> Adding PR #107791 to tree
2023-05-05 14:43:28.259 [info] Review> Register comments provider
2023-05-05 14:43:28.270 [info] Review> Display pull request status bar indicator and refresh pull request tree view.
2023-05-05 14:43:28.270 [info] Review> Using focus mode = true.
2023-05-05 14:43:28.270 [info] Review> State validation silent = true.
2023-05-05 14:43:28.270 [info] Review> PR show should show = false.
2023-05-05 14:51:23.529 [info] Review> Validate state in progress
2023-05-05 14:51:23.530 [info] Review> Validating state...
2023-05-05 14:51:23.730 [info] Found GitHub remote for folder /mnt/disk1/sework/raed_maklai/volatile_configs
2023-05-05 14:51:23.981 [info] Trying to use globalState for mentionable users.
2023-05-05 14:51:24.637 [info] Review> current branch master is associated with pull request #107791
2023-05-05 14:51:24.637 [info] Review> Resolving pull request
2023-05-05 14:51:24.972 [info] Review> no matching pull request metadata found for current branch master
2023-05-05 14:51:26.016 [info] Using globalState mentionable users for 1.
2023-05-05 14:51:27.790 [info] Review> Fetching pull request data
2023-05-05 14:51:27.790 [info] PullRequestTree> Adding PR #107791 to tree
2023-05-05 14:51:28.355 [info] Review> Register comments provider
2023-05-05 14:51:28.363 [info] Review> Display pull request status bar indicator and refresh pull request tree view.
2023-05-05 14:51:28.363 [info] Review> Using focus mode = true.
2023-05-05 14:51:28.363 [info] Review> State validation silent = true.
2023-05-05 14:51:28.363 [info] Review> PR show should show = false.
2023-05-05 15:37:14.938 [info] RateLimit> Unexpectedly low rate limit: 30
2023-05-05 15:37:14.939 [warning] RateLimit> REST Rate limit remaining: 29, /search/issues
2023-05-05 15:37:15.177 [info] RateLimit> Unexpectedly low rate limit: 30
2023-05-05 15:37:15.177 [warning] RateLimit> REST Rate limit remaining: 28, /search/issues
2023-05-05 15:37:23.968 [info] CreatePullRequestViewProvider> Initializing "create" view: {"availableBaseRemotes":[{"owner":"RaedMaklai","repositoryName":"volatile_configs"},{"owner":"rtkwlf","repositoryName":"volatile_configs"}],"availableCompareRemotes":[{"owner":"RaedMaklai","repositoryName":"volatile_configs"},{"owner":"rtkwlf","repositoryName":"volatile_configs"},{"owner":"RaedMaklai","repositoryName":"volatile_configs"}],"defaultBaseRemote":{"owner":"rtkwlf","repositoryName":"volatile_configs"},"defaultBaseBranch":"master","defaultCompareRemote":{"owner":"rtkwlf","repositoryName":"volatile_configs"},"defaultCompareBranch":"master","branchesForRemote":["master"],"branchesForCompare":["master"],"defaultTitle":"Master","defaultDescription":"","defaultMergeMethod":"merge","allowAutoMerge":false,"mergeMethodsAvailability":{"merge":true,"squash":true,"rebase":true},"autoMergeDefault":false,"createError":"","labels":[],"isDraftDefault":false,"isDarkTheme":false}
2023-05-05 15:37:28.249 [error] GitHubRepository> Unable to create PR: Error: GraphQL error: No commits between master and master
2023-05-05 15:37:29.337 [warning] GitHubRepository> List branches timeout hit.
2023-05-05 15:37:37.374 [warning] GitHubRepository> List branches timeout hit.
2023-05-05 15:37:41.776 [warning] GitHubRepository> List branches timeout hit.
2023-05-05 15:37:48.141 [warning] GitHubRepository> List branches timeout hit.
2023-05-05 15:37:48.143 [error] GitHubRepository> Unable to create PR: Error: GraphQL error: No commits between rtkwlf:master and RaedMaklai:master
2023-05-05 15:45:30.392 [info] RateLimit> Unexpectedly low rate limit: 30
2023-05-05 15:45:30.393 [warning] RateLimit> REST Rate limit remaining: 29, /search/issues
2023-05-05 15:45:30.642 [info] RateLimit> Unexpectedly low rate limit: 30
2023-05-05 15:45:30.642 [warning] RateLimit> REST Rate limit remaining: 28, /search/issues
2023-05-05 15:45:40.212 [info] GitContentFileSystemProvider> Getting change model (file:///mnt/disk1/sework/raed_maklai/volatile_configs) content for commit 677015d02a08a459106b4ef4997799241245c32e and path /mnt/disk1/sework/raed_maklai/volatile_configs/deployments/enerquip2.json
2023-05-05 15:46:00.622 [info] RateLimit> Unexpectedly low rate limit: 30
2023-05-05 15:46:00.623 [warning] RateLimit> REST Rate limit remaining: 27, /search/issues
2023-05-05 15:46:00.923 [info] RateLimit> Unexpectedly low rate limit: 30
2023-05-05 15:46:00.923 [warning] RateLimit> REST Rate limit remaining: 26, /search/issues
2023-05-05 17:08:10.396 [info] RateLimit> Unexpectedly low rate limit: 30
2023-05-05 17:08:10.399 [warning] RateLimit> REST Rate limit remaining: 29, /search/issues
2023-05-05 17:08:10.617 [info] RateLimit> Unexpectedly low rate limit: 30
2023-05-05 17:08:10.617 [warning] RateLimit> REST Rate limit remaining: 28, /search/issues
2023-05-05 17:08:34.842 [warning] GitHubRepository> List branches timeout hit.
2023-05-05 17:08:38.326 [warning] GitHubRepository> List branches timeout hit.
2023-05-05 17:08:49.944 [error] GitHubRepository> Unable to create PR: Error: GraphQL error: No commits between rtkwlf:master and RaedMaklai:master
2023-05-05 17:15:51.102 [info] PullRequestTree> Creating file and commit nodes for PR #107791
2023-05-05 17:15:51.344 [info] PullRequestTree> Getting children for Files node
2023-05-05 17:15:51.344 [info] PullRequestTree> Got all children for Files node
2023-05-05 17:15:51.442 [info] PullRequestTree> Review threads have changed, refreshing Files node
2023-05-05 17:15:51.443 [info] PullRequestTree> Review threads have changed, refreshing Commits node
2023-05-05 17:15:51.647 [info] PullRequestTree> Getting children for Files node
2023-05-05 17:15:51.648 [info] PullRequestTree> Got all children for Files node
2023-05-05 17:17:13.953 [info] PullRequestTree> Local files have changed, refreshing Files node
2023-05-05 17:17:14.227 [info] PullRequestTree> Comments have changed, refreshing Files node
2023-05-05 17:17:14.227 [info] PullRequestTree> Comments have changed, refreshing Commits node
2023-05-05 17:17:14.227 [info] PullRequestTree> Review threads have changed, refreshing Files node
2023-05-05 17:17:14.227 [info] PullRequestTree> Review threads have changed, refreshing Commits node
2023-05-05 17:22:16.221 [info] PullRequestTree> Local files have changed, refreshing Files node
2023-05-05 17:22:16.487 [info] PullRequestTree> Comments have changed, refreshing Files node
2023-05-05 17:22:16.488 [info] PullRequestTree> Comments have changed, refreshing Commits node
2023-05-05 17:22:16.488 [info] PullRequestTree> Review threads have changed, refreshing Files node
2023-05-05 17:22:16.488 [info] PullRequestTree> Review threads have changed, refreshing Commits node
2023-05-05 17:24:59.997 [info] Review> Validate state in progress
2023-05-05 17:24:59.998 [info] Review> Validating state...
2023-05-05 17:25:00.156 [info] Found GitHub remote for folder /mnt/disk1/sework/raed_maklai/volatile_configs
2023-05-05 17:25:00.423 [info] Trying to use globalState for mentionable users.
2023-05-05 17:25:01.144 [info] Review> current branch master is associated with pull request #107791
2023-05-05 17:25:01.144 [info] Review> Resolving pull request
2023-05-05 17:25:01.600 [info] Review> no matching pull request metadata found for current branch master
2023-05-05 17:25:01.626 [info] Using globalState mentionable users for 1.
2023-05-05 17:25:05.726 [info] Review> Validate state in progress
2023-05-05 17:25:05.726 [info] Review> Validating state...
2023-05-05 17:25:05.931 [info] Found GitHub remote for folder /mnt/disk1/sework/raed_maklai/volatile_configs
2023-05-05 17:25:06.220 [info] Trying to use globalState for mentionable users.
2023-05-05 17:25:06.877 [info] Review> current branch master is associated with pull request #107791
2023-05-05 17:25:06.877 [info] Review> Resolving pull request
2023-05-05 17:25:07.249 [info] Review> no matching pull request metadata found for current branch master
2023-05-05 17:25:07.281 [info] Using globalState mentionable users for 1.
2023-05-05 17:25:08.193 [info] Review> Fetching pull request data
2023-05-05 17:25:08.193 [info] PullRequestTree> Adding PR #107791 to tree
2023-05-05 17:25:08.711 [info] PullRequestTree> Local files have changed, refreshing Files node
2023-05-05 17:25:08.916 [info] Review> Register comments provider
2023-05-05 17:25:08.926 [info] Review> Display pull request status bar indicator and refresh pull request tree view.
2023-05-05 17:25:08.926 [info] Review> Using focus mode = true.
2023-05-05 17:25:08.926 [info] Review> State validation silent = true.
2023-05-05 17:25:08.926 [info] Review> PR show should show = false.
2023-05-05 17:27:18.524 [info] PullRequestTree> Local files have changed, refreshing Files node
2023-05-05 17:32:20.785 [info] PullRequestTree> Local files have changed, refreshing Files node
2023-05-05 17:37:24.872 [info] PullRequestTree> Local files have changed, refreshing Files node
2023-05-05 17:38:57.036 [info] Review> Validate state in progress
2023-05-05 17:38:57.037 [info] Review> Validating state...
2023-05-05 17:38:57.274 [info] Found GitHub remote for folder /mnt/disk1/sework/raed_maklai/volatile_configs
2023-05-05 17:38:57.531 [info] Trying to use globalState for mentionable users.
2023-05-05 17:38:58.328 [info] Review> current branch master is associated with pull request #107791
2023-05-05 17:38:58.328 [info] Review> Resolving pull request
2023-05-05 17:38:58.718 [info] Using globalState mentionable users for 1.
2023-05-05 17:38:58.741 [info] Review> no matching pull request metadata found for current branch master
2023-05-05 17:39:12.723 [info] Review> Validate state in progress
2023-05-05 17:39:12.725 [info] Review> Validating state...
2023-05-05 17:39:12.886 [info] Found GitHub remote for folder /mnt/disk1/sework/raed_maklai/volatile_configs
2023-05-05 17:39:13.134 [info] Trying to use globalState for mentionable users.
2023-05-05 17:39:13.807 [info] Review> current branch master is associated with pull request #107791
2023-05-05 17:39:13.807 [info] Review> Resolving pull request
2023-05-05 17:39:14.169 [info] Review> no matching pull request metadata found for current branch master
2023-05-05 17:39:14.387 [info] Using globalState mentionable users for 1.
2023-05-05 17:39:14.982 [info] Review> Fetching pull request data
2023-05-05 17:39:14.982 [info] PullRequestTree> Adding PR #107791 to tree
2023-05-05 17:39:15.447 [info] Review> Register comments provider
2023-05-05 17:39:15.456 [info] Review> Display pull request status bar indicator and refresh pull request tree view.
2023-05-05 17:39:15.456 [info] Review> Using focus mode = true.
2023-05-05 17:39:15.456 [info] Review> State validation silent = true.
2023-05-05 17:39:15.456 [info] Review> PR show should show = false.
2023-05-05 17:39:15.541 [info] PullRequestTree> Local files have changed, refreshing Files node
2023-05-05 17:40:30.810 [info] PullRequestTree> Creating file and commit nodes for PR #107791
2023-05-05 17:40:30.952 [info] PullRequestTree> Getting children for Files node
2023-05-05 17:40:30.952 [info] PullRequestTree> Got all children for Files node
2023-05-05 17:40:39.973 [info] PullRequestTree> Review threads have changed, refreshing Files node
2023-05-05 17:40:39.973 [info] PullRequestTree> Review threads have changed, refreshing Commits node
2023-05-05 17:40:40.117 [info] PullRequestTree> Getting children for Files node
2023-05-05 17:40:40.117 [info] PullRequestTree> Got all children for Files node
2023-05-05 17:41:00.879 [info] PullRequestTree> Getting children for Files node
2023-05-05 17:41:00.881 [info] PullRequestTree> Got all children for Files node
2023-05-05 17:41:01.936 [info] PullRequestTree> Local files have changed, refreshing Files node
2023-05-05 17:41:01.936 [info] PullRequestTree> Local files have changed, refreshing Files node
2023-05-05 17:41:02.293 [info] PullRequestTree> Comments have changed, refreshing Files node
2023-05-05 17:41:02.293 [info] PullRequestTree> Comments have changed, refreshing Commits node
2023-05-05 17:41:02.293 [info] PullRequestTree> Review threads have changed, refreshing Files node
2023-05-05 17:41:02.293 [info] PullRequestTree> Review threads have changed, refreshing Commits node
2023-05-05 17:41:07.968 [info] PullRequestTree> Getting children for Files node
2023-05-05 17:41:07.972 [info] PullRequestTree> Got all children for Files node
2023-05-05 17:41:09.899 [info] PullRequestTree> Review threads have changed, refreshing Files node
2023-05-05 17:41:09.899 [info] PullRequestTree> Review threads have changed, refreshing Commits node
2023-05-05 17:41:10.043 [info] PullRequestTree> Getting children for Files node
2023-05-05 17:41:10.043 [info] PullRequestTree> Got all children for Files node
2023-05-05 17:41:22.596 [info] Review> Validate state in progress
2023-05-05 17:41:22.600 [info] Review> Validating state...
2023-05-05 17:41:22.902 [info] Found GitHub remote for folder /mnt/disk1/sework/raed_maklai/volatile_configs
2023-05-05 17:41:23.163 [info] Trying to use globalState for mentionable users.
2023-05-05 17:41:23.840 [info] Review> current branch master is associated with pull request #107791
2023-05-05 17:41:23.840 [info] Review> Resolving pull request
2023-05-05 17:41:24.118 [info] Using globalState mentionable users for 1.
2023-05-05 17:41:24.223 [info] Review> no matching pull request metadata found for current branch master
2023-05-05 17:42:09.831 [info] Review> Validate state in progress
2023-05-05 17:42:09.836 [info] Review> Validating state...
2023-05-05 17:42:10.057 [info] Found GitHub remote for folder /mnt/disk1/sework/raed_maklai/volatile_configs
2023-05-05 17:42:10.337 [info] Trying to use globalState for mentionable users.
2023-05-05 17:42:11.001 [info] Review> current branch master is associated with pull request #107791
2023-05-05 17:42:11.001 [info] Review> Resolving pull request
2023-05-05 17:42:11.355 [info] Using globalState mentionable users for 1.
2023-05-05 17:42:11.380 [info] Review> no matching pull request metadata found for current branch master
2023-05-05 17:42:12.149 [info] Review> Fetching pull request data
2023-05-05 17:42:12.149 [info] PullRequestTree> Adding PR #107791 to tree
2023-05-05 17:42:12.620 [info] Review> Register comments provider
2023-05-05 17:42:12.629 [info] Review> Display pull request status bar indicator and refresh pull request tree view.
2023-05-05 17:42:12.629 [info] Review> Using focus mode = true.
2023-05-05 17:42:12.629 [info] Review> State validation silent = true.
2023-05-05 17:42:12.629 [info] Review> PR show should show = false.
2023-05-05 17:42:12.712 [info] PullRequestTree> Local files have changed, refreshing Files node
2023-05-05 17:42:12.712 [info] PullRequestTree> Local files have changed, refreshing Files node
2023-05-05 17:42:27.036 [info] PullRequestTree> Local files have changed, refreshing Files node
2023-05-05 17:42:27.041 [info] PullRequestTree> Local files have changed, refreshing Files node
2023-05-05 17:45:08.440 [info] GitContentFileSystemProvider> Getting change model (file:///mnt/disk1/sework/raed_maklai/volatile_configs) content for commit 677015d02a08a459106b4ef4997799241245c32e and path /mnt/disk1/sework/raed_maklai/volatile_configs/deployments/enerquip2.json
2023-05-05 17:45:15.556 [info] PullRequestTree> Local files have changed, refreshing Files node
2023-05-05 17:45:15.558 [info] PullRequestTree> Local files have changed, refreshing Files node
2023-05-05 17:45:19.372 [info] RateLimit> Unexpectedly low rate limit: 30
2023-05-05 17:45:19.376 [warning] RateLimit> REST Rate limit remaining: 29, /search/issues
2023-05-05 17:45:19.631 [info] RateLimit> Unexpectedly low rate limit: 30
2023-05-05 17:45:19.631 [warning] RateLimit> REST Rate limit remaining: 28, /search/issues
2023-05-05 17:45:22.089 [info] RateLimit> Unexpectedly low rate limit: 30
2023-05-05 17:45:22.089 [warning] RateLimit> REST Rate limit remaining: 27, /search/issues
2023-05-05 17:45:22.296 [info] RateLimit> Unexpectedly low rate limit: 30
2023-05-05 17:45:22.296 [warning] RateLimit> REST Rate limit remaining: 26, /search/issues
2023-05-05 17:45:23.774 [info] RateLimit> Unexpectedly low rate limit: 30
2023-05-05 17:45:23.774 [warning] RateLimit> REST Rate limit remaining: 25, /search/issues
2023-05-05 17:45:23.981 [info] RateLimit> Unexpectedly low rate limit: 30
2023-05-05 17:45:23.981 [warning] RateLimit> REST Rate limit remaining: 24, /search/issues
2023-05-05 17:47:29.145 [info] PullRequestTree> Local files have changed, refreshing Files node
2023-05-05 17:47:29.147 [info] PullRequestTree> Local files have changed, refreshing Files node
2023-05-05 17:51:59.464 [info] PullRequestTree> Local files have changed, refreshing Files node
2023-05-05 17:51:59.465 [info] PullRequestTree> Local files have changed, refreshing Files node
2023-05-05 17:52:07.888 [info] Review> Validate state in progress
2023-05-05 17:52:07.892 [info] Review> Validating state...
2023-05-05 17:52:07.893 [error] FolderRepositoryManager> Error when fetching: From github.com:rtkwlf/volatile_configs
 * branch            master     -> FETCH_HEAD
error: cannot lock ref 'refs/remotes/rtkwlf/master': ref refs/remotes/rtkwlf/master is at 83cfacfb78fca9a12e66d58903fe09b4dc33920e but expected 3fd9596e12ed27105d17c611e84633ddf8002836
 ! 3fd9596...83cfacf master     -> rtkwlf/master  (unable to update local ref)

2023-05-05 17:52:08.041 [info] Found GitHub remote for folder /mnt/disk1/sework/raed_maklai/volatile_configs
2023-05-05 17:52:08.344 [info] Trying to use globalState for mentionable users.
2023-05-05 17:52:09.028 [info] Review> current branch master is associated with pull request #107791
2023-05-05 17:52:09.029 [info] Review> Resolving pull request
2023-05-05 17:52:09.361 [info] Using globalState mentionable users for 1.
2023-05-05 17:52:09.411 [info] Review> no matching pull request metadata found for current branch master
2023-05-05 17:52:09.920 [error] FolderRepositoryManager> Error when fetching: From github.com:rtkwlf/volatile_configs
 * branch            master     -> FETCH_HEAD
error: cannot lock ref 'refs/remotes/rtkwlf/master': ref refs/remotes/rtkwlf/master is at 83cfacfb78fca9a12e66d58903fe09b4dc33920e but expected 3fd9596e12ed27105d17c611e84633ddf8002836
 ! 3fd9596...83cfacf master     -> rtkwlf/master  (unable to update local ref)

