2023-05-17 17:26:59.276 [info] Log level: Info
2023-05-17 17:26:59.276 [info] Validating found git in: "git"
2023-05-17 17:26:59.276 [info] Using git "2.7.4" from "git"
2023-05-17 17:26:59.276 [info] > git rev-parse --show-toplevel [47ms]
2023-05-17 17:26:59.276 [info] > git rev-parse --git-dir --git-common-dir [5ms]
2023-05-17 17:26:59.276 [info] Open repository: /mnt/disk1/sework/raed_maklai/volatile_configs
2023-05-17 17:26:59.276 [info] > git rev-parse --show-toplevel [10ms]
2023-05-17 17:26:59.276 [info] > git rev-parse --show-toplevel [7ms]
2023-05-17 17:26:59.276 [info] > git config --get commit.template [21ms]
2023-05-17 17:26:59.276 [info] > git rev-parse --show-toplevel [7ms]
2023-05-17 17:26:59.276 [info] > git rev-parse --show-toplevel [5ms]
2023-05-17 17:26:59.276 [info] > git rev-parse --show-toplevel [9ms]
2023-05-17 17:26:59.276 [info] > git rev-parse --show-toplevel [27ms]
2023-05-17 17:26:59.276 [info] > git rev-parse --show-toplevel [176ms]
2023-05-17 17:26:59.276 [info] > git rev-parse --show-toplevel [10ms]
2023-05-17 17:26:59.276 [info] > git rev-parse --show-toplevel [7ms]
2023-05-17 17:26:59.276 [info] > git rev-parse --show-toplevel [32ms]
2023-05-17 17:26:59.276 [info] > git rev-parse --show-toplevel [21ms]
2023-05-17 17:26:59.276 [info] > git rev-parse --show-toplevel [41ms]
2023-05-17 17:26:59.276 [info] > git rev-parse --show-toplevel [29ms]
2023-05-17 17:26:59.276 [info] > git for-each-ref --format=%(refname)%00%(upstream:short)%00%(objectname)%00%(upstream:track) refs/heads/master refs/remotes/master [588ms]
2023-05-17 17:26:59.276 [info] > git rev-parse --show-toplevel [154ms]
2023-05-17 17:26:59.276 [info] > git rev-parse --show-toplevel [51ms]
2023-05-17 17:26:59.305 [info] > git status -z -uall [329ms]
2023-05-17 17:26:59.326 [info] > git config --get commit.template [11ms]
2023-05-17 17:26:59.790 [info] > git for-each-ref --format=%(refname)%00%(upstream:short)%00%(objectname)%00%(upstream:track) refs/heads/master refs/remotes/master [469ms]
2023-05-17 17:26:59.933 [info] > git status -z -uall [138ms]
2023-05-17 17:27:00.209 [info] > git config --local branch.master.github-pr-owner-number [95ms]
2023-05-17 17:27:00.231 [info] > git config --get commit.template [16ms]
2023-05-17 17:27:00.653 [info] > git for-each-ref --format=%(refname)%00%(upstream:short)%00%(objectname)%00%(upstream:track) refs/heads/master refs/remotes/master [428ms]
2023-05-17 17:27:00.806 [info] > git status -z -uall [147ms]
2023-05-17 17:27:04.807 [info] > git show --textconv 677015d02a08a459106b4ef4997799241245c32e:deployments/enerquip2.json [60ms]
2023-05-17 17:27:05.465 [info] > git rev-parse --show-toplevel [9ms]
2023-05-17 17:27:11.428 [info] > git fetch rtkwlf master [7198ms]
2023-05-17 17:27:11.428 [info] From github.com:rtkwlf/volatile_configs
 * branch            master     -> FETCH_HEAD
2023-05-17 17:27:11.447 [info] > git config --get commit.template [11ms]
2023-05-17 17:27:11.894 [info] > git for-each-ref --format=%(refname)%00%(upstream:short)%00%(objectname)%00%(upstream:track) refs/heads/master refs/remotes/master [452ms]
2023-05-17 17:27:11.962 [info] > git rev-parse --show-toplevel [10ms]
2023-05-17 17:27:12.027 [info] > git status -z -uall [125ms]
2023-05-17 17:27:12.768 [info] > git rev-parse --show-toplevel [9ms]
2023-05-17 17:27:13.180 [info] > git config --get commit.template [12ms]
2023-05-17 17:27:13.619 [info] > git for-each-ref --format=%(refname)%00%(upstream:short)%00%(objectname)%00%(upstream:track) refs/heads/master refs/remotes/master [446ms]
2023-05-17 17:27:13.743 [info] > git status -z -uall [117ms]
2023-05-17 17:27:14.477 [info] > git rev-parse --show-toplevel [9ms]
2023-05-17 17:27:22.507 [info] > git rev-parse --show-toplevel [10ms]
2023-05-17 17:27:23.009 [info] > git config --get commit.template [10ms]
2023-05-17 17:27:23.432 [info] > git for-each-ref --format=%(refname)%00%(upstream:short)%00%(objectname)%00%(upstream:track) refs/heads/master refs/remotes/master [429ms]
2023-05-17 17:27:23.579 [info] > git status -z -uall [141ms]
2023-05-17 17:27:23.669 [info] > git rev-parse --show-toplevel [12ms]
2023-05-17 17:27:24.110 [info] > git config --local branch.master.github-pr-owner-number [82ms]
2023-05-17 17:27:24.130 [info] > git config --get commit.template [14ms]
2023-05-17 17:27:24.291 [info] > git rev-parse --show-toplevel [12ms]
2023-05-17 17:27:24.555 [info] > git for-each-ref --format=%(refname)%00%(upstream:short)%00%(objectname)%00%(upstream:track) refs/heads/master refs/remotes/master [433ms]
2023-05-17 17:27:24.690 [info] > git status -z -uall [128ms]
2023-05-17 17:27:25.519 [info] > git rev-parse --show-toplevel [14ms]
2023-05-17 17:27:26.638 [info] > git config --local -l [73ms]
2023-05-17 17:27:26.660 [info] > git config --get commit.template [15ms]
2023-05-17 17:27:26.780 [info] > git show --textconv 677015d02a08a459106b4ef4997799241245c32e:deployments/enerquip2.json [57ms]
2023-05-17 17:27:27.108 [info] > git for-each-ref --format=%(refname)%00%(upstream:short)%00%(objectname)%00%(upstream:track) refs/heads/master refs/remotes/master [458ms]
2023-05-17 17:27:27.243 [info] > git status -z -uall [126ms]
2023-05-17 17:27:28.084 [info] > git rev-parse --show-toplevel [17ms]
2023-05-17 17:27:28.619 [info] > git config --get commit.template [22ms]
2023-05-17 17:27:29.036 [info] > git for-each-ref --format=%(refname)%00%(upstream:short)%00%(objectname)%00%(upstream:track) refs/heads/master refs/remotes/master [434ms]
2023-05-17 17:27:29.168 [info] > git status -z -uall [126ms]
2023-05-17 17:27:29.889 [info] > git rev-parse --show-toplevel [11ms]
2023-05-17 17:27:32.346 [info] > git rev-parse --show-toplevel [11ms]
2023-05-17 17:27:49.583 [info] > git rev-parse --show-toplevel [58ms]
2023-05-17 17:31:59.479 [info] > git config --local branch.master.github-pr-owner-number [10ms]
2023-05-17 17:31:59.499 [info] > git config --get commit.template [11ms]
2023-05-17 17:31:59.917 [info] > git for-each-ref --format=%(refname)%00%(upstream:short)%00%(objectname)%00%(upstream:track) refs/heads/master refs/remotes/master [424ms]
2023-05-17 17:32:00.047 [info] > git status -z -uall [123ms]
2023-05-17 17:32:00.752 [info] > git rev-parse --show-toplevel [9ms]
2023-05-17 17:32:01.011 [info] > git show --textconv 677015d02a08a459106b4ef4997799241245c32e:deployments/enerquip2.json [56ms]
2023-05-17 17:37:01.687 [info] > git config --local branch.master.github-pr-owner-number [3ms]
2023-05-17 17:37:01.705 [info] > git config --get commit.template [10ms]
2023-05-17 17:37:02.139 [info] > git for-each-ref --format=%(refname)%00%(upstream:short)%00%(objectname)%00%(upstream:track) refs/heads/master refs/remotes/master [439ms]
2023-05-17 17:37:02.273 [info] > git status -z -uall [128ms]
2023-05-17 17:37:02.986 [info] > git rev-parse --show-toplevel [9ms]
2023-05-17 17:37:03.304 [info] > git show --textconv 677015d02a08a459106b4ef4997799241245c32e:deployments/enerquip2.json [55ms]
2023-05-17 17:42:05.278 [info] > git config --local branch.master.github-pr-owner-number [4ms]
2023-05-17 17:42:05.297 [info] > git config --get commit.template [11ms]
2023-05-17 17:42:05.728 [info] > git for-each-ref --format=%(refname)%00%(upstream:short)%00%(objectname)%00%(upstream:track) refs/heads/master refs/remotes/master [438ms]
2023-05-17 17:42:05.855 [info] > git status -z -uall [121ms]
2023-05-17 17:42:06.568 [info] > git rev-parse --show-toplevel [9ms]
2023-05-17 17:42:06.857 [info] > git show --textconv 677015d02a08a459106b4ef4997799241245c32e:deployments/enerquip2.json [55ms]
2023-05-17 17:47:07.490 [info] > git config --local branch.master.github-pr-owner-number [5ms]
2023-05-17 17:47:07.507 [info] > git config --get commit.template [10ms]
2023-05-17 17:47:07.936 [info] > git for-each-ref --format=%(refname)%00%(upstream:short)%00%(objectname)%00%(upstream:track) refs/heads/master refs/remotes/master [434ms]
2023-05-17 17:47:08.062 [info] > git status -z -uall [119ms]
2023-05-17 17:47:09.170 [info] > git show --textconv 677015d02a08a459106b4ef4997799241245c32e:deployments/enerquip2.json [55ms]
2023-05-17 17:47:27.777 [info] > git rev-parse --show-toplevel [10ms]
2023-05-17 17:52:27.279 [info] > git config --local branch.master.github-pr-owner-number [5ms]
2023-05-17 17:52:27.299 [info] > git config --get commit.template [13ms]
2023-05-17 17:52:27.723 [info] > git for-each-ref --format=%(refname)%00%(upstream:short)%00%(objectname)%00%(upstream:track) refs/heads/master refs/remotes/master [433ms]
2023-05-17 17:52:27.848 [info] > git status -z -uall [118ms]
2023-05-17 17:52:28.565 [info] > git rev-parse --show-toplevel [10ms]
2023-05-17 17:52:28.818 [info] > git show --textconv 677015d02a08a459106b4ef4997799241245c32e:deployments/enerquip2.json [54ms]
2023-05-17 17:57:29.447 [info] > git config --local branch.master.github-pr-owner-number [5ms]
2023-05-17 17:57:29.465 [info] > git config --get commit.template [10ms]
2023-05-17 17:57:29.898 [info] > git for-each-ref --format=%(refname)%00%(upstream:short)%00%(objectname)%00%(upstream:track) refs/heads/master refs/remotes/master [438ms]
2023-05-17 17:57:30.030 [info] > git status -z -uall [126ms]
2023-05-17 17:57:30.993 [info] > git show --textconv 677015d02a08a459106b4ef4997799241245c32e:deployments/enerquip2.json [57ms]
2023-05-17 17:58:27.858 [info] > git rev-parse --show-toplevel [3ms]
2023-05-17 18:03:27.361 [info] > git config --local branch.master.github-pr-owner-number [3ms]
2023-05-17 18:03:27.380 [info] > git config --get commit.template [11ms]
2023-05-17 18:03:27.819 [info] > git for-each-ref --format=%(refname)%00%(upstream:short)%00%(objectname)%00%(upstream:track) refs/heads/master refs/remotes/master [445ms]
2023-05-17 18:03:27.946 [info] > git status -z -uall [120ms]
2023-05-17 18:03:28.920 [info] > git show --textconv 677015d02a08a459106b4ef4997799241245c32e:deployments/enerquip2.json [72ms]
2023-05-17 18:04:27.818 [info] > git rev-parse --show-toplevel [3ms]
2023-05-17 18:09:27.319 [info] > git config --local branch.master.github-pr-owner-number [4ms]
2023-05-17 18:09:27.337 [info] > git config --get commit.template [9ms]
2023-05-17 18:09:27.771 [info] > git for-each-ref --format=%(refname)%00%(upstream:short)%00%(objectname)%00%(upstream:track) refs/heads/master refs/remotes/master [440ms]
2023-05-17 18:09:27.902 [info] > git status -z -uall [124ms]
2023-05-17 18:09:28.838 [info] > git show --textconv 677015d02a08a459106b4ef4997799241245c32e:deployments/enerquip2.json [56ms]
2023-05-17 18:10:27.779 [info] > git rev-parse --show-toplevel [3ms]
2023-05-17 18:15:27.279 [info] > git config --local branch.master.github-pr-owner-number [3ms]
2023-05-17 18:15:27.296 [info] > git config --get commit.template [10ms]
2023-05-17 18:15:27.729 [info] > git for-each-ref --format=%(refname)%00%(upstream:short)%00%(objectname)%00%(upstream:track) refs/heads/master refs/remotes/master [438ms]
2023-05-17 18:15:27.867 [info] > git status -z -uall [132ms]
2023-05-17 18:15:28.878 [info] > git show --textconv 677015d02a08a459106b4ef4997799241245c32e:deployments/enerquip2.json [58ms]
2023-05-17 18:16:27.786 [info] > git rev-parse --show-toplevel [3ms]
2023-05-17 18:21:27.293 [info] > git config --local branch.master.github-pr-owner-number [7ms]
2023-05-17 18:21:27.318 [info] > git config --get commit.template [16ms]
2023-05-17 18:21:53.628 [info] > git for-each-ref --format=%(refname)%00%(upstream:short)%00%(objectname)%00%(upstream:track) refs/heads/master refs/remotes/master [26310ms]
2023-05-17 18:21:54.120 [info] > git status -z -uall [485ms]
2023-05-17 18:21:55.097 [info] > git show --textconv 677015d02a08a459106b4ef4997799241245c32e:deployments/enerquip2.json [70ms]
2023-05-17 18:22:27.806 [info] > git rev-parse --show-toplevel [5ms]
2023-05-17 18:27:27.307 [info] > git config --local branch.master.github-pr-owner-number [3ms]
2023-05-17 18:27:27.338 [info] > git config --get commit.template [21ms]
2023-05-17 18:27:51.961 [info] > git for-each-ref --format=%(refname)%00%(upstream:short)%00%(objectname)%00%(upstream:track) refs/heads/master refs/remotes/master [24635ms]
2023-05-17 18:27:52.135 [info] > git status -z -uall [166ms]
2023-05-17 18:27:52.847 [info] > git rev-parse --show-toplevel [10ms]
2023-05-17 18:27:53.096 [info] > git show --textconv 677015d02a08a459106b4ef4997799241245c32e:deployments/enerquip2.json [68ms]
2023-05-17 18:32:55.829 [info] > git config --local branch.master.github-pr-owner-number [3ms]
2023-05-17 18:32:55.848 [info] > git config --get commit.template [10ms]
2023-05-17 18:32:56.282 [info] > git for-each-ref --format=%(refname)%00%(upstream:short)%00%(objectname)%00%(upstream:track) refs/heads/master refs/remotes/master [439ms]
2023-05-17 18:32:56.414 [info] > git status -z -uall [125ms]
2023-05-17 18:32:57.355 [info] > git show --textconv 677015d02a08a459106b4ef4997799241245c32e:deployments/enerquip2.json [55ms]
2023-05-17 18:33:27.683 [info] > git rev-parse --show-toplevel [10ms]
2023-05-17 18:38:27.179 [info] > git config --local branch.master.github-pr-owner-number [4ms]
2023-05-17 18:38:27.199 [info] > git config --get commit.template [12ms]
2023-05-17 18:38:27.628 [info] > git for-each-ref --format=%(refname)%00%(upstream:short)%00%(objectname)%00%(upstream:track) refs/heads/master refs/remotes/master [437ms]
2023-05-17 18:38:27.754 [info] > git status -z -uall [119ms]
2023-05-17 18:38:28.465 [info] > git rev-parse --show-toplevel [8ms]
2023-05-17 18:38:28.741 [info] > git show --textconv 677015d02a08a459106b4ef4997799241245c32e:deployments/enerquip2.json [56ms]
2023-05-17 18:43:29.336 [info] > git config --local branch.master.github-pr-owner-number [4ms]
2023-05-17 18:43:29.354 [info] > git config --get commit.template [10ms]
2023-05-17 18:43:29.817 [info] > git for-each-ref --format=%(refname)%00%(upstream:short)%00%(objectname)%00%(upstream:track) refs/heads/master refs/remotes/master [469ms]
2023-05-17 18:43:29.947 [info] > git status -z -uall [121ms]
2023-05-17 18:43:30.668 [info] > git rev-parse --show-toplevel [19ms]
2023-05-17 18:43:30.927 [info] > git show --textconv 677015d02a08a459106b4ef4997799241245c32e:deployments/enerquip2.json [55ms]
2023-05-17 18:48:31.503 [info] > git config --local branch.master.github-pr-owner-number [7ms]
2023-05-17 18:48:31.521 [info] > git config --get commit.template [10ms]
2023-05-17 18:48:54.993 [info] > git for-each-ref --format=%(refname)%00%(upstream:short)%00%(objectname)%00%(upstream:track) refs/heads/master refs/remotes/master [23476ms]
2023-05-17 18:48:55.557 [info] > git status -z -uall [557ms]
2023-05-17 18:48:56.274 [info] > git rev-parse --show-toplevel [11ms]
2023-05-17 18:48:56.544 [info] > git show --textconv 677015d02a08a459106b4ef4997799241245c32e:deployments/enerquip2.json [86ms]
2023-05-17 18:53:57.125 [info] > git config --local branch.master.github-pr-owner-number [4ms]
2023-05-17 18:53:57.144 [info] > git config --get commit.template [10ms]
2023-05-17 18:53:57.586 [info] > git for-each-ref --format=%(refname)%00%(upstream:short)%00%(objectname)%00%(upstream:track) refs/heads/master refs/remotes/master [447ms]
2023-05-17 18:53:57.721 [info] > git status -z -uall [127ms]
2023-05-17 18:53:58.433 [info] > git rev-parse --show-toplevel [9ms]
2023-05-17 18:53:58.719 [info] > git show --textconv 677015d02a08a459106b4ef4997799241245c32e:deployments/enerquip2.json [58ms]
2023-05-17 18:58:59.364 [info] > git config --local branch.master.github-pr-owner-number [4ms]
2023-05-17 18:58:59.383 [info] > git config --get commit.template [11ms]
2023-05-17 18:58:59.821 [info] > git for-each-ref --format=%(refname)%00%(upstream:short)%00%(objectname)%00%(upstream:track) refs/heads/master refs/remotes/master [443ms]
2023-05-17 18:58:59.943 [info] > git status -z -uall [115ms]
2023-05-17 18:59:00.657 [info] > git rev-parse --show-toplevel [9ms]
2023-05-17 18:59:00.878 [info] > git show --textconv 677015d02a08a459106b4ef4997799241245c32e:deployments/enerquip2.json [55ms]
2023-05-17 19:04:01.634 [info] > git config --local branch.master.github-pr-owner-number [5ms]
2023-05-17 19:04:01.652 [info] > git config --get commit.template [11ms]
2023-05-17 19:04:02.092 [info] > git for-each-ref --format=%(refname)%00%(upstream:short)%00%(objectname)%00%(upstream:track) refs/heads/master refs/remotes/master [446ms]
2023-05-17 19:04:02.228 [info] > git status -z -uall [128ms]
2023-05-17 19:04:02.941 [info] > git rev-parse --show-toplevel [11ms]
2023-05-17 19:04:03.359 [info] > git show --textconv 677015d02a08a459106b4ef4997799241245c32e:deployments/enerquip2.json [62ms]
2023-05-17 19:09:05.753 [info] > git config --local branch.master.github-pr-owner-number [5ms]
2023-05-17 19:09:05.772 [info] > git config --get commit.template [11ms]
2023-05-17 19:09:06.201 [info] > git for-each-ref --format=%(refname)%00%(upstream:short)%00%(objectname)%00%(upstream:track) refs/heads/master refs/remotes/master [435ms]
2023-05-17 19:09:06.324 [info] > git status -z -uall [116ms]
2023-05-17 19:09:07.039 [info] > git rev-parse --show-toplevel [13ms]
2023-05-17 19:09:07.376 [info] > git show --textconv 677015d02a08a459106b4ef4997799241245c32e:deployments/enerquip2.json [73ms]
2023-05-17 19:14:08.035 [info] > git config --local branch.master.github-pr-owner-number [5ms]
2023-05-17 19:14:08.055 [info] > git config --get commit.template [12ms]
2023-05-17 19:14:08.493 [info] > git for-each-ref --format=%(refname)%00%(upstream:short)%00%(objectname)%00%(upstream:track) refs/heads/master refs/remotes/master [445ms]
2023-05-17 19:14:08.631 [info] > git status -z -uall [129ms]
2023-05-17 19:14:09.604 [info] > git show --textconv 677015d02a08a459106b4ef4997799241245c32e:deployments/enerquip2.json [55ms]
2023-05-17 19:14:27.666 [info] > git rev-parse --show-toplevel [12ms]
2023-05-17 19:19:27.163 [info] > git config --local branch.master.github-pr-owner-number [4ms]
2023-05-17 19:19:27.186 [info] > git config --get commit.template [16ms]
2023-05-17 19:19:27.611 [info] > git for-each-ref --format=%(refname)%00%(upstream:short)%00%(objectname)%00%(upstream:track) refs/heads/master refs/remotes/master [436ms]
2023-05-17 19:19:27.752 [info] > git status -z -uall [134ms]
2023-05-17 19:19:28.717 [info] > git show --textconv 677015d02a08a459106b4ef4997799241245c32e:deployments/enerquip2.json [54ms]
2023-05-17 19:20:27.678 [info] > git rev-parse --show-toplevel [3ms]
2023-05-17 19:25:27.197 [info] > git config --local branch.master.github-pr-owner-number [11ms]
2023-05-17 19:25:27.221 [info] > git config --get commit.template [14ms]
2023-05-17 19:25:27.647 [info] > git for-each-ref --format=%(refname)%00%(upstream:short)%00%(objectname)%00%(upstream:track) refs/heads/master refs/remotes/master [434ms]
2023-05-17 19:25:27.775 [info] > git status -z -uall [119ms]
2023-05-17 19:25:28.856 [info] > git show --textconv 677015d02a08a459106b4ef4997799241245c32e:deployments/enerquip2.json [199ms]
2023-05-17 19:26:27.749 [info] > git rev-parse --show-toplevel [6ms]
2023-05-17 19:31:27.257 [info] > git config --local branch.master.github-pr-owner-number [6ms]
2023-05-17 19:31:27.278 [info] > git config --get commit.template [13ms]
2023-05-17 19:31:27.715 [info] > git for-each-ref --format=%(refname)%00%(upstream:short)%00%(objectname)%00%(upstream:track) refs/heads/master refs/remotes/master [444ms]
2023-05-17 19:31:27.839 [info] > git status -z -uall [117ms]
2023-05-17 19:31:28.792 [info] > git show --textconv 677015d02a08a459106b4ef4997799241245c32e:deployments/enerquip2.json [57ms]
2023-05-17 19:32:27.795 [info] > git rev-parse --show-toplevel [5ms]
2023-05-17 19:37:27.300 [info] > git config --local branch.master.github-pr-owner-number [6ms]
2023-05-17 19:37:27.321 [info] > git config --get commit.template [13ms]
2023-05-17 19:37:27.757 [info] > git for-each-ref --format=%(refname)%00%(upstream:short)%00%(objectname)%00%(upstream:track) refs/heads/master refs/remotes/master [443ms]
2023-05-17 19:37:27.888 [info] > git status -z -uall [122ms]
2023-05-17 19:37:28.809 [info] > git show --textconv 677015d02a08a459106b4ef4997799241245c32e:deployments/enerquip2.json [67ms]
2023-05-17 19:38:27.888 [info] > git rev-parse --show-toplevel [6ms]
2023-05-17 19:43:27.415 [info] > git config --local branch.master.github-pr-owner-number [14ms]
2023-05-17 19:43:27.458 [info] > git config --get commit.template [14ms]
2023-05-17 19:43:28.074 [info] > git for-each-ref --format=%(refname)%00%(upstream:short)%00%(objectname)%00%(upstream:track) refs/heads/master refs/remotes/master [622ms]
2023-05-17 19:43:28.244 [info] > git status -z -uall [161ms]
2023-05-17 19:43:29.287 [info] > git show --textconv 677015d02a08a459106b4ef4997799241245c32e:deployments/enerquip2.json [58ms]
2023-05-17 19:44:27.851 [info] > git rev-parse --show-toplevel [5ms]
2023-05-17 19:49:27.352 [info] > git config --local branch.master.github-pr-owner-number [6ms]
2023-05-17 19:49:27.373 [info] > git config --get commit.template [13ms]
2023-05-17 19:49:27.814 [info] > git for-each-ref --format=%(refname)%00%(upstream:short)%00%(objectname)%00%(upstream:track) refs/heads/master refs/remotes/master [449ms]
2023-05-17 19:49:27.946 [info] > git status -z -uall [125ms]
2023-05-17 19:49:28.888 [info] > git show --textconv 677015d02a08a459106b4ef4997799241245c32e:deployments/enerquip2.json [57ms]
2023-05-17 19:50:27.912 [info] > git rev-parse --show-toplevel [5ms]
2023-05-17 19:55:27.416 [info] > git config --local branch.master.github-pr-owner-number [5ms]
2023-05-17 19:55:27.437 [info] > git config --get commit.template [14ms]
2023-05-17 19:55:27.881 [info] > git for-each-ref --format=%(refname)%00%(upstream:short)%00%(objectname)%00%(upstream:track) refs/heads/master refs/remotes/master [453ms]
2023-05-17 19:55:28.012 [info] > git status -z -uall [124ms]
2023-05-17 19:55:28.938 [info] > git show --textconv 677015d02a08a459106b4ef4997799241245c32e:deployments/enerquip2.json [55ms]
2023-05-17 19:56:27.962 [info] > git rev-parse --show-toplevel [4ms]
