2023-05-05 17:53:04.872 [info] Looking for git repository
2023-05-05 17:53:04.872 [info] Found 0 repositories during activation
2023-05-05 17:53:04.872 [info] Git repository found, initializing review manager and pr tree view.
2023-05-05 17:53:04.872 [info] Registering git provider
2023-05-05 17:53:04.872 [info] Review> Validate state in progress
2023-05-05 17:53:04.872 [info] Review> Validating state...
2023-05-05 17:53:04.872 [info] Found GitHub remote for folder /mnt/disk1/sework/raed_maklai/volatile_configs
2023-05-05 17:53:05.941 [info] Repo state for file:///mnt/disk1/sework/raed_maklai/volatile_configs changed.
2023-05-05 17:53:05.941 [info] Repo file:///mnt/disk1/sework/raed_maklai/volatile_configs has already been setup.
2023-05-05 17:53:05.942 [info] Review> current branch master is associated with pull request #107791
2023-05-05 17:53:05.942 [info] Review> Resolving pull request
2023-05-05 17:53:06.366 [info] Review> no matching pull request metadata found for current branch master
2023-05-05 17:53:07.392 [info] Review> Fetching pull request data
2023-05-05 17:53:07.393 [info] PullRequestTree> Adding PR #107791 to tree
2023-05-05 17:53:07.949 [info] Review> Register comments provider
2023-05-05 17:53:07.950 [info] Review> Display pull request status bar indicator and refresh pull request tree view.
2023-05-05 17:53:07.950 [info] Review> Using focus mode = true.
2023-05-05 17:53:07.950 [info] Review> State validation silent = true.
2023-05-05 17:53:07.950 [info] Review> PR show should show = false.
2023-05-05 17:53:25.907 [info] RateLimit> Unexpectedly low rate limit: 30
2023-05-05 17:53:25.910 [warning] RateLimit> REST Rate limit remaining: 29, /search/issues
2023-05-05 17:53:26.049 [info] RateLimit> Unexpectedly low rate limit: 30
2023-05-05 17:53:26.049 [warning] RateLimit> REST Rate limit remaining: 28, /search/issues
2023-05-05 17:53:26.231 [info] RateLimit> Unexpectedly low rate limit: 30
2023-05-05 17:53:26.231 [warning] RateLimit> REST Rate limit remaining: 27, /search/issues
2023-05-05 17:53:26.273 [info] RateLimit> Unexpectedly low rate limit: 30
2023-05-05 17:53:26.273 [warning] RateLimit> REST Rate limit remaining: 26, /search/issues
2023-05-05 17:53:45.404 [info] RateLimit> Unexpectedly low rate limit: 30
2023-05-05 17:53:45.407 [warning] RateLimit> REST Rate limit remaining: 25, /search/issues
2023-05-05 17:53:45.421 [info] RateLimit> Unexpectedly low rate limit: 30
2023-05-05 17:53:45.421 [warning] RateLimit> REST Rate limit remaining: 24, /search/issues
2023-05-05 17:53:45.643 [info] RateLimit> Unexpectedly low rate limit: 30
2023-05-05 17:53:45.643 [warning] RateLimit> REST Rate limit remaining: 23, /search/issues
2023-05-05 17:53:45.645 [info] RateLimit> Unexpectedly low rate limit: 30
2023-05-05 17:53:45.645 [warning] RateLimit> REST Rate limit remaining: 22, /search/issues
2023-05-05 17:57:53.452 [info] Review> Validate state in progress
2023-05-05 17:57:53.456 [info] Review> Validating state...
2023-05-05 17:57:53.808 [info] Found GitHub remote for folder /mnt/disk1/sework/raed_maklai/volatile_configs
2023-05-05 17:57:54.115 [info] Trying to use globalState for mentionable users.
2023-05-05 17:57:54.791 [info] Review> current branch master is associated with pull request #107791
2023-05-05 17:57:54.791 [info] Review> Resolving pull request
2023-05-05 17:57:55.123 [info] Using globalState mentionable users for 1.
2023-05-05 17:57:55.149 [info] Review> no matching pull request metadata found for current branch master
2023-05-05 17:58:18.707 [info] RateLimit> Unexpectedly low rate limit: 30
2023-05-05 17:58:18.707 [warning] RateLimit> REST Rate limit remaining: 29, /search/issues
2023-05-05 17:58:18.720 [info] RateLimit> Unexpectedly low rate limit: 30
2023-05-05 17:58:18.720 [warning] RateLimit> REST Rate limit remaining: 28, /search/issues
2023-05-05 17:58:18.942 [info] RateLimit> Unexpectedly low rate limit: 30
2023-05-05 17:58:18.942 [warning] RateLimit> REST Rate limit remaining: 26, /search/issues
2023-05-05 17:58:18.945 [info] RateLimit> Unexpectedly low rate limit: 30
2023-05-05 17:58:18.945 [warning] RateLimit> REST Rate limit remaining: 27, /search/issues
2023-05-05 17:58:52.401 [info] Review> Validate state in progress
2023-05-05 17:58:52.401 [info] Review> Validating state...
2023-05-05 17:58:52.560 [info] Found GitHub remote for folder /mnt/disk1/sework/raed_maklai/volatile_configs
2023-05-05 17:58:52.835 [info] Trying to use globalState for mentionable users.
2023-05-05 17:58:53.525 [info] Review> current branch master is associated with pull request #107791
2023-05-05 17:58:53.525 [info] Review> Resolving pull request
2023-05-05 17:58:53.885 [info] Using globalState mentionable users for 1.
2023-05-05 17:58:53.926 [info] Review> no matching pull request metadata found for current branch master
2023-05-05 17:58:55.517 [info] RateLimit> Unexpectedly low rate limit: 30
2023-05-05 17:58:55.517 [warning] RateLimit> REST Rate limit remaining: 25, /search/issues
2023-05-05 17:58:55.530 [info] RateLimit> Unexpectedly low rate limit: 30
2023-05-05 17:58:55.530 [warning] RateLimit> REST Rate limit remaining: 24, /search/issues
2023-05-05 17:58:55.743 [info] RateLimit> Unexpectedly low rate limit: 30
2023-05-05 17:58:55.743 [warning] RateLimit> REST Rate limit remaining: 23, /search/issues
2023-05-05 17:58:55.754 [info] RateLimit> Unexpectedly low rate limit: 30
2023-05-05 17:58:55.754 [warning] RateLimit> REST Rate limit remaining: 22, /search/issues
2023-05-05 17:59:01.756 [info] GitContentFileSystemProvider> Getting change model (file:///mnt/disk1/sework/raed_maklai/volatile_configs) content for commit 677015d02a08a459106b4ef4997799241245c32e and path /mnt/disk1/sework/raed_maklai/volatile_configs/deployments/enerquip2.json
2023-05-05 17:59:02.141 [info] RateLimit> Unexpectedly low rate limit: 30
2023-05-05 17:59:02.141 [warning] RateLimit> REST Rate limit remaining: 21, /search/issues
2023-05-05 17:59:02.628 [info] RateLimit> Unexpectedly low rate limit: 30
2023-05-05 17:59:02.628 [warning] RateLimit> REST Rate limit remaining: 20, /search/issues
2023-05-05 18:11:33.520 [info] Review> Validate state in progress
2023-05-05 18:11:33.522 [info] Review> Validating state...
2023-05-05 18:11:33.715 [info] Found GitHub remote for folder /mnt/disk1/sework/raed_maklai/volatile_configs
2023-05-05 18:11:33.989 [info] Trying to use globalState for mentionable users.
2023-05-05 18:11:34.691 [info] Review> current branch master is associated with pull request #107791
2023-05-05 18:11:34.691 [info] Review> Resolving pull request
2023-05-05 18:11:35.082 [info] Using globalState mentionable users for 1.
2023-05-05 18:11:35.110 [info] Review> no matching pull request metadata found for current branch master
2023-05-05 18:11:39.368 [info] Review> Validate state in progress
2023-05-05 18:11:39.370 [info] Review> Validating state...
2023-05-05 18:11:39.613 [info] Found GitHub remote for folder /mnt/disk1/sework/raed_maklai/volatile_configs
2023-05-05 18:11:39.871 [info] Trying to use globalState for mentionable users.
2023-05-05 18:11:40.495 [info] Review> current branch master is associated with pull request #107791
2023-05-05 18:11:40.495 [info] Review> Resolving pull request
2023-05-05 18:11:40.875 [info] Using globalState mentionable users for 1.
2023-05-05 18:11:40.922 [info] Review> no matching pull request metadata found for current branch master
2023-05-05 18:11:41.609 [info] Review> Fetching pull request data
2023-05-05 18:11:41.609 [info] PullRequestTree> Adding PR #107791 to tree
2023-05-05 18:11:42.082 [info] Review> Register comments provider
2023-05-05 18:11:42.092 [info] Review> Display pull request status bar indicator and refresh pull request tree view.
2023-05-05 18:11:42.092 [info] Review> Using focus mode = true.
2023-05-05 18:11:42.092 [info] Review> State validation silent = true.
2023-05-05 18:11:42.092 [info] Review> PR show should show = false.
