2023-05-23 22:35:27.393 [info] Extension host with pid 13167 started
2023-05-23 22:35:30.324 [info] ExtensionService#_doActivateExtension vscode.git-base, startup: true, activationEvent: '*', root cause: vscode.git
2023-05-23 22:35:31.229 [info] ExtensionService#_doActivateExtension vscode.git, startup: true, activationEvent: '*'
2023-05-23 22:35:31.229 [info] ExtensionService#_doActivateExtension vscode.github, startup: true, activationEvent: '*'
2023-05-23 22:35:31.541 [info] Eager extensions activated
2023-05-23 22:35:31.541 [info] ExtensionService#_doActivateExtension vscode.debug-auto-launch, startup: false, activationEvent: 'onStartupFinished'
2023-05-23 22:35:31.541 [info] ExtensionService#_doActivateExtension vscode.merge-conflict, startup: false, activationEvent: 'onStartupFinished'
2023-05-23 22:35:31.985 [info] ExtensionService#_doActivateExtension GitHub.vscode-pull-request-github, startup: false, activationEvent: 'onStartupFinished'
2023-05-23 22:35:32.213 [info] ExtensionService#_doActivateExtension vscode.json-language-features, startup: false, activationEvent: 'onLanguage:jsonc'
2023-05-23 22:35:32.214 [info] ExtensionService#_doActivateExtension vscode.typescript-language-features, startup: false, activationEvent: 'onLanguage:jsonc'
2023-05-23 22:35:32.214 [info] ExtensionService#_doActivateExtension vscode.emmet, startup: false, activationEvent: 'onLanguage'
2023-05-23 22:36:55.302 [info] ExtensionService#_doActivateExtension vscode.npm, startup: false, activationEvent: 'onTerminalQuickFixRequest:ms-vscode.npm-command'
2023-05-23 23:58:01.691 [info] Extension host terminating: received terminate message from renderer
2023-05-23 23:58:01.706 [error] Canceled: Canceled
	at new l (/home/raed_maklai/.vscode-server/bin/b3e4e68a0bc097f0ae7907b217c1119af9e03435/out/vs/workbench/api/node/extensionHostProcess.js:99:104563)
	at a.O (/home/raed_maklai/.vscode-server/bin/b3e4e68a0bc097f0ae7907b217c1119af9e03435/out/vs/workbench/api/node/extensionHostProcess.js:111:11657)
	at Proxy.H.<computed>.x.charCodeAt.H.<computed> (/home/raed_maklai/.vscode-server/bin/b3e4e68a0bc097f0ae7907b217c1119af9e03435/out/vs/workbench/api/node/extensionHostProcess.js:111:8947)
	at e.ExtHostCommands.g (/home/raed_maklai/.vscode-server/bin/b3e4e68a0bc097f0ae7907b217c1119af9e03435/out/vs/workbench/api/node/extensionHostProcess.js:99:124729)
	at e.ExtHostCommands.executeCommand (/home/raed_maklai/.vscode-server/bin/b3e4e68a0bc097f0ae7907b217c1119af9e03435/out/vs/workbench/api/node/extensionHostProcess.js:99:124105)
	at C.registerCommand.description (/home/raed_maklai/.vscode-server/bin/b3e4e68a0bc097f0ae7907b217c1119af9e03435/out/vs/workbench/api/node/extensionHostProcess.js:99:123398)
	at e.ExtHostCommands.h (/home/raed_maklai/.vscode-server/bin/b3e4e68a0bc097f0ae7907b217c1119af9e03435/out/vs/workbench/api/node/extensionHostProcess.js:99:125315)
	at e.ExtHostCommands.g (/home/raed_maklai/.vscode-server/bin/b3e4e68a0bc097f0ae7907b217c1119af9e03435/out/vs/workbench/api/node/extensionHostProcess.js:99:124205)
	at e.ExtHostCommands.executeCommand (/home/raed_maklai/.vscode-server/bin/b3e4e68a0bc097f0ae7907b217c1119af9e03435/out/vs/workbench/api/node/extensionHostProcess.js:99:124105)
	at Object.executeCommand (/home/raed_maklai/.vscode-server/bin/b3e4e68a0bc097f0ae7907b217c1119af9e03435/out/vs/workbench/api/node/extensionHostProcess.js:117:24043)
	at Sg.reset (/home/raed_maklai/.vscode-server/extensions/github.vscode-pull-request-github-0.64.0/dist/extension.js:1826:2501)
	at Sg.dispose (/home/raed_maklai/.vscode-server/extensions/github.vscode-pull-request-github-0.64.0/dist/extension.js:1826:2740)
	at P (/home/raed_maklai/.vscode-server/bin/b3e4e68a0bc097f0ae7907b217c1119af9e03435/out/vs/workbench/api/node/extensionHostProcess.js:10:12080)
	at v.Y (/home/raed_maklai/.vscode-server/bin/b3e4e68a0bc097f0ae7907b217c1119af9e03435/out/vs/workbench/api/node/extensionHostProcess.js:113:11173)
	at /home/raed_maklai/.vscode-server/bin/b3e4e68a0bc097f0ae7907b217c1119af9e03435/out/vs/workbench/api/node/extensionHostProcess.js:113:9157
	at Array.map (<anonymous>)
	at v.R (/home/raed_maklai/.vscode-server/bin/b3e4e68a0bc097f0ae7907b217c1119af9e03435/out/vs/workbench/api/node/extensionHostProcess.js:113:9144)
	at v.terminate (/home/raed_maklai/.vscode-server/bin/b3e4e68a0bc097f0ae7907b217c1119af9e03435/out/vs/workbench/api/node/extensionHostProcess.js:113:9415)
	at d.terminate (/home/raed_maklai/.vscode-server/bin/b3e4e68a0bc097f0ae7907b217c1119af9e03435/out/vs/workbench/api/node/extensionHostProcess.js:117:1544)
	at g (/home/raed_maklai/.vscode-server/bin/b3e4e68a0bc097f0ae7907b217c1119af9e03435/out/vs/workbench/api/node/extensionHostProcess.js:127:34439)
	at /home/raed_maklai/.vscode-server/bin/b3e4e68a0bc097f0ae7907b217c1119af9e03435/out/vs/workbench/api/node/extensionHostProcess.js:127:32349
	at v.invoke (/home/raed_maklai/.vscode-server/bin/b3e4e68a0bc097f0ae7907b217c1119af9e03435/out/vs/workbench/api/node/extensionHostProcess.js:63:145)
	at h.deliver (/home/raed_maklai/.vscode-server/bin/b3e4e68a0bc097f0ae7907b217c1119af9e03435/out/vs/workbench/api/node/extensionHostProcess.js:63:2121)
	at i.fire (/home/raed_maklai/.vscode-server/bin/b3e4e68a0bc097f0ae7907b217c1119af9e03435/out/vs/workbench/api/node/extensionHostProcess.js:63:1729)
	at g.fire (/home/raed_maklai/.vscode-server/bin/b3e4e68a0bc097f0ae7907b217c1119af9e03435/out/vs/workbench/api/node/extensionHostProcess.js:72:14852)
	at u.E (/home/raed_maklai/.vscode-server/bin/b3e4e68a0bc097f0ae7907b217c1119af9e03435/out/vs/workbench/api/node/extensionHostProcess.js:72:18899)
	at /home/raed_maklai/.vscode-server/bin/b3e4e68a0bc097f0ae7907b217c1119af9e03435/out/vs/workbench/api/node/extensionHostProcess.js:72:16887
	at v.invoke (/home/raed_maklai/.vscode-server/bin/b3e4e68a0bc097f0ae7907b217c1119af9e03435/out/vs/workbench/api/node/extensionHostProcess.js:63:145)
	at h.deliver (/home/raed_maklai/.vscode-server/bin/b3e4e68a0bc097f0ae7907b217c1119af9e03435/out/vs/workbench/api/node/extensionHostProcess.js:63:2121)
	at i.fire (/home/raed_maklai/.vscode-server/bin/b3e4e68a0bc097f0ae7907b217c1119af9e03435/out/vs/workbench/api/node/extensionHostProcess.js:63:1729)
	at d.acceptChunk (/home/raed_maklai/.vscode-server/bin/b3e4e68a0bc097f0ae7907b217c1119af9e03435/out/vs/workbench/api/node/extensionHostProcess.js:72:12583)
	at /home/raed_maklai/.vscode-server/bin/b3e4e68a0bc097f0ae7907b217c1119af9e03435/out/vs/workbench/api/node/extensionHostProcess.js:72:11870
	at v.invoke (/home/raed_maklai/.vscode-server/bin/b3e4e68a0bc097f0ae7907b217c1119af9e03435/out/vs/workbench/api/node/extensionHostProcess.js:63:145)
	at h.deliver (/home/raed_maklai/.vscode-server/bin/b3e4e68a0bc097f0ae7907b217c1119af9e03435/out/vs/workbench/api/node/extensionHostProcess.js:63:2121)
	at i.fire (/home/raed_maklai/.vscode-server/bin/b3e4e68a0bc097f0ae7907b217c1119af9e03435/out/vs/workbench/api/node/extensionHostProcess.js:63:1729)
	at y.u (/home/raed_maklai/.vscode-server/bin/b3e4e68a0bc097f0ae7907b217c1119af9e03435/out/vs/workbench/api/node/extensionHostProcess.js:127:20019) setContext undefined
2023-05-23 23:58:01.713 [info] Extension host with pid 13167 exiting with code 0
